<?xml version="1.0" encoding="UTF-8"?>
<testsuite name="Comprar Productos" tests="2" skipped="0" failures="0" errors="0" timestamp="2022-09-26T15:08:48" hostname="PSOFKA01134" time="7.842">
  <properties/>
  <testcase name="Añadir articulos al carrito de compras" classname="Comprar Productos" time="4.021"/>
  <testcase name="Quitar articulos al carrito de compras" classname="Comprar Productos" time="3.821"/>
  <system-out><![CDATA[
Escenario: AÃ±adir articulos al carrito de compras                                  ?[90m# src/test/resources/features/purchase.feature:7?[0m
10:08:48.097 [Test worker] INFO io.cucumber.core.plugin.SerenityReporter - Running feature from file:///C:/Users/juan.gomezv/IdeaProjects/sura/src/test/resources/features/purchase.feature
10:08:48.098 [Test worker] INFO  - 
  _____   ___   ___   _____     ___   _____     _     ___   _____   ___   ___  
 |_   _| | __| / __| |_   _|   / __| |_   _|   /_\   | _ \ |_   _| | __| |   \ 
   | |   | _|  \__ \   | |     \__ \   | |    / _ \  |   /   | |   | _|  | |) |
   |_|   |___| |___/   |_|     |___/   |_|   /_/ \_\ |_|_\   |_|   |___| |___/ 

Añadir articulos al carrito de compras(comprar-productos;añadir-articulos-al-carrito-de-compras)
--------------------------------------------------------------------------------
10:08:48.108 [Test worker] DEBUG net.thucydides.core.steps.StepInterceptor - STARTING STEP: SharedBackgroundSteps.ingresaConUnaCuentaValidaASwaglabs - {0} abre la aplicaciÃ³n
10:08:48.110 [Test worker] DEBUG net.thucydides.core.steps.StepInterceptor - STARTING STEP: NavigateTo.performAs - {0} opens the #targetPageName
10:08:48.148 [Test worker] INFO net.serenitybdd.core.webdriver.driverproviders.ChromeDriverProvider - Starting Chrome driver instance with capabilities:
10:08:48.148 [Test worker] INFO net.serenitybdd.core.webdriver.driverproviders.ChromeDriverProvider - Capabilities {acceptInsecureCerts: false, browserName: chrome, goog:chromeOptions: {args: [], extensions: []}}
10:08:48.222 [AsyncHttpClient-1-10] DEBUG org.asynchttpclient.netty.channel.NettyConnectListener - Using new Channel '[id: 0xe92133be, L:/127.0.0.1:61613 - R:localhost/127.0.0.1:57773]' for 'POST' to '/session'
10:08:48.310 [AsyncHttpClient-1-1] DEBUG org.asynchttpclient.netty.channel.DefaultChannelPool - Entry count for : http://localhost:61590 : 1
10:08:48.310 [AsyncHttpClient-1-1] DEBUG org.asynchttpclient.netty.channel.DefaultChannelPool - Entry count for : http://localhost:53165 : 1
10:08:48.310 [AsyncHttpClient-1-1] DEBUG org.asynchttpclient.netty.channel.DefaultChannelPool - Adding Candidate expired Channel [id: 0x940cf21e, L:/127.0.0.1:61596 ! R:localhost/127.0.0.1:61590] isIdleTimeoutExpired=false isRemotelyClosed=true isTtlExpired=false
10:08:48.310 [AsyncHttpClient-1-1] DEBUG org.asynchttpclient.netty.channel.DefaultChannelPool - Closing Idle Channel [id: 0x940cf21e, L:/127.0.0.1:61596 ! R:localhost/127.0.0.1:61590]
10:08:48.310 [AsyncHttpClient-1-1] DEBUG org.asynchttpclient.netty.channel.DefaultChannelPool - Adding Candidate expired Channel [id: 0x57be3d56, L:/127.0.0.1:61589 ! R:localhost/127.0.0.1:53165] isIdleTimeoutExpired=false isRemotelyClosed=true isTtlExpired=false
10:08:48.310 [AsyncHttpClient-1-1] DEBUG org.asynchttpclient.netty.channel.DefaultChannelPool - Closing Idle Channel [id: 0x57be3d56, L:/127.0.0.1:61589 ! R:localhost/127.0.0.1:53165]
10:08:48.310 [AsyncHttpClient-1-1] DEBUG org.asynchttpclient.netty.channel.DefaultChannelPool - Closed 2 connections out of 2 in 0 ms
10:08:48.811 [AsyncHttpClient-1-10] DEBUG org.asynchttpclient.netty.handler.HttpHandler - 

Request DefaultHttpRequest(decodeResult: success, version: HTTP/1.1)
POST /session HTTP/1.1
User-Agent: selenium/4.4.0 (java windows)
Content-Length: 437
Content-Type: application/json; charset=utf-8
host: localhost:57773
accept: */*

Response DefaultHttpResponse(decodeResult: success, version: HTTP/1.1)
HTTP/1.1 200 OK
Content-Type: application/json; charset=utf-8
cache-control: no-cache
content-length: 795

10:08:48.811 [AsyncHttpClient-1-10] DEBUG org.asynchttpclient.netty.channel.ChannelManager - Adding key: http://localhost:57773 for channel [id: 0xe92133be, L:/127.0.0.1:61613 - R:localhost/127.0.0.1:57773]
10:08:48.815 [AsyncHttpClient-1-11] DEBUG org.asynchttpclient.netty.channel.NettyConnectListener - Using new Channel '[id: 0x3b241a42, L:/127.0.0.1:61620 - R:localhost/127.0.0.1:61614]' for 'GET' to '/json/version'
10:08:48.816 [AsyncHttpClient-1-11] DEBUG org.asynchttpclient.netty.handler.HttpHandler - 

Request DefaultFullHttpRequest(decodeResult: success, version: HTTP/1.1, content: EmptyByteBufBE)
GET /json/version HTTP/1.1
User-Agent: selenium/4.4.0 (java windows)
host: localhost:61614
accept: */*

Response DefaultHttpResponse(decodeResult: success, version: HTTP/1.1)
HTTP/1.1 200 OK
Content-Type: application/json; charset=UTF-8
content-length: 423

10:08:48.816 [AsyncHttpClient-1-11] DEBUG org.asynchttpclient.netty.channel.ChannelManager - Adding key: http://localhost:61614 for channel [id: 0x3b241a42, L:/127.0.0.1:61620 - R:localhost/127.0.0.1:61614]
10:08:48.818 [AsyncHttpClient-1-12] DEBUG org.asynchttpclient.netty.channel.NettyConnectListener - Using new Channel '[id: 0xe26a2063, L:/127.0.0.1:61621 - R:localhost/127.0.0.1:61614]' for 'GET' to '/devtools/browser/a03c0da3-23c3-433e-9b1b-e00d831bd490'
10:08:48.818 [AsyncHttpClient-1-12] DEBUG org.asynchttpclient.netty.handler.WebSocketHandler - 

Request DefaultFullHttpRequest(decodeResult: success, version: HTTP/1.1, content: EmptyByteBufBE)
GET /devtools/browser/a03c0da3-23c3-433e-9b1b-e00d831bd490 HTTP/1.1
upgrade: websocket
connection: upgrade
sec-websocket-key: WT0S8JId5HkVc/YHTqMwMg==
sec-websocket-version: 13
origin: http://localhost:61614
host: localhost:61614
accept: */*
user-agent: AHC/2.1

Response DefaultHttpResponse(decodeResult: success, version: HTTP/1.1)
HTTP/1.1 101 WebSocket Protocol Handshake
Upgrade: WebSocket
Connection: Upgrade
Sec-WebSocket-Accept: daCJ2hAxajmUazoclZ0cVuL3OVw=

10:08:48.822 [Forwarding get on session bc854607942dfbab35e417489e35434d to remote] DEBUG org.asynchttpclient.netty.request.NettyRequestSender - Using pooled Channel '[id: 0xe92133be, L:/127.0.0.1:61613 - R:localhost/127.0.0.1:57773]' for 'POST' to 'http://localhost:57773/session/bc854607942dfbab35e417489e35434d/url'
10:08:48.822 [Forwarding get on session bc854607942dfbab35e417489e35434d to remote] DEBUG org.asynchttpclient.netty.request.NettyRequestSender - Using open Channel [id: 0xe92133be, L:/127.0.0.1:61613 - R:localhost/127.0.0.1:57773] for POST '/session/bc854607942dfbab35e417489e35434d/url'
10:08:49.158 [AsyncHttpClient-1-10] DEBUG org.asynchttpclient.netty.handler.HttpHandler - 

Request DefaultHttpRequest(decodeResult: success, version: HTTP/1.1)
POST /session/bc854607942dfbab35e417489e35434d/url HTTP/1.1
User-Agent: selenium/4.4.0 (java windows)
Content-Length: 40
Content-Type: application/json; charset=utf-8
host: localhost:57773
accept: */*

Response DefaultHttpResponse(decodeResult: success, version: HTTP/1.1)
HTTP/1.1 200 OK
Content-Type: application/json; charset=utf-8
cache-control: no-cache
content-length: 14

10:08:49.159 [AsyncHttpClient-1-10] DEBUG org.asynchttpclient.netty.channel.ChannelManager - Adding key: http://localhost:57773 for channel [id: 0xe92133be, L:/127.0.0.1:61613 - R:localhost/127.0.0.1:57773]
10:08:49.160 [Forwarding setTimeout on session bc854607942dfbab35e417489e35434d to remote] DEBUG org.asynchttpclient.netty.request.NettyRequestSender - Using pooled Channel '[id: 0xe92133be, L:/127.0.0.1:61613 - R:localhost/127.0.0.1:57773]' for 'POST' to 'http://localhost:57773/session/bc854607942dfbab35e417489e35434d/timeouts'
10:08:49.160 [Forwarding setTimeout on session bc854607942dfbab35e417489e35434d to remote] DEBUG org.asynchttpclient.netty.request.NettyRequestSender - Using open Channel [id: 0xe92133be, L:/127.0.0.1:61613 - R:localhost/127.0.0.1:57773] for POST '/session/bc854607942dfbab35e417489e35434d/timeouts'
10:08:49.162 [AsyncHttpClient-1-10] DEBUG org.asynchttpclient.netty.handler.HttpHandler - 

Request DefaultHttpRequest(decodeResult: success, version: HTTP/1.1)
POST /session/bc854607942dfbab35e417489e35434d/timeouts HTTP/1.1
User-Agent: selenium/4.4.0 (java windows)
Content-Length: 22
Content-Type: application/json; charset=utf-8
host: localhost:57773
accept: */*

Response DefaultHttpResponse(decodeResult: success, version: HTTP/1.1)
HTTP/1.1 200 OK
Content-Type: application/json; charset=utf-8
cache-control: no-cache
content-length: 14

10:08:49.163 [AsyncHttpClient-1-10] DEBUG org.asynchttpclient.netty.channel.ChannelManager - Adding key: http://localhost:57773 for channel [id: 0xe92133be, L:/127.0.0.1:61613 - R:localhost/127.0.0.1:57773]
10:08:49.206 [Forwarding getCurrentUrl on session bc854607942dfbab35e417489e35434d to remote] DEBUG org.asynchttpclient.netty.request.NettyRequestSender - Using pooled Channel '[id: 0xe92133be, L:/127.0.0.1:61613 - R:localhost/127.0.0.1:57773]' for 'GET' to 'http://localhost:57773/session/bc854607942dfbab35e417489e35434d/url'
10:08:49.206 [Forwarding getCurrentUrl on session bc854607942dfbab35e417489e35434d to remote] DEBUG org.asynchttpclient.netty.request.NettyRequestSender - Using open Channel [id: 0xe92133be, L:/127.0.0.1:61613 - R:localhost/127.0.0.1:57773] for GET '/session/bc854607942dfbab35e417489e35434d/url'
10:08:49.211 [AsyncHttpClient-1-10] DEBUG org.asynchttpclient.netty.handler.HttpHandler - 

Request DefaultFullHttpRequest(decodeResult: success, version: HTTP/1.1, content: EmptyByteBufBE)
GET /session/bc854607942dfbab35e417489e35434d/url HTTP/1.1
User-Agent: selenium/4.4.0 (java windows)
Cache-Control: no-cache
Content-Type: application/json; charset=utf-8
host: localhost:57773
accept: */*

Response DefaultHttpResponse(decodeResult: success, version: HTTP/1.1)
HTTP/1.1 200 OK
Content-Type: application/json; charset=utf-8
cache-control: no-cache
content-length: 38

10:08:49.212 [AsyncHttpClient-1-10] DEBUG org.asynchttpclient.netty.channel.ChannelManager - Adding key: http://localhost:57773 for channel [id: 0xe92133be, L:/127.0.0.1:61613 - R:localhost/127.0.0.1:57773]
10:08:49.222 [Forwarding getCurrentUrl on session bc854607942dfbab35e417489e35434d to remote] DEBUG org.asynchttpclient.netty.request.NettyRequestSender - Using pooled Channel '[id: 0xe92133be, L:/127.0.0.1:61613 - R:localhost/127.0.0.1:57773]' for 'GET' to 'http://localhost:57773/session/bc854607942dfbab35e417489e35434d/url'
10:08:49.222 [Forwarding getCurrentUrl on session bc854607942dfbab35e417489e35434d to remote] DEBUG org.asynchttpclient.netty.request.NettyRequestSender - Using open Channel [id: 0xe92133be, L:/127.0.0.1:61613 - R:localhost/127.0.0.1:57773] for GET '/session/bc854607942dfbab35e417489e35434d/url'
10:08:49.226 [AsyncHttpClient-1-10] DEBUG org.asynchttpclient.netty.handler.HttpHandler - 

Request DefaultFullHttpRequest(decodeResult: success, version: HTTP/1.1, content: EmptyByteBufBE)
GET /session/bc854607942dfbab35e417489e35434d/url HTTP/1.1
User-Agent: selenium/4.4.0 (java windows)
Cache-Control: no-cache
Content-Type: application/json; charset=utf-8
host: localhost:57773
accept: */*

Response DefaultHttpResponse(decodeResult: success, version: HTTP/1.1)
HTTP/1.1 200 OK
Content-Type: application/json; charset=utf-8
cache-control: no-cache
content-length: 38

10:08:49.226 [AsyncHttpClient-1-10] DEBUG org.asynchttpclient.netty.channel.ChannelManager - Adding key: http://localhost:57773 for channel [id: 0xe92133be, L:/127.0.0.1:61613 - R:localhost/127.0.0.1:57773]
10:08:49.237 [Test worker] DEBUG net.serenitybdd.core.photography.Darkroom - Opening darkroom
10:08:49.237 [Darkroom Processing Line] DEBUG net.serenitybdd.core.photography.DarkroomProcessingLine - Darkroom processing line starting up
10:08:49.246 [Forwarding getCurrentWindowHandle on session bc854607942dfbab35e417489e35434d to remote] DEBUG org.asynchttpclient.netty.request.NettyRequestSender - Using pooled Channel '[id: 0xe92133be, L:/127.0.0.1:61613 - R:localhost/127.0.0.1:57773]' for 'GET' to 'http://localhost:57773/session/bc854607942dfbab35e417489e35434d/window'
10:08:49.246 [Forwarding getCurrentWindowHandle on session bc854607942dfbab35e417489e35434d to remote] DEBUG org.asynchttpclient.netty.request.NettyRequestSender - Using open Channel [id: 0xe92133be, L:/127.0.0.1:61613 - R:localhost/127.0.0.1:57773] for GET '/session/bc854607942dfbab35e417489e35434d/window'
10:08:49.246 [AsyncHttpClient-1-10] DEBUG org.asynchttpclient.netty.handler.HttpHandler - 

Request DefaultFullHttpRequest(decodeResult: success, version: HTTP/1.1, content: EmptyByteBufBE)
GET /session/bc854607942dfbab35e417489e35434d/window HTTP/1.1
User-Agent: selenium/4.4.0 (java windows)
Cache-Control: no-cache
Content-Type: application/json; charset=utf-8
host: localhost:57773
accept: */*

Response DefaultHttpResponse(decodeResult: success, version: HTTP/1.1)
HTTP/1.1 200 OK
Content-Type: application/json; charset=utf-8
cache-control: no-cache
content-length: 53

10:08:49.246 [AsyncHttpClient-1-10] DEBUG org.asynchttpclient.netty.channel.ChannelManager - Adding key: http://localhost:57773 for channel [id: 0xe92133be, L:/127.0.0.1:61613 - R:localhost/127.0.0.1:57773]
10:08:49.251 [Forwarding getAlertText on session bc854607942dfbab35e417489e35434d to remote] DEBUG org.asynchttpclient.netty.request.NettyRequestSender - Using pooled Channel '[id: 0xe92133be, L:/127.0.0.1:61613 - R:localhost/127.0.0.1:57773]' for 'GET' to 'http://localhost:57773/session/bc854607942dfbab35e417489e35434d/alert/text'
10:08:49.251 [Forwarding getAlertText on session bc854607942dfbab35e417489e35434d to remote] DEBUG org.asynchttpclient.netty.request.NettyRequestSender - Using open Channel [id: 0xe92133be, L:/127.0.0.1:61613 - R:localhost/127.0.0.1:57773] for GET '/session/bc854607942dfbab35e417489e35434d/alert/text'
10:08:49.253 [AsyncHttpClient-1-10] DEBUG org.asynchttpclient.netty.handler.HttpHandler - 

Request DefaultFullHttpRequest(decodeResult: success, version: HTTP/1.1, content: EmptyByteBufBE)
GET /session/bc854607942dfbab35e417489e35434d/alert/text HTTP/1.1
User-Agent: selenium/4.4.0 (java windows)
Cache-Control: no-cache
Content-Type: application/json; charset=utf-8
host: localhost:57773
accept: */*

Response DefaultHttpResponse(decodeResult: success, version: HTTP/1.1)
HTTP/1.1 404 Not Found
Content-Type: application/json; charset=utf-8
cache-control: no-cache
content-length: 879

10:08:49.253 [AsyncHttpClient-1-10] DEBUG org.asynchttpclient.netty.channel.ChannelManager - Adding key: http://localhost:57773 for channel [id: 0xe92133be, L:/127.0.0.1:61613 - R:localhost/127.0.0.1:57773]
10:08:49.259 [Forwarding switchToWindow on session bc854607942dfbab35e417489e35434d to remote] DEBUG org.asynchttpclient.netty.request.NettyRequestSender - Using pooled Channel '[id: 0xe92133be, L:/127.0.0.1:61613 - R:localhost/127.0.0.1:57773]' for 'POST' to 'http://localhost:57773/session/bc854607942dfbab35e417489e35434d/window'
10:08:49.259 [Forwarding switchToWindow on session bc854607942dfbab35e417489e35434d to remote] DEBUG org.asynchttpclient.netty.request.NettyRequestSender - Using open Channel [id: 0xe92133be, L:/127.0.0.1:61613 - R:localhost/127.0.0.1:57773] for POST '/session/bc854607942dfbab35e417489e35434d/window'
10:08:49.262 [AsyncHttpClient-1-10] DEBUG org.asynchttpclient.netty.handler.HttpHandler - 

Request DefaultHttpRequest(decodeResult: success, version: HTTP/1.1)
POST /session/bc854607942dfbab35e417489e35434d/window HTTP/1.1
User-Agent: selenium/4.4.0 (java windows)
Content-Length: 59
Content-Type: application/json; charset=utf-8
host: localhost:57773
accept: */*

Response DefaultHttpResponse(decodeResult: success, version: HTTP/1.1)
HTTP/1.1 200 OK
Content-Type: application/json; charset=utf-8
cache-control: no-cache
content-length: 14

10:08:49.263 [AsyncHttpClient-1-10] DEBUG org.asynchttpclient.netty.channel.ChannelManager - Adding key: http://localhost:57773 for channel [id: 0xe92133be, L:/127.0.0.1:61613 - R:localhost/127.0.0.1:57773]
10:08:49.263 [Forwarding getCurrentUrl on session bc854607942dfbab35e417489e35434d to remote] DEBUG org.asynchttpclient.netty.request.NettyRequestSender - Using pooled Channel '[id: 0xe92133be, L:/127.0.0.1:61613 - R:localhost/127.0.0.1:57773]' for 'GET' to 'http://localhost:57773/session/bc854607942dfbab35e417489e35434d/url'
10:08:49.263 [Forwarding getCurrentUrl on session bc854607942dfbab35e417489e35434d to remote] DEBUG org.asynchttpclient.netty.request.NettyRequestSender - Using open Channel [id: 0xe92133be, L:/127.0.0.1:61613 - R:localhost/127.0.0.1:57773] for GET '/session/bc854607942dfbab35e417489e35434d/url'
10:08:49.266 [AsyncHttpClient-1-10] DEBUG org.asynchttpclient.netty.handler.HttpHandler - 

Request DefaultFullHttpRequest(decodeResult: success, version: HTTP/1.1, content: EmptyByteBufBE)
GET /session/bc854607942dfbab35e417489e35434d/url HTTP/1.1
User-Agent: selenium/4.4.0 (java windows)
Cache-Control: no-cache
Content-Type: application/json; charset=utf-8
host: localhost:57773
accept: */*

Response DefaultHttpResponse(decodeResult: success, version: HTTP/1.1)
HTTP/1.1 200 OK
Content-Type: application/json; charset=utf-8
cache-control: no-cache
content-length: 38

10:08:49.266 [AsyncHttpClient-1-10] DEBUG org.asynchttpclient.netty.channel.ChannelManager - Adding key: http://localhost:57773 for channel [id: 0xe92133be, L:/127.0.0.1:61613 - R:localhost/127.0.0.1:57773]
10:08:49.267 [Forwarding screenshot on session bc854607942dfbab35e417489e35434d to remote] DEBUG org.asynchttpclient.netty.request.NettyRequestSender - Using pooled Channel '[id: 0xe92133be, L:/127.0.0.1:61613 - R:localhost/127.0.0.1:57773]' for 'GET' to 'http://localhost:57773/session/bc854607942dfbab35e417489e35434d/screenshot'
10:08:49.267 [Forwarding screenshot on session bc854607942dfbab35e417489e35434d to remote] DEBUG org.asynchttpclient.netty.request.NettyRequestSender - Using open Channel [id: 0xe92133be, L:/127.0.0.1:61613 - R:localhost/127.0.0.1:57773] for GET '/session/bc854607942dfbab35e417489e35434d/screenshot'
10:08:49.343 [AsyncHttpClient-1-10] DEBUG org.asynchttpclient.netty.handler.HttpHandler - 

Request DefaultFullHttpRequest(decodeResult: success, version: HTTP/1.1, content: EmptyByteBufBE)
GET /session/bc854607942dfbab35e417489e35434d/screenshot HTTP/1.1
User-Agent: selenium/4.4.0 (java windows)
Cache-Control: no-cache
Content-Type: application/json; charset=utf-8
host: localhost:57773
accept: */*

Response DefaultHttpResponse(decodeResult: success, version: HTTP/1.1)
HTTP/1.1 200 OK
Content-Type: application/json; charset=utf-8
cache-control: no-cache
content-length: 59108

10:08:49.344 [AsyncHttpClient-1-10] DEBUG org.asynchttpclient.netty.channel.ChannelManager - Adding key: http://localhost:57773 for channel [id: 0xe92133be, L:/127.0.0.1:61613 - R:localhost/127.0.0.1:57773]
10:08:49.347 [Test worker] DEBUG net.serenitybdd.core.photography.Darkroom - Send negative for processing for C:\Users\juan.gomezv\IdeaProjects\sura\target\site\serenity\60e3c498caf7a8fcf635471a5092c247627e1395d91e12246eaf1a3e7a34e095.png
10:08:49.347 [Test worker] DEBUG net.thucydides.core.steps.StepInterceptor - STEP DONE: {0} opens the #targetPageName
10:08:49.360 [Test worker] DEBUG net.thucydides.core.steps.StepInterceptor - STEP DONE: {0} abre la aplicaciÃ³n
10:08:49.373 [Forwarding getPageSource on session bc854607942dfbab35e417489e35434d to remote] DEBUG org.asynchttpclient.netty.request.NettyRequestSender - Using pooled Channel '[id: 0xe92133be, L:/127.0.0.1:61613 - R:localhost/127.0.0.1:57773]' for 'POST' to 'http://localhost:57773/session/bc854607942dfbab35e417489e35434d/execute/sync'
10:08:49.373 [Forwarding getPageSource on session bc854607942dfbab35e417489e35434d to remote] DEBUG org.asynchttpclient.netty.request.NettyRequestSender - Using open Channel [id: 0xe92133be, L:/127.0.0.1:61613 - R:localhost/127.0.0.1:57773] for POST '/session/bc854607942dfbab35e417489e35434d/execute/sync'
10:08:49.376 [AsyncHttpClient-1-10] DEBUG org.asynchttpclient.netty.handler.HttpHandler - 

Request DefaultHttpRequest(decodeResult: success, version: HTTP/1.1)
POST /session/bc854607942dfbab35e417489e35434d/execute/sync HTTP/1.1
User-Agent: selenium/4.4.0 (java windows)
Content-Length: 176
Content-Type: application/json; charset=utf-8
host: localhost:57773
accept: */*

Response DefaultHttpResponse(decodeResult: success, version: HTTP/1.1)
HTTP/1.1 200 OK
Content-Type: application/json; charset=utf-8
cache-control: no-cache
content-length: 4160

10:08:49.376 [AsyncHttpClient-1-10] DEBUG org.asynchttpclient.netty.channel.ChannelManager - Adding key: http://localhost:57773 for channel [id: 0xe92133be, L:/127.0.0.1:61613 - R:localhost/127.0.0.1:57773]
10:08:49.378 [Forwarding getCurrentUrl on session bc854607942dfbab35e417489e35434d to remote] DEBUG org.asynchttpclient.netty.request.NettyRequestSender - Using pooled Channel '[id: 0xe92133be, L:/127.0.0.1:61613 - R:localhost/127.0.0.1:57773]' for 'GET' to 'http://localhost:57773/session/bc854607942dfbab35e417489e35434d/url'
10:08:49.378 [Forwarding getCurrentUrl on session bc854607942dfbab35e417489e35434d to remote] DEBUG org.asynchttpclient.netty.request.NettyRequestSender - Using open Channel [id: 0xe92133be, L:/127.0.0.1:61613 - R:localhost/127.0.0.1:57773] for GET '/session/bc854607942dfbab35e417489e35434d/url'
10:08:49.381 [AsyncHttpClient-1-10] DEBUG org.asynchttpclient.netty.handler.HttpHandler - 

Request DefaultFullHttpRequest(decodeResult: success, version: HTTP/1.1, content: EmptyByteBufBE)
GET /session/bc854607942dfbab35e417489e35434d/url HTTP/1.1
User-Agent: selenium/4.4.0 (java windows)
Cache-Control: no-cache
Content-Type: application/json; charset=utf-8
host: localhost:57773
accept: */*

Response DefaultHttpResponse(decodeResult: success, version: HTTP/1.1)
HTTP/1.1 200 OK
Content-Type: application/json; charset=utf-8
cache-control: no-cache
content-length: 38

10:08:49.381 [AsyncHttpClient-1-10] DEBUG org.asynchttpclient.netty.channel.ChannelManager - Adding key: http://localhost:57773 for channel [id: 0xe92133be, L:/127.0.0.1:61613 - R:localhost/127.0.0.1:57773]
10:08:49.382 [Test worker] DEBUG net.thucydides.core.steps.StepInterceptor - STARTING STEP: SharedBackgroundSteps.ingresaConUnaCuentaValidaASwaglabs - performAs
10:08:49.395 [Forwarding getPageSource on session bc854607942dfbab35e417489e35434d to remote] DEBUG org.asynchttpclient.netty.request.NettyRequestSender - Using pooled Channel '[id: 0xe92133be, L:/127.0.0.1:61613 - R:localhost/127.0.0.1:57773]' for 'POST' to 'http://localhost:57773/session/bc854607942dfbab35e417489e35434d/execute/sync'
10:08:49.395 [Forwarding getPageSource on session bc854607942dfbab35e417489e35434d to remote] DEBUG org.asynchttpclient.netty.request.NettyRequestSender - Using open Channel [id: 0xe92133be, L:/127.0.0.1:61613 - R:localhost/127.0.0.1:57773] for POST '/session/bc854607942dfbab35e417489e35434d/execute/sync'
10:08:49.398 [AsyncHttpClient-1-10] DEBUG org.asynchttpclient.netty.handler.HttpHandler - 

Request DefaultHttpRequest(decodeResult: success, version: HTTP/1.1)
POST /session/bc854607942dfbab35e417489e35434d/execute/sync HTTP/1.1
User-Agent: selenium/4.4.0 (java windows)
Content-Length: 176
Content-Type: application/json; charset=utf-8
host: localhost:57773
accept: */*

Response DefaultHttpResponse(decodeResult: success, version: HTTP/1.1)
HTTP/1.1 200 OK
Content-Type: application/json; charset=utf-8
cache-control: no-cache
content-length: 4160

10:08:49.398 [AsyncHttpClient-1-10] DEBUG org.asynchttpclient.netty.channel.ChannelManager - Adding key: http://localhost:57773 for channel [id: 0xe92133be, L:/127.0.0.1:61613 - R:localhost/127.0.0.1:57773]
10:08:49.399 [Forwarding getCurrentUrl on session bc854607942dfbab35e417489e35434d to remote] DEBUG org.asynchttpclient.netty.request.NettyRequestSender - Using pooled Channel '[id: 0xe92133be, L:/127.0.0.1:61613 - R:localhost/127.0.0.1:57773]' for 'GET' to 'http://localhost:57773/session/bc854607942dfbab35e417489e35434d/url'
10:08:49.399 [Forwarding getCurrentUrl on session bc854607942dfbab35e417489e35434d to remote] DEBUG org.asynchttpclient.netty.request.NettyRequestSender - Using open Channel [id: 0xe92133be, L:/127.0.0.1:61613 - R:localhost/127.0.0.1:57773] for GET '/session/bc854607942dfbab35e417489e35434d/url'
10:08:49.402 [AsyncHttpClient-1-10] DEBUG org.asynchttpclient.netty.handler.HttpHandler - 

Request DefaultFullHttpRequest(decodeResult: success, version: HTTP/1.1, content: EmptyByteBufBE)
GET /session/bc854607942dfbab35e417489e35434d/url HTTP/1.1
User-Agent: selenium/4.4.0 (java windows)
Cache-Control: no-cache
Content-Type: application/json; charset=utf-8
host: localhost:57773
accept: */*

Response DefaultHttpResponse(decodeResult: success, version: HTTP/1.1)
HTTP/1.1 200 OK
Content-Type: application/json; charset=utf-8
cache-control: no-cache
content-length: 38

10:08:49.402 [AsyncHttpClient-1-10] DEBUG org.asynchttpclient.netty.channel.ChannelManager - Adding key: http://localhost:57773 for channel [id: 0xe92133be, L:/127.0.0.1:61613 - R:localhost/127.0.0.1:57773]
10:08:49.404 [Test worker] DEBUG net.thucydides.core.steps.StepInterceptor - STARTING STEP: LogIn.performAs - {0} enters #theTextAsAString into #target
10:08:49.405 [AsyncHttpClient-1-1] DEBUG org.asynchttpclient.netty.channel.DefaultChannelPool - Entry count for : http://localhost:57773 : 1
10:08:49.405 [AsyncHttpClient-1-1] DEBUG org.asynchttpclient.netty.channel.DefaultChannelPool - Entry count for : http://localhost:61614 : 1
10:08:49.407 [Test worker] DEBUG net.serenitybdd.screenplay.targets.IFrameSwitcher - default content already selected for UsernameTextBox
10:08:49.420 [Forwarding findElement on session bc854607942dfbab35e417489e35434d to remote] DEBUG org.asynchttpclient.netty.request.NettyRequestSender - Using pooled Channel '[id: 0xe92133be, L:/127.0.0.1:61613 - R:localhost/127.0.0.1:57773]' for 'POST' to 'http://localhost:57773/session/bc854607942dfbab35e417489e35434d/element'
10:08:49.420 [Forwarding findElement on session bc854607942dfbab35e417489e35434d to remote] DEBUG org.asynchttpclient.netty.request.NettyRequestSender - Using open Channel [id: 0xe92133be, L:/127.0.0.1:61613 - R:localhost/127.0.0.1:57773] for POST '/session/bc854607942dfbab35e417489e35434d/element'
10:08:49.430 [AsyncHttpClient-1-10] DEBUG org.asynchttpclient.netty.handler.HttpHandler - 

Request DefaultHttpRequest(decodeResult: success, version: HTTP/1.1)
POST /session/bc854607942dfbab35e417489e35434d/element HTTP/1.1
User-Agent: selenium/4.4.0 (java windows)
Content-Length: 67
Content-Type: application/json; charset=utf-8
host: localhost:57773
accept: */*

Response DefaultHttpResponse(decodeResult: success, version: HTTP/1.1)
HTTP/1.1 200 OK
Content-Type: application/json; charset=utf-8
cache-control: no-cache
content-length: 88

10:08:49.430 [AsyncHttpClient-1-10] DEBUG org.asynchttpclient.netty.channel.ChannelManager - Adding key: http://localhost:57773 for channel [id: 0xe92133be, L:/127.0.0.1:61613 - R:localhost/127.0.0.1:57773]
10:08:49.431 [Forwarding clearElement on session bc854607942dfbab35e417489e35434d to remote] DEBUG org.asynchttpclient.netty.request.NettyRequestSender - Using pooled Channel '[id: 0xe92133be, L:/127.0.0.1:61613 - R:localhost/127.0.0.1:57773]' for 'POST' to 'http://localhost:57773/session/bc854607942dfbab35e417489e35434d/element/bc33e7cd-bdf9-46a4-8e8f-1090c4f293bf/clear'
10:08:49.431 [Forwarding clearElement on session bc854607942dfbab35e417489e35434d to remote] DEBUG org.asynchttpclient.netty.request.NettyRequestSender - Using open Channel [id: 0xe92133be, L:/127.0.0.1:61613 - R:localhost/127.0.0.1:57773] for POST '/session/bc854607942dfbab35e417489e35434d/element/bc33e7cd-bdf9-46a4-8e8f-1090c4f293bf/clear'
10:08:49.459 [AsyncHttpClient-1-10] DEBUG org.asynchttpclient.netty.handler.HttpHandler - 

Request DefaultHttpRequest(decodeResult: success, version: HTTP/1.1)
POST /session/bc854607942dfbab35e417489e35434d/element/bc33e7cd-bdf9-46a4-8e8f-1090c4f293bf/clear HTTP/1.1
User-Agent: selenium/4.4.0 (java windows)
Content-Length: 50
Content-Type: application/json; charset=utf-8
host: localhost:57773
accept: */*

Response DefaultHttpResponse(decodeResult: success, version: HTTP/1.1)
HTTP/1.1 200 OK
Content-Type: application/json; charset=utf-8
cache-control: no-cache
content-length: 14

10:08:49.459 [AsyncHttpClient-1-10] DEBUG org.asynchttpclient.netty.channel.ChannelManager - Adding key: http://localhost:57773 for channel [id: 0xe92133be, L:/127.0.0.1:61613 - R:localhost/127.0.0.1:57773]
10:08:49.463 [Forwarding sendKeysToElement on session bc854607942dfbab35e417489e35434d to remote] DEBUG org.asynchttpclient.netty.request.NettyRequestSender - Using pooled Channel '[id: 0xe92133be, L:/127.0.0.1:61613 - R:localhost/127.0.0.1:57773]' for 'POST' to 'http://localhost:57773/session/bc854607942dfbab35e417489e35434d/element/bc33e7cd-bdf9-46a4-8e8f-1090c4f293bf/value'
10:08:49.463 [Forwarding sendKeysToElement on session bc854607942dfbab35e417489e35434d to remote] DEBUG org.asynchttpclient.netty.request.NettyRequestSender - Using open Channel [id: 0xe92133be, L:/127.0.0.1:61613 - R:localhost/127.0.0.1:57773] for POST '/session/bc854607942dfbab35e417489e35434d/element/bc33e7cd-bdf9-46a4-8e8f-1090c4f293bf/value'
10:08:49.518 [AsyncHttpClient-1-10] DEBUG org.asynchttpclient.netty.handler.HttpHandler - 

Request DefaultHttpRequest(decodeResult: success, version: HTTP/1.1)
POST /session/bc854607942dfbab35e417489e35434d/element/bc33e7cd-bdf9-46a4-8e8f-1090c4f293bf/value HTTP/1.1
User-Agent: selenium/4.4.0 (java windows)
Content-Length: 211
Content-Type: application/json; charset=utf-8
host: localhost:57773
accept: */*

Response DefaultHttpResponse(decodeResult: success, version: HTTP/1.1)
HTTP/1.1 200 OK
Content-Type: application/json; charset=utf-8
cache-control: no-cache
content-length: 14

10:08:49.518 [AsyncHttpClient-1-10] DEBUG org.asynchttpclient.netty.channel.ChannelManager - Adding key: http://localhost:57773 for channel [id: 0xe92133be, L:/127.0.0.1:61613 - R:localhost/127.0.0.1:57773]
10:08:49.534 [Forwarding getCurrentWindowHandle on session bc854607942dfbab35e417489e35434d to remote] DEBUG org.asynchttpclient.netty.request.NettyRequestSender - Using pooled Channel '[id: 0xe92133be, L:/127.0.0.1:61613 - R:localhost/127.0.0.1:57773]' for 'GET' to 'http://localhost:57773/session/bc854607942dfbab35e417489e35434d/window'
10:08:49.534 [Forwarding getCurrentWindowHandle on session bc854607942dfbab35e417489e35434d to remote] DEBUG org.asynchttpclient.netty.request.NettyRequestSender - Using open Channel [id: 0xe92133be, L:/127.0.0.1:61613 - R:localhost/127.0.0.1:57773] for GET '/session/bc854607942dfbab35e417489e35434d/window'
10:08:49.535 [AsyncHttpClient-1-10] DEBUG org.asynchttpclient.netty.handler.HttpHandler - 

Request DefaultFullHttpRequest(decodeResult: success, version: HTTP/1.1, content: EmptyByteBufBE)
GET /session/bc854607942dfbab35e417489e35434d/window HTTP/1.1
User-Agent: selenium/4.4.0 (java windows)
Cache-Control: no-cache
Content-Type: application/json; charset=utf-8
host: localhost:57773
accept: */*

Response DefaultHttpResponse(decodeResult: success, version: HTTP/1.1)
HTTP/1.1 200 OK
Content-Type: application/json; charset=utf-8
cache-control: no-cache
content-length: 53

10:08:49.535 [AsyncHttpClient-1-10] DEBUG org.asynchttpclient.netty.channel.ChannelManager - Adding key: http://localhost:57773 for channel [id: 0xe92133be, L:/127.0.0.1:61613 - R:localhost/127.0.0.1:57773]
10:08:49.538 [Forwarding getAlertText on session bc854607942dfbab35e417489e35434d to remote] DEBUG org.asynchttpclient.netty.request.NettyRequestSender - Using pooled Channel '[id: 0xe92133be, L:/127.0.0.1:61613 - R:localhost/127.0.0.1:57773]' for 'GET' to 'http://localhost:57773/session/bc854607942dfbab35e417489e35434d/alert/text'
10:08:49.538 [Forwarding getAlertText on session bc854607942dfbab35e417489e35434d to remote] DEBUG org.asynchttpclient.netty.request.NettyRequestSender - Using open Channel [id: 0xe92133be, L:/127.0.0.1:61613 - R:localhost/127.0.0.1:57773] for GET '/session/bc854607942dfbab35e417489e35434d/alert/text'
10:08:49.539 [AsyncHttpClient-1-10] DEBUG org.asynchttpclient.netty.handler.HttpHandler - 

Request DefaultFullHttpRequest(decodeResult: success, version: HTTP/1.1, content: EmptyByteBufBE)
GET /session/bc854607942dfbab35e417489e35434d/alert/text HTTP/1.1
User-Agent: selenium/4.4.0 (java windows)
Cache-Control: no-cache
Content-Type: application/json; charset=utf-8
host: localhost:57773
accept: */*

Response DefaultHttpResponse(decodeResult: success, version: HTTP/1.1)
HTTP/1.1 404 Not Found
Content-Type: application/json; charset=utf-8
cache-control: no-cache
content-length: 879

10:08:49.539 [AsyncHttpClient-1-10] DEBUG org.asynchttpclient.netty.channel.ChannelManager - Adding key: http://localhost:57773 for channel [id: 0xe92133be, L:/127.0.0.1:61613 - R:localhost/127.0.0.1:57773]
10:08:49.543 [Forwarding switchToWindow on session bc854607942dfbab35e417489e35434d to remote] DEBUG org.asynchttpclient.netty.request.NettyRequestSender - Using pooled Channel '[id: 0xe92133be, L:/127.0.0.1:61613 - R:localhost/127.0.0.1:57773]' for 'POST' to 'http://localhost:57773/session/bc854607942dfbab35e417489e35434d/window'
10:08:49.543 [Forwarding switchToWindow on session bc854607942dfbab35e417489e35434d to remote] DEBUG org.asynchttpclient.netty.request.NettyRequestSender - Using open Channel [id: 0xe92133be, L:/127.0.0.1:61613 - R:localhost/127.0.0.1:57773] for POST '/session/bc854607942dfbab35e417489e35434d/window'
10:08:49.545 [AsyncHttpClient-1-10] DEBUG org.asynchttpclient.netty.handler.HttpHandler - 

Request DefaultHttpRequest(decodeResult: success, version: HTTP/1.1)
POST /session/bc854607942dfbab35e417489e35434d/window HTTP/1.1
User-Agent: selenium/4.4.0 (java windows)
Content-Length: 59
Content-Type: application/json; charset=utf-8
host: localhost:57773
accept: */*

Response DefaultHttpResponse(decodeResult: success, version: HTTP/1.1)
HTTP/1.1 200 OK
Content-Type: application/json; charset=utf-8
cache-control: no-cache
content-length: 14

10:08:49.545 [AsyncHttpClient-1-10] DEBUG org.asynchttpclient.netty.channel.ChannelManager - Adding key: http://localhost:57773 for channel [id: 0xe92133be, L:/127.0.0.1:61613 - R:localhost/127.0.0.1:57773]
10:08:49.545 [Forwarding getCurrentUrl on session bc854607942dfbab35e417489e35434d to remote] DEBUG org.asynchttpclient.netty.request.NettyRequestSender - Using pooled Channel '[id: 0xe92133be, L:/127.0.0.1:61613 - R:localhost/127.0.0.1:57773]' for 'GET' to 'http://localhost:57773/session/bc854607942dfbab35e417489e35434d/url'
10:08:49.545 [Forwarding getCurrentUrl on session bc854607942dfbab35e417489e35434d to remote] DEBUG org.asynchttpclient.netty.request.NettyRequestSender - Using open Channel [id: 0xe92133be, L:/127.0.0.1:61613 - R:localhost/127.0.0.1:57773] for GET '/session/bc854607942dfbab35e417489e35434d/url'
10:08:49.548 [AsyncHttpClient-1-10] DEBUG org.asynchttpclient.netty.handler.HttpHandler - 

Request DefaultFullHttpRequest(decodeResult: success, version: HTTP/1.1, content: EmptyByteBufBE)
GET /session/bc854607942dfbab35e417489e35434d/url HTTP/1.1
User-Agent: selenium/4.4.0 (java windows)
Cache-Control: no-cache
Content-Type: application/json; charset=utf-8
host: localhost:57773
accept: */*

Response DefaultHttpResponse(decodeResult: success, version: HTTP/1.1)
HTTP/1.1 200 OK
Content-Type: application/json; charset=utf-8
cache-control: no-cache
content-length: 38

10:08:49.548 [AsyncHttpClient-1-10] DEBUG org.asynchttpclient.netty.channel.ChannelManager - Adding key: http://localhost:57773 for channel [id: 0xe92133be, L:/127.0.0.1:61613 - R:localhost/127.0.0.1:57773]
10:08:49.548 [Forwarding screenshot on session bc854607942dfbab35e417489e35434d to remote] DEBUG org.asynchttpclient.netty.request.NettyRequestSender - Using pooled Channel '[id: 0xe92133be, L:/127.0.0.1:61613 - R:localhost/127.0.0.1:57773]' for 'GET' to 'http://localhost:57773/session/bc854607942dfbab35e417489e35434d/screenshot'
10:08:49.548 [Forwarding screenshot on session bc854607942dfbab35e417489e35434d to remote] DEBUG org.asynchttpclient.netty.request.NettyRequestSender - Using open Channel [id: 0xe92133be, L:/127.0.0.1:61613 - R:localhost/127.0.0.1:57773] for GET '/session/bc854607942dfbab35e417489e35434d/screenshot'
10:08:49.621 [AsyncHttpClient-1-10] DEBUG org.asynchttpclient.netty.handler.HttpHandler - 

Request DefaultFullHttpRequest(decodeResult: success, version: HTTP/1.1, content: EmptyByteBufBE)
GET /session/bc854607942dfbab35e417489e35434d/screenshot HTTP/1.1
User-Agent: selenium/4.4.0 (java windows)
Cache-Control: no-cache
Content-Type: application/json; charset=utf-8
host: localhost:57773
accept: */*

Response DefaultHttpResponse(decodeResult: success, version: HTTP/1.1)
HTTP/1.1 200 OK
Content-Type: application/json; charset=utf-8
cache-control: no-cache
content-length: 59812

10:08:49.622 [AsyncHttpClient-1-10] DEBUG org.asynchttpclient.netty.channel.ChannelManager - Adding key: http://localhost:57773 for channel [id: 0xe92133be, L:/127.0.0.1:61613 - R:localhost/127.0.0.1:57773]
10:08:49.623 [Test worker] DEBUG net.serenitybdd.core.photography.Darkroom - Send negative for processing for C:\Users\juan.gomezv\IdeaProjects\sura\target\site\serenity\cb904724c11cb1c402bbd44fd4c83dd8993b3b1bfb579cc518ee5232028dbf9b.png
10:08:49.623 [Test worker] DEBUG net.thucydides.core.steps.StepInterceptor - STEP DONE: {0} enters #theTextAsAString into #target
10:08:49.631 [Forwarding getPageSource on session bc854607942dfbab35e417489e35434d to remote] DEBUG org.asynchttpclient.netty.request.NettyRequestSender - Using pooled Channel '[id: 0xe92133be, L:/127.0.0.1:61613 - R:localhost/127.0.0.1:57773]' for 'POST' to 'http://localhost:57773/session/bc854607942dfbab35e417489e35434d/execute/sync'
10:08:49.631 [Forwarding getPageSource on session bc854607942dfbab35e417489e35434d to remote] DEBUG org.asynchttpclient.netty.request.NettyRequestSender - Using open Channel [id: 0xe92133be, L:/127.0.0.1:61613 - R:localhost/127.0.0.1:57773] for POST '/session/bc854607942dfbab35e417489e35434d/execute/sync'
10:08:49.635 [AsyncHttpClient-1-10] DEBUG org.asynchttpclient.netty.handler.HttpHandler - 

Request DefaultHttpRequest(decodeResult: success, version: HTTP/1.1)
POST /session/bc854607942dfbab35e417489e35434d/execute/sync HTTP/1.1
User-Agent: selenium/4.4.0 (java windows)
Content-Length: 176
Content-Type: application/json; charset=utf-8
host: localhost:57773
accept: */*

Response DefaultHttpResponse(decodeResult: success, version: HTTP/1.1)
HTTP/1.1 200 OK
Content-Type: application/json; charset=utf-8
cache-control: no-cache
content-length: 4173

10:08:49.635 [AsyncHttpClient-1-10] DEBUG org.asynchttpclient.netty.channel.ChannelManager - Adding key: http://localhost:57773 for channel [id: 0xe92133be, L:/127.0.0.1:61613 - R:localhost/127.0.0.1:57773]
10:08:49.636 [Forwarding getCurrentUrl on session bc854607942dfbab35e417489e35434d to remote] DEBUG org.asynchttpclient.netty.request.NettyRequestSender - Using pooled Channel '[id: 0xe92133be, L:/127.0.0.1:61613 - R:localhost/127.0.0.1:57773]' for 'GET' to 'http://localhost:57773/session/bc854607942dfbab35e417489e35434d/url'
10:08:49.636 [Forwarding getCurrentUrl on session bc854607942dfbab35e417489e35434d to remote] DEBUG org.asynchttpclient.netty.request.NettyRequestSender - Using open Channel [id: 0xe92133be, L:/127.0.0.1:61613 - R:localhost/127.0.0.1:57773] for GET '/session/bc854607942dfbab35e417489e35434d/url'
10:08:49.641 [AsyncHttpClient-1-10] DEBUG org.asynchttpclient.netty.handler.HttpHandler - 

Request DefaultFullHttpRequest(decodeResult: success, version: HTTP/1.1, content: EmptyByteBufBE)
GET /session/bc854607942dfbab35e417489e35434d/url HTTP/1.1
User-Agent: selenium/4.4.0 (java windows)
Cache-Control: no-cache
Content-Type: application/json; charset=utf-8
host: localhost:57773
accept: */*

Response DefaultHttpResponse(decodeResult: success, version: HTTP/1.1)
HTTP/1.1 200 OK
Content-Type: application/json; charset=utf-8
cache-control: no-cache
content-length: 38

10:08:49.641 [AsyncHttpClient-1-10] DEBUG org.asynchttpclient.netty.channel.ChannelManager - Adding key: http://localhost:57773 for channel [id: 0xe92133be, L:/127.0.0.1:61613 - R:localhost/127.0.0.1:57773]
10:08:49.642 [Test worker] DEBUG net.thucydides.core.steps.StepInterceptor - STARTING STEP: LogIn.performAs - {0} enters #theTextAsAString into #target
10:08:49.645 [Test worker] DEBUG net.serenitybdd.screenplay.targets.IFrameSwitcher - default content already selected for PasswordTextBox
10:08:49.656 [Forwarding findElement on session bc854607942dfbab35e417489e35434d to remote] DEBUG org.asynchttpclient.netty.request.NettyRequestSender - Using pooled Channel '[id: 0xe92133be, L:/127.0.0.1:61613 - R:localhost/127.0.0.1:57773]' for 'POST' to 'http://localhost:57773/session/bc854607942dfbab35e417489e35434d/element'
10:08:49.656 [Forwarding findElement on session bc854607942dfbab35e417489e35434d to remote] DEBUG org.asynchttpclient.netty.request.NettyRequestSender - Using open Channel [id: 0xe92133be, L:/127.0.0.1:61613 - R:localhost/127.0.0.1:57773] for POST '/session/bc854607942dfbab35e417489e35434d/element'
10:08:49.665 [AsyncHttpClient-1-10] DEBUG org.asynchttpclient.netty.handler.HttpHandler - 

Request DefaultHttpRequest(decodeResult: success, version: HTTP/1.1)
POST /session/bc854607942dfbab35e417489e35434d/element HTTP/1.1
User-Agent: selenium/4.4.0 (java windows)
Content-Length: 66
Content-Type: application/json; charset=utf-8
host: localhost:57773
accept: */*

Response DefaultHttpResponse(decodeResult: success, version: HTTP/1.1)
HTTP/1.1 200 OK
Content-Type: application/json; charset=utf-8
cache-control: no-cache
content-length: 88

10:08:49.665 [AsyncHttpClient-1-10] DEBUG org.asynchttpclient.netty.channel.ChannelManager - Adding key: http://localhost:57773 for channel [id: 0xe92133be, L:/127.0.0.1:61613 - R:localhost/127.0.0.1:57773]
10:08:49.666 [Forwarding clearElement on session bc854607942dfbab35e417489e35434d to remote] DEBUG org.asynchttpclient.netty.request.NettyRequestSender - Using pooled Channel '[id: 0xe92133be, L:/127.0.0.1:61613 - R:localhost/127.0.0.1:57773]' for 'POST' to 'http://localhost:57773/session/bc854607942dfbab35e417489e35434d/element/47d9d501-8315-4950-a0ec-cc88b757dbd1/clear'
10:08:49.666 [Forwarding clearElement on session bc854607942dfbab35e417489e35434d to remote] DEBUG org.asynchttpclient.netty.request.NettyRequestSender - Using open Channel [id: 0xe92133be, L:/127.0.0.1:61613 - R:localhost/127.0.0.1:57773] for POST '/session/bc854607942dfbab35e417489e35434d/element/47d9d501-8315-4950-a0ec-cc88b757dbd1/clear'
10:08:49.691 [AsyncHttpClient-1-10] DEBUG org.asynchttpclient.netty.handler.HttpHandler - 

Request DefaultHttpRequest(decodeResult: success, version: HTTP/1.1)
POST /session/bc854607942dfbab35e417489e35434d/element/47d9d501-8315-4950-a0ec-cc88b757dbd1/clear HTTP/1.1
User-Agent: selenium/4.4.0 (java windows)
Content-Length: 50
Content-Type: application/json; charset=utf-8
host: localhost:57773
accept: */*

Response DefaultHttpResponse(decodeResult: success, version: HTTP/1.1)
HTTP/1.1 200 OK
Content-Type: application/json; charset=utf-8
cache-control: no-cache
content-length: 14

10:08:49.691 [AsyncHttpClient-1-10] DEBUG org.asynchttpclient.netty.channel.ChannelManager - Adding key: http://localhost:57773 for channel [id: 0xe92133be, L:/127.0.0.1:61613 - R:localhost/127.0.0.1:57773]
10:08:49.694 [Forwarding sendKeysToElement on session bc854607942dfbab35e417489e35434d to remote] DEBUG org.asynchttpclient.netty.request.NettyRequestSender - Using pooled Channel '[id: 0xe92133be, L:/127.0.0.1:61613 - R:localhost/127.0.0.1:57773]' for 'POST' to 'http://localhost:57773/session/bc854607942dfbab35e417489e35434d/element/47d9d501-8315-4950-a0ec-cc88b757dbd1/value'
10:08:49.694 [Forwarding sendKeysToElement on session bc854607942dfbab35e417489e35434d to remote] DEBUG org.asynchttpclient.netty.request.NettyRequestSender - Using open Channel [id: 0xe92133be, L:/127.0.0.1:61613 - R:localhost/127.0.0.1:57773] for POST '/session/bc854607942dfbab35e417489e35434d/element/47d9d501-8315-4950-a0ec-cc88b757dbd1/value'
10:08:49.730 [AsyncHttpClient-1-10] DEBUG org.asynchttpclient.netty.handler.HttpHandler - 

Request DefaultHttpRequest(decodeResult: success, version: HTTP/1.1)
POST /session/bc854607942dfbab35e417489e35434d/element/47d9d501-8315-4950-a0ec-cc88b757dbd1/value HTTP/1.1
User-Agent: selenium/4.4.0 (java windows)
Content-Length: 201
Content-Type: application/json; charset=utf-8
host: localhost:57773
accept: */*

Response DefaultHttpResponse(decodeResult: success, version: HTTP/1.1)
HTTP/1.1 200 OK
Content-Type: application/json; charset=utf-8
cache-control: no-cache
content-length: 14

10:08:49.731 [AsyncHttpClient-1-10] DEBUG org.asynchttpclient.netty.channel.ChannelManager - Adding key: http://localhost:57773 for channel [id: 0xe92133be, L:/127.0.0.1:61613 - R:localhost/127.0.0.1:57773]
10:08:49.746 [Forwarding getCurrentWindowHandle on session bc854607942dfbab35e417489e35434d to remote] DEBUG org.asynchttpclient.netty.request.NettyRequestSender - Using pooled Channel '[id: 0xe92133be, L:/127.0.0.1:61613 - R:localhost/127.0.0.1:57773]' for 'GET' to 'http://localhost:57773/session/bc854607942dfbab35e417489e35434d/window'
10:08:49.746 [Forwarding getCurrentWindowHandle on session bc854607942dfbab35e417489e35434d to remote] DEBUG org.asynchttpclient.netty.request.NettyRequestSender - Using open Channel [id: 0xe92133be, L:/127.0.0.1:61613 - R:localhost/127.0.0.1:57773] for GET '/session/bc854607942dfbab35e417489e35434d/window'
10:08:49.746 [AsyncHttpClient-1-10] DEBUG org.asynchttpclient.netty.handler.HttpHandler - 

Request DefaultFullHttpRequest(decodeResult: success, version: HTTP/1.1, content: EmptyByteBufBE)
GET /session/bc854607942dfbab35e417489e35434d/window HTTP/1.1
User-Agent: selenium/4.4.0 (java windows)
Cache-Control: no-cache
Content-Type: application/json; charset=utf-8
host: localhost:57773
accept: */*

Response DefaultHttpResponse(decodeResult: success, version: HTTP/1.1)
HTTP/1.1 200 OK
Content-Type: application/json; charset=utf-8
cache-control: no-cache
content-length: 53

10:08:49.746 [AsyncHttpClient-1-10] DEBUG org.asynchttpclient.netty.channel.ChannelManager - Adding key: http://localhost:57773 for channel [id: 0xe92133be, L:/127.0.0.1:61613 - R:localhost/127.0.0.1:57773]
10:08:49.749 [Forwarding getAlertText on session bc854607942dfbab35e417489e35434d to remote] DEBUG org.asynchttpclient.netty.request.NettyRequestSender - Using pooled Channel '[id: 0xe92133be, L:/127.0.0.1:61613 - R:localhost/127.0.0.1:57773]' for 'GET' to 'http://localhost:57773/session/bc854607942dfbab35e417489e35434d/alert/text'
10:08:49.749 [Forwarding getAlertText on session bc854607942dfbab35e417489e35434d to remote] DEBUG org.asynchttpclient.netty.request.NettyRequestSender - Using open Channel [id: 0xe92133be, L:/127.0.0.1:61613 - R:localhost/127.0.0.1:57773] for GET '/session/bc854607942dfbab35e417489e35434d/alert/text'
10:08:49.751 [AsyncHttpClient-1-10] DEBUG org.asynchttpclient.netty.handler.HttpHandler - 

Request DefaultFullHttpRequest(decodeResult: success, version: HTTP/1.1, content: EmptyByteBufBE)
GET /session/bc854607942dfbab35e417489e35434d/alert/text HTTP/1.1
User-Agent: selenium/4.4.0 (java windows)
Cache-Control: no-cache
Content-Type: application/json; charset=utf-8
host: localhost:57773
accept: */*

Response DefaultHttpResponse(decodeResult: success, version: HTTP/1.1)
HTTP/1.1 404 Not Found
Content-Type: application/json; charset=utf-8
cache-control: no-cache
content-length: 879

10:08:49.751 [AsyncHttpClient-1-10] DEBUG org.asynchttpclient.netty.channel.ChannelManager - Adding key: http://localhost:57773 for channel [id: 0xe92133be, L:/127.0.0.1:61613 - R:localhost/127.0.0.1:57773]
10:08:49.756 [Forwarding switchToWindow on session bc854607942dfbab35e417489e35434d to remote] DEBUG org.asynchttpclient.netty.request.NettyRequestSender - Using pooled Channel '[id: 0xe92133be, L:/127.0.0.1:61613 - R:localhost/127.0.0.1:57773]' for 'POST' to 'http://localhost:57773/session/bc854607942dfbab35e417489e35434d/window'
10:08:49.756 [Forwarding switchToWindow on session bc854607942dfbab35e417489e35434d to remote] DEBUG org.asynchttpclient.netty.request.NettyRequestSender - Using open Channel [id: 0xe92133be, L:/127.0.0.1:61613 - R:localhost/127.0.0.1:57773] for POST '/session/bc854607942dfbab35e417489e35434d/window'
10:08:49.759 [AsyncHttpClient-1-10] DEBUG org.asynchttpclient.netty.handler.HttpHandler - 

Request DefaultHttpRequest(decodeResult: success, version: HTTP/1.1)
POST /session/bc854607942dfbab35e417489e35434d/window HTTP/1.1
User-Agent: selenium/4.4.0 (java windows)
Content-Length: 59
Content-Type: application/json; charset=utf-8
host: localhost:57773
accept: */*

Response DefaultHttpResponse(decodeResult: success, version: HTTP/1.1)
HTTP/1.1 200 OK
Content-Type: application/json; charset=utf-8
cache-control: no-cache
content-length: 14

10:08:49.759 [AsyncHttpClient-1-10] DEBUG org.asynchttpclient.netty.channel.ChannelManager - Adding key: http://localhost:57773 for channel [id: 0xe92133be, L:/127.0.0.1:61613 - R:localhost/127.0.0.1:57773]
10:08:49.759 [Forwarding getCurrentUrl on session bc854607942dfbab35e417489e35434d to remote] DEBUG org.asynchttpclient.netty.request.NettyRequestSender - Using pooled Channel '[id: 0xe92133be, L:/127.0.0.1:61613 - R:localhost/127.0.0.1:57773]' for 'GET' to 'http://localhost:57773/session/bc854607942dfbab35e417489e35434d/url'
10:08:49.759 [Forwarding getCurrentUrl on session bc854607942dfbab35e417489e35434d to remote] DEBUG org.asynchttpclient.netty.request.NettyRequestSender - Using open Channel [id: 0xe92133be, L:/127.0.0.1:61613 - R:localhost/127.0.0.1:57773] for GET '/session/bc854607942dfbab35e417489e35434d/url'
10:08:49.762 [AsyncHttpClient-1-10] DEBUG org.asynchttpclient.netty.handler.HttpHandler - 

Request DefaultFullHttpRequest(decodeResult: success, version: HTTP/1.1, content: EmptyByteBufBE)
GET /session/bc854607942dfbab35e417489e35434d/url HTTP/1.1
User-Agent: selenium/4.4.0 (java windows)
Cache-Control: no-cache
Content-Type: application/json; charset=utf-8
host: localhost:57773
accept: */*

Response DefaultHttpResponse(decodeResult: success, version: HTTP/1.1)
HTTP/1.1 200 OK
Content-Type: application/json; charset=utf-8
cache-control: no-cache
content-length: 38

10:08:49.762 [AsyncHttpClient-1-10] DEBUG org.asynchttpclient.netty.channel.ChannelManager - Adding key: http://localhost:57773 for channel [id: 0xe92133be, L:/127.0.0.1:61613 - R:localhost/127.0.0.1:57773]
10:08:49.762 [Forwarding screenshot on session bc854607942dfbab35e417489e35434d to remote] DEBUG org.asynchttpclient.netty.request.NettyRequestSender - Using pooled Channel '[id: 0xe92133be, L:/127.0.0.1:61613 - R:localhost/127.0.0.1:57773]' for 'GET' to 'http://localhost:57773/session/bc854607942dfbab35e417489e35434d/screenshot'
10:08:49.762 [Forwarding screenshot on session bc854607942dfbab35e417489e35434d to remote] DEBUG org.asynchttpclient.netty.request.NettyRequestSender - Using open Channel [id: 0xe92133be, L:/127.0.0.1:61613 - R:localhost/127.0.0.1:57773] for GET '/session/bc854607942dfbab35e417489e35434d/screenshot'
10:08:49.842 [AsyncHttpClient-1-10] DEBUG org.asynchttpclient.netty.handler.HttpHandler - 

Request DefaultFullHttpRequest(decodeResult: success, version: HTTP/1.1, content: EmptyByteBufBE)
GET /session/bc854607942dfbab35e417489e35434d/screenshot HTTP/1.1
User-Agent: selenium/4.4.0 (java windows)
Cache-Control: no-cache
Content-Type: application/json; charset=utf-8
host: localhost:57773
accept: */*

Response DefaultHttpResponse(decodeResult: success, version: HTTP/1.1)
HTTP/1.1 200 OK
Content-Type: application/json; charset=utf-8
cache-control: no-cache
content-length: 58468

10:08:49.843 [AsyncHttpClient-1-10] DEBUG org.asynchttpclient.netty.channel.ChannelManager - Adding key: http://localhost:57773 for channel [id: 0xe92133be, L:/127.0.0.1:61613 - R:localhost/127.0.0.1:57773]
10:08:49.844 [Test worker] DEBUG net.serenitybdd.core.photography.Darkroom - Send negative for processing for C:\Users\juan.gomezv\IdeaProjects\sura\target\site\serenity\3928254ac939cb654635a6fe0cdcba17cdafb3fae09b0fc2384a6404e2fbc8c4.png
10:08:49.844 [Test worker] DEBUG net.thucydides.core.steps.StepInterceptor - STEP DONE: {0} enters #theTextAsAString into #target
10:08:49.853 [Forwarding getPageSource on session bc854607942dfbab35e417489e35434d to remote] DEBUG org.asynchttpclient.netty.request.NettyRequestSender - Using pooled Channel '[id: 0xe92133be, L:/127.0.0.1:61613 - R:localhost/127.0.0.1:57773]' for 'POST' to 'http://localhost:57773/session/bc854607942dfbab35e417489e35434d/execute/sync'
10:08:49.853 [Forwarding getPageSource on session bc854607942dfbab35e417489e35434d to remote] DEBUG org.asynchttpclient.netty.request.NettyRequestSender - Using open Channel [id: 0xe92133be, L:/127.0.0.1:61613 - R:localhost/127.0.0.1:57773] for POST '/session/bc854607942dfbab35e417489e35434d/execute/sync'
10:08:49.858 [AsyncHttpClient-1-10] DEBUG org.asynchttpclient.netty.handler.HttpHandler - 

Request DefaultHttpRequest(decodeResult: success, version: HTTP/1.1)
POST /session/bc854607942dfbab35e417489e35434d/execute/sync HTTP/1.1
User-Agent: selenium/4.4.0 (java windows)
Content-Length: 176
Content-Type: application/json; charset=utf-8
host: localhost:57773
accept: */*

Response DefaultHttpResponse(decodeResult: success, version: HTTP/1.1)
HTTP/1.1 200 OK
Content-Type: application/json; charset=utf-8
cache-control: no-cache
content-length: 4185

10:08:49.858 [AsyncHttpClient-1-10] DEBUG org.asynchttpclient.netty.channel.ChannelManager - Adding key: http://localhost:57773 for channel [id: 0xe92133be, L:/127.0.0.1:61613 - R:localhost/127.0.0.1:57773]
10:08:49.859 [Forwarding getCurrentUrl on session bc854607942dfbab35e417489e35434d to remote] DEBUG org.asynchttpclient.netty.request.NettyRequestSender - Using pooled Channel '[id: 0xe92133be, L:/127.0.0.1:61613 - R:localhost/127.0.0.1:57773]' for 'GET' to 'http://localhost:57773/session/bc854607942dfbab35e417489e35434d/url'
10:08:49.859 [Forwarding getCurrentUrl on session bc854607942dfbab35e417489e35434d to remote] DEBUG org.asynchttpclient.netty.request.NettyRequestSender - Using open Channel [id: 0xe92133be, L:/127.0.0.1:61613 - R:localhost/127.0.0.1:57773] for GET '/session/bc854607942dfbab35e417489e35434d/url'
10:08:49.862 [AsyncHttpClient-1-10] DEBUG org.asynchttpclient.netty.handler.HttpHandler - 

Request DefaultFullHttpRequest(decodeResult: success, version: HTTP/1.1, content: EmptyByteBufBE)
GET /session/bc854607942dfbab35e417489e35434d/url HTTP/1.1
User-Agent: selenium/4.4.0 (java windows)
Cache-Control: no-cache
Content-Type: application/json; charset=utf-8
host: localhost:57773
accept: */*

Response DefaultHttpResponse(decodeResult: success, version: HTTP/1.1)
HTTP/1.1 200 OK
Content-Type: application/json; charset=utf-8
cache-control: no-cache
content-length: 38

10:08:49.862 [AsyncHttpClient-1-10] DEBUG org.asynchttpclient.netty.channel.ChannelManager - Adding key: http://localhost:57773 for channel [id: 0xe92133be, L:/127.0.0.1:61613 - R:localhost/127.0.0.1:57773]
10:08:49.863 [Test worker] DEBUG net.thucydides.core.steps.StepInterceptor - STARTING STEP: LogIn.performAs - {0} clicks on #target
10:08:49.864 [Test worker] DEBUG net.serenitybdd.screenplay.targets.IFrameSwitcher - default content already selected for LogIn Button
10:08:49.885 [Forwarding findElement on session bc854607942dfbab35e417489e35434d to remote] DEBUG org.asynchttpclient.netty.request.NettyRequestSender - Using pooled Channel '[id: 0xe92133be, L:/127.0.0.1:61613 - R:localhost/127.0.0.1:57773]' for 'POST' to 'http://localhost:57773/session/bc854607942dfbab35e417489e35434d/element'
10:08:49.885 [Forwarding findElement on session bc854607942dfbab35e417489e35434d to remote] DEBUG org.asynchttpclient.netty.request.NettyRequestSender - Using open Channel [id: 0xe92133be, L:/127.0.0.1:61613 - R:localhost/127.0.0.1:57773] for POST '/session/bc854607942dfbab35e417489e35434d/element'
10:08:49.894 [AsyncHttpClient-1-10] DEBUG org.asynchttpclient.netty.handler.HttpHandler - 

Request DefaultHttpRequest(decodeResult: success, version: HTTP/1.1)
POST /session/bc854607942dfbab35e417489e35434d/element HTTP/1.1
User-Agent: selenium/4.4.0 (java windows)
Content-Length: 70
Content-Type: application/json; charset=utf-8
host: localhost:57773
accept: */*

Response DefaultHttpResponse(decodeResult: success, version: HTTP/1.1)
HTTP/1.1 200 OK
Content-Type: application/json; charset=utf-8
cache-control: no-cache
content-length: 88

10:08:49.894 [AsyncHttpClient-1-10] DEBUG org.asynchttpclient.netty.channel.ChannelManager - Adding key: http://localhost:57773 for channel [id: 0xe92133be, L:/127.0.0.1:61613 - R:localhost/127.0.0.1:57773]
10:08:49.898 [Forwarding isElementDisplayed on session bc854607942dfbab35e417489e35434d to remote] DEBUG org.asynchttpclient.netty.request.NettyRequestSender - Using pooled Channel '[id: 0xe92133be, L:/127.0.0.1:61613 - R:localhost/127.0.0.1:57773]' for 'POST' to 'http://localhost:57773/session/bc854607942dfbab35e417489e35434d/execute/sync'
10:08:49.898 [Forwarding isElementDisplayed on session bc854607942dfbab35e417489e35434d to remote] DEBUG org.asynchttpclient.netty.request.NettyRequestSender - Using open Channel [id: 0xe92133be, L:/127.0.0.1:61613 - R:localhost/127.0.0.1:57773] for POST '/session/bc854607942dfbab35e417489e35434d/execute/sync'
10:08:49.910 [AsyncHttpClient-1-10] DEBUG org.asynchttpclient.netty.handler.HttpHandler - 

Request DefaultHttpRequest(decodeResult: success, version: HTTP/1.1)
POST /session/bc854607942dfbab35e417489e35434d/execute/sync HTTP/1.1
User-Agent: selenium/4.4.0 (java windows)
Content-Length: 48780
Content-Type: application/json; charset=utf-8
host: localhost:57773
accept: */*

Response DefaultHttpResponse(decodeResult: success, version: HTTP/1.1)
HTTP/1.1 200 OK
Content-Type: application/json; charset=utf-8
cache-control: no-cache
content-length: 14

10:08:49.910 [AsyncHttpClient-1-10] DEBUG org.asynchttpclient.netty.channel.ChannelManager - Adding key: http://localhost:57773 for channel [id: 0xe92133be, L:/127.0.0.1:61613 - R:localhost/127.0.0.1:57773]
10:08:49.915 [Forwarding findElement on session bc854607942dfbab35e417489e35434d to remote] DEBUG org.asynchttpclient.netty.request.NettyRequestSender - Using pooled Channel '[id: 0xe92133be, L:/127.0.0.1:61613 - R:localhost/127.0.0.1:57773]' for 'POST' to 'http://localhost:57773/session/bc854607942dfbab35e417489e35434d/element'
10:08:49.915 [Forwarding findElement on session bc854607942dfbab35e417489e35434d to remote] DEBUG org.asynchttpclient.netty.request.NettyRequestSender - Using open Channel [id: 0xe92133be, L:/127.0.0.1:61613 - R:localhost/127.0.0.1:57773] for POST '/session/bc854607942dfbab35e417489e35434d/element'
10:08:49.922 [AsyncHttpClient-1-10] DEBUG org.asynchttpclient.netty.handler.HttpHandler - 

Request DefaultHttpRequest(decodeResult: success, version: HTTP/1.1)
POST /session/bc854607942dfbab35e417489e35434d/element HTTP/1.1
User-Agent: selenium/4.4.0 (java windows)
Content-Length: 70
Content-Type: application/json; charset=utf-8
host: localhost:57773
accept: */*

Response DefaultHttpResponse(decodeResult: success, version: HTTP/1.1)
HTTP/1.1 200 OK
Content-Type: application/json; charset=utf-8
cache-control: no-cache
content-length: 88

10:08:49.922 [AsyncHttpClient-1-10] DEBUG org.asynchttpclient.netty.channel.ChannelManager - Adding key: http://localhost:57773 for channel [id: 0xe92133be, L:/127.0.0.1:61613 - R:localhost/127.0.0.1:57773]
10:08:49.922 [Forwarding clickElement on session bc854607942dfbab35e417489e35434d to remote] DEBUG org.asynchttpclient.netty.request.NettyRequestSender - Using pooled Channel '[id: 0xe92133be, L:/127.0.0.1:61613 - R:localhost/127.0.0.1:57773]' for 'POST' to 'http://localhost:57773/session/bc854607942dfbab35e417489e35434d/element/8b1b3b70-1c40-46e1-8876-e1300dc39240/click'
10:08:49.922 [Forwarding clickElement on session bc854607942dfbab35e417489e35434d to remote] DEBUG org.asynchttpclient.netty.request.NettyRequestSender - Using open Channel [id: 0xe92133be, L:/127.0.0.1:61613 - R:localhost/127.0.0.1:57773] for POST '/session/bc854607942dfbab35e417489e35434d/element/8b1b3b70-1c40-46e1-8876-e1300dc39240/click'
10:08:49.994 [AsyncHttpClient-1-10] DEBUG org.asynchttpclient.netty.handler.HttpHandler - 

Request DefaultHttpRequest(decodeResult: success, version: HTTP/1.1)
POST /session/bc854607942dfbab35e417489e35434d/element/8b1b3b70-1c40-46e1-8876-e1300dc39240/click HTTP/1.1
User-Agent: selenium/4.4.0 (java windows)
Content-Length: 50
Content-Type: application/json; charset=utf-8
host: localhost:57773
accept: */*

Response DefaultHttpResponse(decodeResult: success, version: HTTP/1.1)
HTTP/1.1 200 OK
Content-Type: application/json; charset=utf-8
cache-control: no-cache
content-length: 14

10:08:49.994 [AsyncHttpClient-1-10] DEBUG org.asynchttpclient.netty.channel.ChannelManager - Adding key: http://localhost:57773 for channel [id: 0xe92133be, L:/127.0.0.1:61613 - R:localhost/127.0.0.1:57773]
10:08:50.014 [Forwarding getCurrentWindowHandle on session bc854607942dfbab35e417489e35434d to remote] DEBUG org.asynchttpclient.netty.request.NettyRequestSender - Using pooled Channel '[id: 0xe92133be, L:/127.0.0.1:61613 - R:localhost/127.0.0.1:57773]' for 'GET' to 'http://localhost:57773/session/bc854607942dfbab35e417489e35434d/window'
10:08:50.014 [Forwarding getCurrentWindowHandle on session bc854607942dfbab35e417489e35434d to remote] DEBUG org.asynchttpclient.netty.request.NettyRequestSender - Using open Channel [id: 0xe92133be, L:/127.0.0.1:61613 - R:localhost/127.0.0.1:57773] for GET '/session/bc854607942dfbab35e417489e35434d/window'
10:08:50.015 [AsyncHttpClient-1-10] DEBUG org.asynchttpclient.netty.handler.HttpHandler - 

Request DefaultFullHttpRequest(decodeResult: success, version: HTTP/1.1, content: EmptyByteBufBE)
GET /session/bc854607942dfbab35e417489e35434d/window HTTP/1.1
User-Agent: selenium/4.4.0 (java windows)
Cache-Control: no-cache
Content-Type: application/json; charset=utf-8
host: localhost:57773
accept: */*

Response DefaultHttpResponse(decodeResult: success, version: HTTP/1.1)
HTTP/1.1 200 OK
Content-Type: application/json; charset=utf-8
cache-control: no-cache
content-length: 53

10:08:50.015 [AsyncHttpClient-1-10] DEBUG org.asynchttpclient.netty.channel.ChannelManager - Adding key: http://localhost:57773 for channel [id: 0xe92133be, L:/127.0.0.1:61613 - R:localhost/127.0.0.1:57773]
10:08:50.020 [Forwarding getAlertText on session bc854607942dfbab35e417489e35434d to remote] DEBUG org.asynchttpclient.netty.request.NettyRequestSender - Using pooled Channel '[id: 0xe92133be, L:/127.0.0.1:61613 - R:localhost/127.0.0.1:57773]' for 'GET' to 'http://localhost:57773/session/bc854607942dfbab35e417489e35434d/alert/text'
10:08:50.020 [Forwarding getAlertText on session bc854607942dfbab35e417489e35434d to remote] DEBUG org.asynchttpclient.netty.request.NettyRequestSender - Using open Channel [id: 0xe92133be, L:/127.0.0.1:61613 - R:localhost/127.0.0.1:57773] for GET '/session/bc854607942dfbab35e417489e35434d/alert/text'
10:08:50.022 [AsyncHttpClient-1-10] DEBUG org.asynchttpclient.netty.handler.HttpHandler - 

Request DefaultFullHttpRequest(decodeResult: success, version: HTTP/1.1, content: EmptyByteBufBE)
GET /session/bc854607942dfbab35e417489e35434d/alert/text HTTP/1.1
User-Agent: selenium/4.4.0 (java windows)
Cache-Control: no-cache
Content-Type: application/json; charset=utf-8
host: localhost:57773
accept: */*

Response DefaultHttpResponse(decodeResult: success, version: HTTP/1.1)
HTTP/1.1 404 Not Found
Content-Type: application/json; charset=utf-8
cache-control: no-cache
content-length: 879

10:08:50.022 [AsyncHttpClient-1-10] DEBUG org.asynchttpclient.netty.channel.ChannelManager - Adding key: http://localhost:57773 for channel [id: 0xe92133be, L:/127.0.0.1:61613 - R:localhost/127.0.0.1:57773]
10:08:50.028 [Forwarding switchToWindow on session bc854607942dfbab35e417489e35434d to remote] DEBUG org.asynchttpclient.netty.request.NettyRequestSender - Using pooled Channel '[id: 0xe92133be, L:/127.0.0.1:61613 - R:localhost/127.0.0.1:57773]' for 'POST' to 'http://localhost:57773/session/bc854607942dfbab35e417489e35434d/window'
10:08:50.028 [Forwarding switchToWindow on session bc854607942dfbab35e417489e35434d to remote] DEBUG org.asynchttpclient.netty.request.NettyRequestSender - Using open Channel [id: 0xe92133be, L:/127.0.0.1:61613 - R:localhost/127.0.0.1:57773] for POST '/session/bc854607942dfbab35e417489e35434d/window'
10:08:50.031 [AsyncHttpClient-1-10] DEBUG org.asynchttpclient.netty.handler.HttpHandler - 

Request DefaultHttpRequest(decodeResult: success, version: HTTP/1.1)
POST /session/bc854607942dfbab35e417489e35434d/window HTTP/1.1
User-Agent: selenium/4.4.0 (java windows)
Content-Length: 59
Content-Type: application/json; charset=utf-8
host: localhost:57773
accept: */*

Response DefaultHttpResponse(decodeResult: success, version: HTTP/1.1)
HTTP/1.1 200 OK
Content-Type: application/json; charset=utf-8
cache-control: no-cache
content-length: 14

10:08:50.031 [AsyncHttpClient-1-10] DEBUG org.asynchttpclient.netty.channel.ChannelManager - Adding key: http://localhost:57773 for channel [id: 0xe92133be, L:/127.0.0.1:61613 - R:localhost/127.0.0.1:57773]
10:08:50.032 [Forwarding getCurrentUrl on session bc854607942dfbab35e417489e35434d to remote] DEBUG org.asynchttpclient.netty.request.NettyRequestSender - Using pooled Channel '[id: 0xe92133be, L:/127.0.0.1:61613 - R:localhost/127.0.0.1:57773]' for 'GET' to 'http://localhost:57773/session/bc854607942dfbab35e417489e35434d/url'
10:08:50.032 [Forwarding getCurrentUrl on session bc854607942dfbab35e417489e35434d to remote] DEBUG org.asynchttpclient.netty.request.NettyRequestSender - Using open Channel [id: 0xe92133be, L:/127.0.0.1:61613 - R:localhost/127.0.0.1:57773] for GET '/session/bc854607942dfbab35e417489e35434d/url'
10:08:50.036 [AsyncHttpClient-1-10] DEBUG org.asynchttpclient.netty.handler.HttpHandler - 

Request DefaultFullHttpRequest(decodeResult: success, version: HTTP/1.1, content: EmptyByteBufBE)
GET /session/bc854607942dfbab35e417489e35434d/url HTTP/1.1
User-Agent: selenium/4.4.0 (java windows)
Cache-Control: no-cache
Content-Type: application/json; charset=utf-8
host: localhost:57773
accept: */*

Response DefaultHttpResponse(decodeResult: success, version: HTTP/1.1)
HTTP/1.1 200 OK
Content-Type: application/json; charset=utf-8
cache-control: no-cache
content-length: 52

10:08:50.036 [AsyncHttpClient-1-10] DEBUG org.asynchttpclient.netty.channel.ChannelManager - Adding key: http://localhost:57773 for channel [id: 0xe92133be, L:/127.0.0.1:61613 - R:localhost/127.0.0.1:57773]
10:08:50.037 [Forwarding screenshot on session bc854607942dfbab35e417489e35434d to remote] DEBUG org.asynchttpclient.netty.request.NettyRequestSender - Using pooled Channel '[id: 0xe92133be, L:/127.0.0.1:61613 - R:localhost/127.0.0.1:57773]' for 'GET' to 'http://localhost:57773/session/bc854607942dfbab35e417489e35434d/screenshot'
10:08:50.037 [Forwarding screenshot on session bc854607942dfbab35e417489e35434d to remote] DEBUG org.asynchttpclient.netty.request.NettyRequestSender - Using open Channel [id: 0xe92133be, L:/127.0.0.1:61613 - R:localhost/127.0.0.1:57773] for GET '/session/bc854607942dfbab35e417489e35434d/screenshot'
10:08:50.259 [AsyncHttpClient-1-10] DEBUG org.asynchttpclient.netty.handler.HttpHandler - 

Request DefaultFullHttpRequest(decodeResult: success, version: HTTP/1.1, content: EmptyByteBufBE)
GET /session/bc854607942dfbab35e417489e35434d/screenshot HTTP/1.1
User-Agent: selenium/4.4.0 (java windows)
Cache-Control: no-cache
Content-Type: application/json; charset=utf-8
host: localhost:57773
accept: */*

Response DefaultHttpResponse(decodeResult: success, version: HTTP/1.1)
HTTP/1.1 200 OK
Content-Type: application/json; charset=utf-8
cache-control: no-cache
content-length: 316072

10:08:50.260 [AsyncHttpClient-1-10] DEBUG org.asynchttpclient.netty.channel.ChannelManager - Adding key: http://localhost:57773 for channel [id: 0xe92133be, L:/127.0.0.1:61613 - R:localhost/127.0.0.1:57773]
10:08:50.264 [Test worker] DEBUG net.serenitybdd.core.photography.Darkroom - Send negative for processing for C:\Users\juan.gomezv\IdeaProjects\sura\target\site\serenity\e44069ae212a02c6322b8bddc355adc221270edded46bd42546211af4a56801c.png
10:08:50.264 [Test worker] DEBUG net.thucydides.core.steps.StepInterceptor - STEP DONE: {0} clicks on #target
10:08:50.271 [Test worker] DEBUG net.thucydides.core.steps.StepInterceptor - STEP DONE: performAs
  ?[32mDado ?[0m?[32mque ?[0m?[32m?[1mAna?[0m?[32m ingresa con una cuenta valida como la de ?[0m?[32m?[1m"STANDARD_USER"?[0m?[32m a Swaglabs?[0m ?[90m# sura.stepDefinitions.SharedBackgroundSteps.ingresaConUnaCuentaValidaASwaglabs(net.serenitybdd.screenplay.Actor,java.lang.String)?[0m
10:08:50.284 [Forwarding getPageSource on session bc854607942dfbab35e417489e35434d to remote] DEBUG org.asynchttpclient.netty.request.NettyRequestSender - Using pooled Channel '[id: 0xe92133be, L:/127.0.0.1:61613 - R:localhost/127.0.0.1:57773]' for 'POST' to 'http://localhost:57773/session/bc854607942dfbab35e417489e35434d/execute/sync'
10:08:50.284 [Forwarding getPageSource on session bc854607942dfbab35e417489e35434d to remote] DEBUG org.asynchttpclient.netty.request.NettyRequestSender - Using open Channel [id: 0xe92133be, L:/127.0.0.1:61613 - R:localhost/127.0.0.1:57773] for POST '/session/bc854607942dfbab35e417489e35434d/execute/sync'
10:08:50.291 [AsyncHttpClient-1-10] DEBUG org.asynchttpclient.netty.handler.HttpHandler - 

Request DefaultHttpRequest(decodeResult: success, version: HTTP/1.1)
POST /session/bc854607942dfbab35e417489e35434d/execute/sync HTTP/1.1
User-Agent: selenium/4.4.0 (java windows)
Content-Length: 176
Content-Type: application/json; charset=utf-8
host: localhost:57773
accept: */*

Response DefaultHttpResponse(decodeResult: success, version: HTTP/1.1)
HTTP/1.1 200 OK
Content-Type: application/json; charset=utf-8
cache-control: no-cache
content-length: 15254

10:08:50.291 [AsyncHttpClient-1-10] DEBUG org.asynchttpclient.netty.channel.ChannelManager - Adding key: http://localhost:57773 for channel [id: 0xe92133be, L:/127.0.0.1:61613 - R:localhost/127.0.0.1:57773]
10:08:50.292 [Forwarding getCurrentUrl on session bc854607942dfbab35e417489e35434d to remote] DEBUG org.asynchttpclient.netty.request.NettyRequestSender - Using pooled Channel '[id: 0xe92133be, L:/127.0.0.1:61613 - R:localhost/127.0.0.1:57773]' for 'GET' to 'http://localhost:57773/session/bc854607942dfbab35e417489e35434d/url'
10:08:50.292 [Forwarding getCurrentUrl on session bc854607942dfbab35e417489e35434d to remote] DEBUG org.asynchttpclient.netty.request.NettyRequestSender - Using open Channel [id: 0xe92133be, L:/127.0.0.1:61613 - R:localhost/127.0.0.1:57773] for GET '/session/bc854607942dfbab35e417489e35434d/url'
10:08:50.295 [AsyncHttpClient-1-10] DEBUG org.asynchttpclient.netty.handler.HttpHandler - 

Request DefaultFullHttpRequest(decodeResult: success, version: HTTP/1.1, content: EmptyByteBufBE)
GET /session/bc854607942dfbab35e417489e35434d/url HTTP/1.1
User-Agent: selenium/4.4.0 (java windows)
Cache-Control: no-cache
Content-Type: application/json; charset=utf-8
host: localhost:57773
accept: */*

Response DefaultHttpResponse(decodeResult: success, version: HTTP/1.1)
HTTP/1.1 200 OK
Content-Type: application/json; charset=utf-8
cache-control: no-cache
content-length: 52

10:08:50.295 [AsyncHttpClient-1-10] DEBUG org.asynchttpclient.netty.channel.ChannelManager - Adding key: http://localhost:57773 for channel [id: 0xe92133be, L:/127.0.0.1:61613 - R:localhost/127.0.0.1:57773]
10:08:50.312 [Forwarding getPageSource on session bc854607942dfbab35e417489e35434d to remote] DEBUG org.asynchttpclient.netty.request.NettyRequestSender - Using pooled Channel '[id: 0xe92133be, L:/127.0.0.1:61613 - R:localhost/127.0.0.1:57773]' for 'POST' to 'http://localhost:57773/session/bc854607942dfbab35e417489e35434d/execute/sync'
10:08:50.312 [Forwarding getPageSource on session bc854607942dfbab35e417489e35434d to remote] DEBUG org.asynchttpclient.netty.request.NettyRequestSender - Using open Channel [id: 0xe92133be, L:/127.0.0.1:61613 - R:localhost/127.0.0.1:57773] for POST '/session/bc854607942dfbab35e417489e35434d/execute/sync'
10:08:50.317 [AsyncHttpClient-1-10] DEBUG org.asynchttpclient.netty.handler.HttpHandler - 

Request DefaultHttpRequest(decodeResult: success, version: HTTP/1.1)
POST /session/bc854607942dfbab35e417489e35434d/execute/sync HTTP/1.1
User-Agent: selenium/4.4.0 (java windows)
Content-Length: 176
Content-Type: application/json; charset=utf-8
host: localhost:57773
accept: */*

Response DefaultHttpResponse(decodeResult: success, version: HTTP/1.1)
HTTP/1.1 200 OK
Content-Type: application/json; charset=utf-8
cache-control: no-cache
content-length: 15254

10:08:50.318 [AsyncHttpClient-1-10] DEBUG org.asynchttpclient.netty.channel.ChannelManager - Adding key: http://localhost:57773 for channel [id: 0xe92133be, L:/127.0.0.1:61613 - R:localhost/127.0.0.1:57773]
10:08:50.319 [Forwarding getCurrentUrl on session bc854607942dfbab35e417489e35434d to remote] DEBUG org.asynchttpclient.netty.request.NettyRequestSender - Using pooled Channel '[id: 0xe92133be, L:/127.0.0.1:61613 - R:localhost/127.0.0.1:57773]' for 'GET' to 'http://localhost:57773/session/bc854607942dfbab35e417489e35434d/url'
10:08:50.319 [Forwarding getCurrentUrl on session bc854607942dfbab35e417489e35434d to remote] DEBUG org.asynchttpclient.netty.request.NettyRequestSender - Using open Channel [id: 0xe92133be, L:/127.0.0.1:61613 - R:localhost/127.0.0.1:57773] for GET '/session/bc854607942dfbab35e417489e35434d/url'
10:08:50.323 [AsyncHttpClient-1-10] DEBUG org.asynchttpclient.netty.handler.HttpHandler - 

Request DefaultFullHttpRequest(decodeResult: success, version: HTTP/1.1, content: EmptyByteBufBE)
GET /session/bc854607942dfbab35e417489e35434d/url HTTP/1.1
User-Agent: selenium/4.4.0 (java windows)
Cache-Control: no-cache
Content-Type: application/json; charset=utf-8
host: localhost:57773
accept: */*

Response DefaultHttpResponse(decodeResult: success, version: HTTP/1.1)
HTTP/1.1 200 OK
Content-Type: application/json; charset=utf-8
cache-control: no-cache
content-length: 52

10:08:50.323 [AsyncHttpClient-1-10] DEBUG org.asynchttpclient.netty.channel.ChannelManager - Adding key: http://localhost:57773 for channel [id: 0xe92133be, L:/127.0.0.1:61613 - R:localhost/127.0.0.1:57773]
10:08:50.324 [Test worker] DEBUG net.thucydides.core.steps.StepInterceptor - STARTING STEP: PurchaseSteps.haceClickEnElBotonDelArticulo - performAs
10:08:50.340 [Forwarding getCurrentWindowHandle on session bc854607942dfbab35e417489e35434d to remote] DEBUG org.asynchttpclient.netty.request.NettyRequestSender - Using pooled Channel '[id: 0xe92133be, L:/127.0.0.1:61613 - R:localhost/127.0.0.1:57773]' for 'GET' to 'http://localhost:57773/session/bc854607942dfbab35e417489e35434d/window'
10:08:50.340 [Forwarding getCurrentWindowHandle on session bc854607942dfbab35e417489e35434d to remote] DEBUG org.asynchttpclient.netty.request.NettyRequestSender - Using open Channel [id: 0xe92133be, L:/127.0.0.1:61613 - R:localhost/127.0.0.1:57773] for GET '/session/bc854607942dfbab35e417489e35434d/window'
10:08:50.341 [AsyncHttpClient-1-10] DEBUG org.asynchttpclient.netty.handler.HttpHandler - 

Request DefaultFullHttpRequest(decodeResult: success, version: HTTP/1.1, content: EmptyByteBufBE)
GET /session/bc854607942dfbab35e417489e35434d/window HTTP/1.1
User-Agent: selenium/4.4.0 (java windows)
Cache-Control: no-cache
Content-Type: application/json; charset=utf-8
host: localhost:57773
accept: */*

Response DefaultHttpResponse(decodeResult: success, version: HTTP/1.1)
HTTP/1.1 200 OK
Content-Type: application/json; charset=utf-8
cache-control: no-cache
content-length: 53

10:08:50.341 [AsyncHttpClient-1-10] DEBUG org.asynchttpclient.netty.channel.ChannelManager - Adding key: http://localhost:57773 for channel [id: 0xe92133be, L:/127.0.0.1:61613 - R:localhost/127.0.0.1:57773]
10:08:50.344 [Forwarding getAlertText on session bc854607942dfbab35e417489e35434d to remote] DEBUG org.asynchttpclient.netty.request.NettyRequestSender - Using pooled Channel '[id: 0xe92133be, L:/127.0.0.1:61613 - R:localhost/127.0.0.1:57773]' for 'GET' to 'http://localhost:57773/session/bc854607942dfbab35e417489e35434d/alert/text'
10:08:50.344 [Forwarding getAlertText on session bc854607942dfbab35e417489e35434d to remote] DEBUG org.asynchttpclient.netty.request.NettyRequestSender - Using open Channel [id: 0xe92133be, L:/127.0.0.1:61613 - R:localhost/127.0.0.1:57773] for GET '/session/bc854607942dfbab35e417489e35434d/alert/text'
10:08:50.346 [AsyncHttpClient-1-10] DEBUG org.asynchttpclient.netty.handler.HttpHandler - 

Request DefaultFullHttpRequest(decodeResult: success, version: HTTP/1.1, content: EmptyByteBufBE)
GET /session/bc854607942dfbab35e417489e35434d/alert/text HTTP/1.1
User-Agent: selenium/4.4.0 (java windows)
Cache-Control: no-cache
Content-Type: application/json; charset=utf-8
host: localhost:57773
accept: */*

Response DefaultHttpResponse(decodeResult: success, version: HTTP/1.1)
HTTP/1.1 404 Not Found
Content-Type: application/json; charset=utf-8
cache-control: no-cache
content-length: 879

10:08:50.346 [AsyncHttpClient-1-10] DEBUG org.asynchttpclient.netty.channel.ChannelManager - Adding key: http://localhost:57773 for channel [id: 0xe92133be, L:/127.0.0.1:61613 - R:localhost/127.0.0.1:57773]
10:08:50.349 [Forwarding switchToWindow on session bc854607942dfbab35e417489e35434d to remote] DEBUG org.asynchttpclient.netty.request.NettyRequestSender - Using pooled Channel '[id: 0xe92133be, L:/127.0.0.1:61613 - R:localhost/127.0.0.1:57773]' for 'POST' to 'http://localhost:57773/session/bc854607942dfbab35e417489e35434d/window'
10:08:50.349 [Forwarding switchToWindow on session bc854607942dfbab35e417489e35434d to remote] DEBUG org.asynchttpclient.netty.request.NettyRequestSender - Using open Channel [id: 0xe92133be, L:/127.0.0.1:61613 - R:localhost/127.0.0.1:57773] for POST '/session/bc854607942dfbab35e417489e35434d/window'
10:08:50.353 [AsyncHttpClient-1-10] DEBUG org.asynchttpclient.netty.handler.HttpHandler - 

Request DefaultHttpRequest(decodeResult: success, version: HTTP/1.1)
POST /session/bc854607942dfbab35e417489e35434d/window HTTP/1.1
User-Agent: selenium/4.4.0 (java windows)
Content-Length: 59
Content-Type: application/json; charset=utf-8
host: localhost:57773
accept: */*

Response DefaultHttpResponse(decodeResult: success, version: HTTP/1.1)
HTTP/1.1 200 OK
Content-Type: application/json; charset=utf-8
cache-control: no-cache
content-length: 14

10:08:50.353 [AsyncHttpClient-1-10] DEBUG org.asynchttpclient.netty.channel.ChannelManager - Adding key: http://localhost:57773 for channel [id: 0xe92133be, L:/127.0.0.1:61613 - R:localhost/127.0.0.1:57773]
[...]
10:08:55.559 [Forwarding isElementDisplayed on session 2089d4a5154639406bcb77e81f190746 to remote] DEBUG org.asynchttpclient.netty.request.NettyRequestSender - Using open Channel [id: 0x7c11f7a9, L:/127.0.0.1:61639 - R:localhost/127.0.0.1:53766] for POST '/session/2089d4a5154639406bcb77e81f190746/execute/sync'
10:08:55.565 [AsyncHttpClient-1-13] DEBUG org.asynchttpclient.netty.handler.HttpHandler - 

Request DefaultHttpRequest(decodeResult: success, version: HTTP/1.1)
POST /session/2089d4a5154639406bcb77e81f190746/execute/sync HTTP/1.1
User-Agent: selenium/4.4.0 (java windows)
Content-Length: 48780
Content-Type: application/json; charset=utf-8
host: localhost:53766
accept: */*

Response DefaultHttpResponse(decodeResult: success, version: HTTP/1.1)
HTTP/1.1 200 OK
Content-Type: application/json; charset=utf-8
cache-control: no-cache
content-length: 14

10:08:55.566 [AsyncHttpClient-1-13] DEBUG org.asynchttpclient.netty.channel.ChannelManager - Adding key: http://localhost:53766 for channel [id: 0x7c11f7a9, L:/127.0.0.1:61639 - R:localhost/127.0.0.1:53766]
10:08:55.569 [Forwarding clickElement on session 2089d4a5154639406bcb77e81f190746 to remote] DEBUG org.asynchttpclient.netty.request.NettyRequestSender - Using pooled Channel '[id: 0x7c11f7a9, L:/127.0.0.1:61639 - R:localhost/127.0.0.1:53766]' for 'POST' to 'http://localhost:53766/session/2089d4a5154639406bcb77e81f190746/element/65f01a13-9c35-431f-bdec-8259f206c15b/click'
10:08:55.569 [Forwarding clickElement on session 2089d4a5154639406bcb77e81f190746 to remote] DEBUG org.asynchttpclient.netty.request.NettyRequestSender - Using open Channel [id: 0x7c11f7a9, L:/127.0.0.1:61639 - R:localhost/127.0.0.1:53766] for POST '/session/2089d4a5154639406bcb77e81f190746/element/65f01a13-9c35-431f-bdec-8259f206c15b/click'
10:08:55.586 [AsyncHttpClient-1-13] DEBUG org.asynchttpclient.netty.handler.HttpHandler - 

Request DefaultHttpRequest(decodeResult: success, version: HTTP/1.1)
POST /session/2089d4a5154639406bcb77e81f190746/element/65f01a13-9c35-431f-bdec-8259f206c15b/click HTTP/1.1
User-Agent: selenium/4.4.0 (java windows)
Content-Length: 50
Content-Type: application/json; charset=utf-8
host: localhost:53766
accept: */*

Response DefaultHttpResponse(decodeResult: success, version: HTTP/1.1)
HTTP/1.1 200 OK
Content-Type: application/json; charset=utf-8
cache-control: no-cache
content-length: 14

10:08:55.586 [AsyncHttpClient-1-13] DEBUG org.asynchttpclient.netty.channel.ChannelManager - Adding key: http://localhost:53766 for channel [id: 0x7c11f7a9, L:/127.0.0.1:61639 - R:localhost/127.0.0.1:53766]
10:08:55.598 [Forwarding getCurrentWindowHandle on session 2089d4a5154639406bcb77e81f190746 to remote] DEBUG org.asynchttpclient.netty.request.NettyRequestSender - Using pooled Channel '[id: 0x7c11f7a9, L:/127.0.0.1:61639 - R:localhost/127.0.0.1:53766]' for 'GET' to 'http://localhost:53766/session/2089d4a5154639406bcb77e81f190746/window'
10:08:55.598 [Forwarding getCurrentWindowHandle on session 2089d4a5154639406bcb77e81f190746 to remote] DEBUG org.asynchttpclient.netty.request.NettyRequestSender - Using open Channel [id: 0x7c11f7a9, L:/127.0.0.1:61639 - R:localhost/127.0.0.1:53766] for GET '/session/2089d4a5154639406bcb77e81f190746/window'
10:08:55.599 [AsyncHttpClient-1-13] DEBUG org.asynchttpclient.netty.handler.HttpHandler - 

Request DefaultFullHttpRequest(decodeResult: success, version: HTTP/1.1, content: EmptyByteBufBE)
GET /session/2089d4a5154639406bcb77e81f190746/window HTTP/1.1
User-Agent: selenium/4.4.0 (java windows)
Cache-Control: no-cache
Content-Type: application/json; charset=utf-8
host: localhost:53766
accept: */*

Response DefaultHttpResponse(decodeResult: success, version: HTTP/1.1)
HTTP/1.1 200 OK
Content-Type: application/json; charset=utf-8
cache-control: no-cache
content-length: 53

10:08:55.599 [AsyncHttpClient-1-13] DEBUG org.asynchttpclient.netty.channel.ChannelManager - Adding key: http://localhost:53766 for channel [id: 0x7c11f7a9, L:/127.0.0.1:61639 - R:localhost/127.0.0.1:53766]
10:08:55.603 [Forwarding getAlertText on session 2089d4a5154639406bcb77e81f190746 to remote] DEBUG org.asynchttpclient.netty.request.NettyRequestSender - Using pooled Channel '[id: 0x7c11f7a9, L:/127.0.0.1:61639 - R:localhost/127.0.0.1:53766]' for 'GET' to 'http://localhost:53766/session/2089d4a5154639406bcb77e81f190746/alert/text'
10:08:55.603 [Forwarding getAlertText on session 2089d4a5154639406bcb77e81f190746 to remote] DEBUG org.asynchttpclient.netty.request.NettyRequestSender - Using open Channel [id: 0x7c11f7a9, L:/127.0.0.1:61639 - R:localhost/127.0.0.1:53766] for GET '/session/2089d4a5154639406bcb77e81f190746/alert/text'
10:08:55.604 [AsyncHttpClient-1-13] DEBUG org.asynchttpclient.netty.handler.HttpHandler - 

Request DefaultFullHttpRequest(decodeResult: success, version: HTTP/1.1, content: EmptyByteBufBE)
GET /session/2089d4a5154639406bcb77e81f190746/alert/text HTTP/1.1
User-Agent: selenium/4.4.0 (java windows)
Cache-Control: no-cache
Content-Type: application/json; charset=utf-8
host: localhost:53766
accept: */*

Response DefaultHttpResponse(decodeResult: success, version: HTTP/1.1)
HTTP/1.1 404 Not Found
Content-Type: application/json; charset=utf-8
cache-control: no-cache
content-length: 879

10:08:55.604 [AsyncHttpClient-1-13] DEBUG org.asynchttpclient.netty.channel.ChannelManager - Adding key: http://localhost:53766 for channel [id: 0x7c11f7a9, L:/127.0.0.1:61639 - R:localhost/127.0.0.1:53766]
10:08:55.608 [Forwarding switchToWindow on session 2089d4a5154639406bcb77e81f190746 to remote] DEBUG org.asynchttpclient.netty.request.NettyRequestSender - Using pooled Channel '[id: 0x7c11f7a9, L:/127.0.0.1:61639 - R:localhost/127.0.0.1:53766]' for 'POST' to 'http://localhost:53766/session/2089d4a5154639406bcb77e81f190746/window'
10:08:55.608 [Forwarding switchToWindow on session 2089d4a5154639406bcb77e81f190746 to remote] DEBUG org.asynchttpclient.netty.request.NettyRequestSender - Using open Channel [id: 0x7c11f7a9, L:/127.0.0.1:61639 - R:localhost/127.0.0.1:53766] for POST '/session/2089d4a5154639406bcb77e81f190746/window'
10:08:55.610 [AsyncHttpClient-1-13] DEBUG org.asynchttpclient.netty.handler.HttpHandler - 

Request DefaultHttpRequest(decodeResult: success, version: HTTP/1.1)
POST /session/2089d4a5154639406bcb77e81f190746/window HTTP/1.1
User-Agent: selenium/4.4.0 (java windows)
Content-Length: 59
Content-Type: application/json; charset=utf-8
host: localhost:53766
accept: */*

Response DefaultHttpResponse(decodeResult: success, version: HTTP/1.1)
HTTP/1.1 200 OK
Content-Type: application/json; charset=utf-8
cache-control: no-cache
content-length: 14

10:08:55.610 [AsyncHttpClient-1-13] DEBUG org.asynchttpclient.netty.channel.ChannelManager - Adding key: http://localhost:53766 for channel [id: 0x7c11f7a9, L:/127.0.0.1:61639 - R:localhost/127.0.0.1:53766]
10:08:55.610 [Forwarding getCurrentUrl on session 2089d4a5154639406bcb77e81f190746 to remote] DEBUG org.asynchttpclient.netty.request.NettyRequestSender - Using pooled Channel '[id: 0x7c11f7a9, L:/127.0.0.1:61639 - R:localhost/127.0.0.1:53766]' for 'GET' to 'http://localhost:53766/session/2089d4a5154639406bcb77e81f190746/url'
10:08:55.610 [Forwarding getCurrentUrl on session 2089d4a5154639406bcb77e81f190746 to remote] DEBUG org.asynchttpclient.netty.request.NettyRequestSender - Using open Channel [id: 0x7c11f7a9, L:/127.0.0.1:61639 - R:localhost/127.0.0.1:53766] for GET '/session/2089d4a5154639406bcb77e81f190746/url'
10:08:55.613 [AsyncHttpClient-1-13] DEBUG org.asynchttpclient.netty.handler.HttpHandler - 

Request DefaultFullHttpRequest(decodeResult: success, version: HTTP/1.1, content: EmptyByteBufBE)
GET /session/2089d4a5154639406bcb77e81f190746/url HTTP/1.1
User-Agent: selenium/4.4.0 (java windows)
Cache-Control: no-cache
Content-Type: application/json; charset=utf-8
host: localhost:53766
accept: */*

Response DefaultHttpResponse(decodeResult: success, version: HTTP/1.1)
HTTP/1.1 200 OK
Content-Type: application/json; charset=utf-8
cache-control: no-cache
content-length: 52

10:08:55.613 [AsyncHttpClient-1-13] DEBUG org.asynchttpclient.netty.channel.ChannelManager - Adding key: http://localhost:53766 for channel [id: 0x7c11f7a9, L:/127.0.0.1:61639 - R:localhost/127.0.0.1:53766]
10:08:55.614 [Forwarding screenshot on session 2089d4a5154639406bcb77e81f190746 to remote] DEBUG org.asynchttpclient.netty.request.NettyRequestSender - Using pooled Channel '[id: 0x7c11f7a9, L:/127.0.0.1:61639 - R:localhost/127.0.0.1:53766]' for 'GET' to 'http://localhost:53766/session/2089d4a5154639406bcb77e81f190746/screenshot'
10:08:55.614 [Forwarding screenshot on session 2089d4a5154639406bcb77e81f190746 to remote] DEBUG org.asynchttpclient.netty.request.NettyRequestSender - Using open Channel [id: 0x7c11f7a9, L:/127.0.0.1:61639 - R:localhost/127.0.0.1:53766] for GET '/session/2089d4a5154639406bcb77e81f190746/screenshot'
10:08:55.745 [AsyncHttpClient-1-13] DEBUG org.asynchttpclient.netty.handler.HttpHandler - 

Request DefaultFullHttpRequest(decodeResult: success, version: HTTP/1.1, content: EmptyByteBufBE)
GET /session/2089d4a5154639406bcb77e81f190746/screenshot HTTP/1.1
User-Agent: selenium/4.4.0 (java windows)
Cache-Control: no-cache
Content-Type: application/json; charset=utf-8
host: localhost:53766
accept: */*

Response DefaultHttpResponse(decodeResult: success, version: HTTP/1.1)
HTTP/1.1 200 OK
Content-Type: application/json; charset=utf-8
cache-control: no-cache
content-length: 387628

10:08:55.745 [AsyncHttpClient-1-13] DEBUG org.asynchttpclient.netty.channel.ChannelManager - Adding key: http://localhost:53766 for channel [id: 0x7c11f7a9, L:/127.0.0.1:61639 - R:localhost/127.0.0.1:53766]
10:08:55.751 [Test worker] DEBUG net.serenitybdd.core.photography.Darkroom - Send negative for processing for C:\Users\juan.gomezv\IdeaProjects\sura\target\site\serenity\f91164a022b8b8dfabddd0c8ea56ffe700366fa3f4d3b85ef7f3d0f8df841637.png
10:08:55.751 [Test worker] DEBUG net.thucydides.core.steps.StepInterceptor - STEP DONE: {0} clicks on #element
10:08:55.759 [Test worker] DEBUG net.thucydides.core.steps.StepInterceptor - STEP DONE: performAs
10:08:55.765 [Test worker] DEBUG net.thucydides.core.steps.StepInterceptor - STEP DONE: performAs
  ?[32mY ?[0m?[32m?[0m?[32m?[1mAna?[0m?[32m hace click en el boton del ?[0m?[32m?[1m2?[0m?[32m articulo?[0m                                      ?[90m# sura.stepDefinitions.PurchaseSteps.haceClickEnElBotonDelArticulo(net.serenitybdd.screenplay.Actor,java.lang.Integer)?[0m
10:08:55.781 [Forwarding getPageSource on session 2089d4a5154639406bcb77e81f190746 to remote] DEBUG org.asynchttpclient.netty.request.NettyRequestSender - Using pooled Channel '[id: 0x7c11f7a9, L:/127.0.0.1:61639 - R:localhost/127.0.0.1:53766]' for 'POST' to 'http://localhost:53766/session/2089d4a5154639406bcb77e81f190746/execute/sync'
10:08:55.781 [Forwarding getPageSource on session 2089d4a5154639406bcb77e81f190746 to remote] DEBUG org.asynchttpclient.netty.request.NettyRequestSender - Using open Channel [id: 0x7c11f7a9, L:/127.0.0.1:61639 - R:localhost/127.0.0.1:53766] for POST '/session/2089d4a5154639406bcb77e81f190746/execute/sync'
10:08:55.786 [AsyncHttpClient-1-13] DEBUG org.asynchttpclient.netty.handler.HttpHandler - 

Request DefaultHttpRequest(decodeResult: success, version: HTTP/1.1)
POST /session/2089d4a5154639406bcb77e81f190746/execute/sync HTTP/1.1
User-Agent: selenium/4.4.0 (java windows)
Content-Length: 176
Content-Type: application/json; charset=utf-8
host: localhost:53766
accept: */*

Response DefaultHttpResponse(decodeResult: success, version: HTTP/1.1)
HTTP/1.1 200 OK
Content-Type: application/json; charset=utf-8
cache-control: no-cache
content-length: 15306

10:08:55.787 [AsyncHttpClient-1-13] DEBUG org.asynchttpclient.netty.channel.ChannelManager - Adding key: http://localhost:53766 for channel [id: 0x7c11f7a9, L:/127.0.0.1:61639 - R:localhost/127.0.0.1:53766]
10:08:55.788 [Forwarding getCurrentUrl on session 2089d4a5154639406bcb77e81f190746 to remote] DEBUG org.asynchttpclient.netty.request.NettyRequestSender - Using pooled Channel '[id: 0x7c11f7a9, L:/127.0.0.1:61639 - R:localhost/127.0.0.1:53766]' for 'GET' to 'http://localhost:53766/session/2089d4a5154639406bcb77e81f190746/url'
10:08:55.788 [Forwarding getCurrentUrl on session 2089d4a5154639406bcb77e81f190746 to remote] DEBUG org.asynchttpclient.netty.request.NettyRequestSender - Using open Channel [id: 0x7c11f7a9, L:/127.0.0.1:61639 - R:localhost/127.0.0.1:53766] for GET '/session/2089d4a5154639406bcb77e81f190746/url'
10:08:55.792 [AsyncHttpClient-1-13] DEBUG org.asynchttpclient.netty.handler.HttpHandler - 

Request DefaultFullHttpRequest(decodeResult: success, version: HTTP/1.1, content: EmptyByteBufBE)
GET /session/2089d4a5154639406bcb77e81f190746/url HTTP/1.1
User-Agent: selenium/4.4.0 (java windows)
Cache-Control: no-cache
Content-Type: application/json; charset=utf-8
host: localhost:53766
accept: */*

Response DefaultHttpResponse(decodeResult: success, version: HTTP/1.1)
HTTP/1.1 200 OK
Content-Type: application/json; charset=utf-8
cache-control: no-cache
content-length: 52

10:08:55.792 [AsyncHttpClient-1-13] DEBUG org.asynchttpclient.netty.channel.ChannelManager - Adding key: http://localhost:53766 for channel [id: 0x7c11f7a9, L:/127.0.0.1:61639 - R:localhost/127.0.0.1:53766]
  ?[32mEntonces ?[0m?[32mve ?[0m?[32m?[1m"1"?[0m?[32m items en el icono del carrito de compras?[0m                         ?[90m# sura.stepDefinitions.PurchaseSteps.veQueElIconoDelCarritoMuestraProductosEnLaBolsa(java.lang.String)?[0m
10:08:55.798 [Test worker] INFO  - 
  _____   ___   ___   _____     ___     _     ___   ___   ___   ___  
 |_   _| | __| / __| |_   _|   | _ \   /_\   / __| / __| | __| |   \ 
   | |   | _|  \__ \   | |     |  _/  / _ \  \__ \ \__ \ | _|  | |) |
   |_|   |___| |___/   |_|     |_|   /_/ \_\ |___/ |___/ |___| |___/ 

Quitar articulos al carrito de compras
----------------------------------------------------------------------
10:08:55.799 [AsyncHttpClient-1-15] DEBUG org.asynchttpclient.netty.handler.WebSocketHandler - Channel Closed: [id: 0x9ded97bf, L:/127.0.0.1:61647 ! R:localhost/127.0.0.1:61640] with attribute NettyResponseFuture{currentRetry=0,
	isDone=1,
	isCancelled=0,
	asyncHandler=org.asynchttpclient.ws.WebSocketUpgradeHandler@5a8b6edd,
	nettyRequest=org.asynchttpclient.netty.request.NettyRequest@596d90d3,
	future=java.util.concurrent.CompletableFuture@71d47a3f[Completed normally],
	uri=ws://localhost:61640/devtools/browser/a781a1a3-eb66-4c2b-972e-dfcd182b7d27,
	keepAlive=true,
	redirectCount=0,
	timeoutsHolder=null,
	inAuth=0,
	touch=1664204932850}
10:08:55.799 [AsyncHttpClient-1-15] DEBUG org.asynchttpclient.netty.channel.ChannelManager - Closing Channel [id: 0x9ded97bf, L:/127.0.0.1:61647 ! R:localhost/127.0.0.1:61640] 
10:08:55.799 [Driver Command Executor] DEBUG org.asynchttpclient.netty.request.NettyRequestSender - Using pooled Channel '[id: 0x7c11f7a9, L:/127.0.0.1:61639 - R:localhost/127.0.0.1:53766]' for 'DELETE' to 'http://localhost:53766/session/2089d4a5154639406bcb77e81f190746'
10:08:55.799 [Driver Command Executor] DEBUG org.asynchttpclient.netty.request.NettyRequestSender - Using open Channel [id: 0x7c11f7a9, L:/127.0.0.1:61639 - R:localhost/127.0.0.1:53766] for DELETE '/session/2089d4a5154639406bcb77e81f190746'
10:08:55.818 [AsyncHttpClient-1-14] DEBUG org.asynchttpclient.netty.handler.HttpHandler - Unexpected I/O exception on channel [id: 0x0f1ba8dc, L:/127.0.0.1:61646 - R:localhost/127.0.0.1:61640]
java.net.SocketException: Connection reset
	at java.base/sun.nio.ch.SocketChannelImpl.throwConnectionReset(SocketChannelImpl.java:394)
	at java.base/sun.nio.ch.SocketChannelImpl.read(SocketChannelImpl.java:426)
	at io.netty.buffer.PooledByteBuf.setBytes(PooledByteBuf.java:258)
	at io.netty.buffer.AbstractByteBuf.writeBytes(AbstractByteBuf.java:1132)
	at io.netty.channel.socket.nio.NioSocketChannel.doReadBytes(NioSocketChannel.java:357)
	at io.netty.channel.nio.AbstractNioByteChannel$NioByteUnsafe.read(AbstractNioByteChannel.java:151)
	at io.netty.channel.nio.NioEventLoop.processSelectedKey(NioEventLoop.java:722)
	at io.netty.channel.nio.NioEventLoop.processSelectedKeysOptimized(NioEventLoop.java:658)
	at io.netty.channel.nio.NioEventLoop.processSelectedKeys(NioEventLoop.java:584)
	at io.netty.channel.nio.NioEventLoop.run(NioEventLoop.java:496)
	at io.netty.util.concurrent.SingleThreadEventExecutor$4.run(SingleThreadEventExecutor.java:997)
	at io.netty.util.internal.ThreadExecutorMap$2.run(ThreadExecutorMap.java:74)
	at io.netty.util.concurrent.FastThreadLocalRunnable.run(FastThreadLocalRunnable.java:30)
	at java.base/java.lang.Thread.run(Thread.java:833)
10:08:55.819 [AsyncHttpClient-1-14] DEBUG org.asynchttpclient.netty.channel.ChannelManager - Closing Channel [id: 0x0f1ba8dc, L:/127.0.0.1:61646 - R:localhost/127.0.0.1:61640] 
10:08:55.821 [AsyncHttpClient-1-14] DEBUG org.asynchttpclient.netty.handler.HttpHandler - Channel Closed: [id: 0x0f1ba8dc, L:/127.0.0.1:61646 ! R:localhost/127.0.0.1:61640] with attribute DISCARD
10:08:55.832 [AsyncHttpClient-1-13] DEBUG org.asynchttpclient.netty.handler.HttpHandler - 

Request DefaultFullHttpRequest(decodeResult: success, version: HTTP/1.1, content: EmptyByteBufBE)
DELETE /session/2089d4a5154639406bcb77e81f190746 HTTP/1.1
User-Agent: selenium/4.4.0 (java windows)
Content-Type: application/json; charset=utf-8
host: localhost:53766
accept: */*

Response DefaultHttpResponse(decodeResult: success, version: HTTP/1.1)
HTTP/1.1 200 OK
Content-Type: application/json; charset=utf-8
cache-control: no-cache
content-length: 14

10:08:55.833 [AsyncHttpClient-1-13] DEBUG org.asynchttpclient.netty.channel.ChannelManager - Adding key: http://localhost:53766 for channel [id: 0x7c11f7a9, L:/127.0.0.1:61639 - R:localhost/127.0.0.1:53766]
10:08:55.889 [AsyncHttpClient-1-13] DEBUG org.asynchttpclient.netty.handler.HttpHandler - Channel Closed: [id: 0x7c11f7a9, L:/127.0.0.1:61639 ! R:localhost/127.0.0.1:53766] with attribute DISCARD
]]></system-out>
  <system-err><![CDATA[Starting ChromeDriver 105.0.5195.52 (412c95e518836d8a7d97250d62b29c2ae6a26a85-refs/branch-heads/5195@{#853}) on port 57773
Only local connections are allowed.
Please see https://chromedriver.chromium.org/security-considerations for suggestions on keeping ChromeDriver safe.
ChromeDriver was started successfully.
sep. 26, 2022 10:08:48 A. M. org.openqa.selenium.remote.ProtocolHandshake createSession
INFO: Detected upstream dialect: W3C
sep. 26, 2022 10:08:48 A. M. org.openqa.selenium.devtools.CdpVersionFinder findNearestMatch
WARNING: Unable to find an exact match for CDP version 105, so returning the closest version found: 104
sep. 26, 2022 10:08:48 A. M. org.openqa.selenium.devtools.CdpVersionFinder findNearestMatch
INFO: Found CDP implementation for version 105 of 104
Starting ChromeDriver 105.0.5195.52 (412c95e518836d8a7d97250d62b29c2ae6a26a85-refs/branch-heads/5195@{#853}) on port 53766
Only local connections are allowed.
Please see https://chromedriver.chromium.org/security-considerations for suggestions on keeping ChromeDriver safe.
ChromeDriver was started successfully.
sep. 26, 2022 10:08:52 A. M. org.openqa.selenium.remote.ProtocolHandshake createSession
INFO: Detected upstream dialect: W3C
sep. 26, 2022 10:08:52 A. M. org.openqa.selenium.devtools.CdpVersionFinder findNearestMatch
WARNING: Unable to find an exact match for CDP version 105, so returning the closest version found: 104
sep. 26, 2022 10:08:52 A. M. org.openqa.selenium.devtools.CdpVersionFinder findNearestMatch
INFO: Found CDP implementation for version 105 of 104
]]></system-err>
</testsuite>
