<?xml version="1.0" encoding="UTF-8"?>
<testsuite name="Adicionar/remover productos del catálogo a la lista de compras" tests="3" skipped="0" failures="0" errors="0" timestamp="2022-09-29T17:31:21" hostname="PSOFKA01134" time="14.045">
  <properties/>
  <testcase name="Añadir articulos al carrito de compras" classname="Adicionar/remover productos del catálogo a la lista de compras" time="5.296"/>
  <testcase name="Quitar articulos al carrito de compras" classname="Adicionar/remover productos del catálogo a la lista de compras" time="5.139"/>
  <testcase name="Añadir articulos al carrito de compras y pasar al lista de compras" classname="Adicionar/remover productos del catálogo a la lista de compras" time="3.61"/>
  <system-out><![CDATA[
Escenario: Añadir articulos al carrito de compras                           ?[90m# src/test/resources/features/browse_items_in_catalogue/selecting_products.feature:8?[0m
12:31:21.044 [Test worker] INFO io.cucumber.core.plugin.SerenityReporter - Running feature from file:///C:/Users/juan.gomezv/IdeaProjects/sura/src/test/resources/features/browse_items_in_catalogue/selecting_products.feature
12:31:21.045 [Test worker] INFO  - 
  _____   ___   ___   _____     ___   _____     _     ___   _____   ___   ___  
 |_   _| | __| / __| |_   _|   / __| |_   _|   /_\   | _ \ |_   _| | __| |   \ 
   | |   | _|  \__ \   | |     \__ \   | |    / _ \  |   /   | |   | _|  | |) |
   |_|   |___| |___/   |_|     |___/   |_|   /_/ \_\ |_|_\   |_|   |___| |___/ 

Añadir articulos al carrito de compras(adicionar/remover-productos-del-catálogo-a-la-lista-de-compras;añadir-articulos-al-carrito-de-compras)
--------------------------------------------------------------------------------
12:31:21.051 [Test worker] DEBUG net.thucydides.core.steps.StepInterceptor - STARTING STEP: LoginSteps.quiereConsultarArticulosDeportivosEnLaWebDeLaMarcaSwag - {0} abre la aplicación
12:31:21.053 [Test worker] DEBUG net.thucydides.core.steps.StepInterceptor - STARTING STEP: NavigateTo.performAs - {0} opens the #targetPageName
12:31:21.090 [Test worker] INFO net.serenitybdd.core.webdriver.driverproviders.ChromeDriverProvider - Starting Chrome driver instance with capabilities:
12:31:21.090 [Test worker] INFO net.serenitybdd.core.webdriver.driverproviders.ChromeDriverProvider - Capabilities {acceptInsecureCerts: false, browserName: chrome, goog:chromeOptions: {args: [], extensions: []}}
12:31:21.148 [AsyncHttpClient-1-10] DEBUG org.asynchttpclient.netty.channel.NettyConnectListener - Using new Channel '[id: 0x9eaa4fca, L:/127.0.0.1:60138 - R:localhost/127.0.0.1:64949]' for 'POST' to '/session'
12:31:21.700 [AsyncHttpClient-1-10] DEBUG org.asynchttpclient.netty.handler.HttpHandler - 

Request DefaultHttpRequest(decodeResult: success, version: HTTP/1.1)
POST /session HTTP/1.1
User-Agent: selenium/4.4.0 (java windows)
Content-Length: 437
Content-Type: application/json; charset=utf-8
host: localhost:64949
accept: */*

Response DefaultHttpResponse(decodeResult: success, version: HTTP/1.1)
HTTP/1.1 200 OK
Content-Type: application/json; charset=utf-8
cache-control: no-cache
content-length: 796

12:31:21.700 [AsyncHttpClient-1-10] DEBUG org.asynchttpclient.netty.channel.ChannelManager - Adding key: http://localhost:64949 for channel [id: 0x9eaa4fca, L:/127.0.0.1:60138 - R:localhost/127.0.0.1:64949]
12:31:21.704 [AsyncHttpClient-1-11] DEBUG org.asynchttpclient.netty.channel.NettyConnectListener - Using new Channel '[id: 0xa9bf1c8c, L:/127.0.0.1:60145 - R:localhost/127.0.0.1:60139]' for 'GET' to '/json/version'
12:31:21.705 [AsyncHttpClient-1-11] DEBUG org.asynchttpclient.netty.handler.HttpHandler - 

Request DefaultFullHttpRequest(decodeResult: success, version: HTTP/1.1, content: EmptyByteBufBE)
GET /json/version HTTP/1.1
User-Agent: selenium/4.4.0 (java windows)
host: localhost:60139
accept: */*

Response DefaultHttpResponse(decodeResult: success, version: HTTP/1.1)
HTTP/1.1 200 OK
Content-Type: application/json; charset=UTF-8
content-length: 423

12:31:21.705 [AsyncHttpClient-1-11] DEBUG org.asynchttpclient.netty.channel.ChannelManager - Adding key: http://localhost:60139 for channel [id: 0xa9bf1c8c, L:/127.0.0.1:60145 - R:localhost/127.0.0.1:60139]
12:31:21.707 [AsyncHttpClient-1-12] DEBUG org.asynchttpclient.netty.channel.NettyConnectListener - Using new Channel '[id: 0x1b84d528, L:/127.0.0.1:60146 - R:localhost/127.0.0.1:60139]' for 'GET' to '/devtools/browser/5a9eef25-dce0-4bfc-b314-e9ea29f7cdbf'
12:31:21.707 [AsyncHttpClient-1-12] DEBUG org.asynchttpclient.netty.handler.WebSocketHandler - 

Request DefaultFullHttpRequest(decodeResult: success, version: HTTP/1.1, content: EmptyByteBufBE)
GET /devtools/browser/5a9eef25-dce0-4bfc-b314-e9ea29f7cdbf HTTP/1.1
upgrade: websocket
connection: upgrade
sec-websocket-key: yT3Yi9nu7D1hdjyyoM8SYw==
sec-websocket-version: 13
origin: http://localhost:60139
host: localhost:60139
accept: */*
user-agent: AHC/2.1

Response DefaultHttpResponse(decodeResult: success, version: HTTP/1.1)
HTTP/1.1 101 WebSocket Protocol Handshake
Upgrade: WebSocket
Connection: Upgrade
Sec-WebSocket-Accept: tOZp1A0FRdauca3UeSyUc5rARvk=

12:31:21.710 [Forwarding get on session d294cb3a30cab430e1bc72181bdbd78d to remote] DEBUG org.asynchttpclient.netty.request.NettyRequestSender - Using pooled Channel '[id: 0x9eaa4fca, L:/127.0.0.1:60138 - R:localhost/127.0.0.1:64949]' for 'POST' to 'http://localhost:64949/session/d294cb3a30cab430e1bc72181bdbd78d/url'
12:31:21.710 [Forwarding get on session d294cb3a30cab430e1bc72181bdbd78d to remote] DEBUG org.asynchttpclient.netty.request.NettyRequestSender - Using open Channel [id: 0x9eaa4fca, L:/127.0.0.1:60138 - R:localhost/127.0.0.1:64949] for POST '/session/d294cb3a30cab430e1bc72181bdbd78d/url'
12:31:21.752 [AsyncHttpClient-1-1] DEBUG org.asynchttpclient.netty.channel.DefaultChannelPool - Entry count for : http://localhost:60117 : 1
12:31:21.752 [AsyncHttpClient-1-1] DEBUG org.asynchttpclient.netty.channel.DefaultChannelPool - Entry count for : http://localhost:60139 : 1
12:31:21.752 [AsyncHttpClient-1-1] DEBUG org.asynchttpclient.netty.channel.DefaultChannelPool - Entry count for : http://localhost:63658 : 1
12:31:21.752 [AsyncHttpClient-1-1] DEBUG org.asynchttpclient.netty.channel.DefaultChannelPool - Adding Candidate expired Channel [id: 0x0aaf9d97, L:/127.0.0.1:60123 ! R:localhost/127.0.0.1:60117] isIdleTimeoutExpired=false isRemotelyClosed=true isTtlExpired=false
12:31:21.752 [AsyncHttpClient-1-1] DEBUG org.asynchttpclient.netty.channel.DefaultChannelPool - Closing Idle Channel [id: 0x0aaf9d97, L:/127.0.0.1:60123 ! R:localhost/127.0.0.1:60117]
12:31:21.752 [AsyncHttpClient-1-1] DEBUG org.asynchttpclient.netty.channel.DefaultChannelPool - Adding Candidate expired Channel [id: 0x2156af3c, L:/127.0.0.1:60116 ! R:localhost/127.0.0.1:63658] isIdleTimeoutExpired=false isRemotelyClosed=true isTtlExpired=false
12:31:21.752 [AsyncHttpClient-1-1] DEBUG org.asynchttpclient.netty.channel.DefaultChannelPool - Closing Idle Channel [id: 0x2156af3c, L:/127.0.0.1:60116 ! R:localhost/127.0.0.1:63658]
12:31:21.752 [AsyncHttpClient-1-1] DEBUG org.asynchttpclient.netty.channel.DefaultChannelPool - Closed 2 connections out of 3 in 0 ms
12:31:21.994 [AsyncHttpClient-1-10] DEBUG org.asynchttpclient.netty.handler.HttpHandler - 

Request DefaultHttpRequest(decodeResult: success, version: HTTP/1.1)
POST /session/d294cb3a30cab430e1bc72181bdbd78d/url HTTP/1.1
User-Agent: selenium/4.4.0 (java windows)
Content-Length: 40
Content-Type: application/json; charset=utf-8
host: localhost:64949
accept: */*

Response DefaultHttpResponse(decodeResult: success, version: HTTP/1.1)
HTTP/1.1 200 OK
Content-Type: application/json; charset=utf-8
cache-control: no-cache
content-length: 14

12:31:21.994 [AsyncHttpClient-1-10] DEBUG org.asynchttpclient.netty.channel.ChannelManager - Adding key: http://localhost:64949 for channel [id: 0x9eaa4fca, L:/127.0.0.1:60138 - R:localhost/127.0.0.1:64949]
12:31:21.995 [Forwarding setTimeout on session d294cb3a30cab430e1bc72181bdbd78d to remote] DEBUG org.asynchttpclient.netty.request.NettyRequestSender - Using pooled Channel '[id: 0x9eaa4fca, L:/127.0.0.1:60138 - R:localhost/127.0.0.1:64949]' for 'POST' to 'http://localhost:64949/session/d294cb3a30cab430e1bc72181bdbd78d/timeouts'
12:31:21.995 [Forwarding setTimeout on session d294cb3a30cab430e1bc72181bdbd78d to remote] DEBUG org.asynchttpclient.netty.request.NettyRequestSender - Using open Channel [id: 0x9eaa4fca, L:/127.0.0.1:60138 - R:localhost/127.0.0.1:64949] for POST '/session/d294cb3a30cab430e1bc72181bdbd78d/timeouts'
12:31:21.996 [AsyncHttpClient-1-10] DEBUG org.asynchttpclient.netty.handler.HttpHandler - 

Request DefaultHttpRequest(decodeResult: success, version: HTTP/1.1)
POST /session/d294cb3a30cab430e1bc72181bdbd78d/timeouts HTTP/1.1
User-Agent: selenium/4.4.0 (java windows)
Content-Length: 22
Content-Type: application/json; charset=utf-8
host: localhost:64949
accept: */*

Response DefaultHttpResponse(decodeResult: success, version: HTTP/1.1)
HTTP/1.1 200 OK
Content-Type: application/json; charset=utf-8
cache-control: no-cache
content-length: 14

12:31:21.996 [AsyncHttpClient-1-10] DEBUG org.asynchttpclient.netty.channel.ChannelManager - Adding key: http://localhost:64949 for channel [id: 0x9eaa4fca, L:/127.0.0.1:60138 - R:localhost/127.0.0.1:64949]
12:31:22.006 [Forwarding getCurrentUrl on session d294cb3a30cab430e1bc72181bdbd78d to remote] DEBUG org.asynchttpclient.netty.request.NettyRequestSender - Using pooled Channel '[id: 0x9eaa4fca, L:/127.0.0.1:60138 - R:localhost/127.0.0.1:64949]' for 'GET' to 'http://localhost:64949/session/d294cb3a30cab430e1bc72181bdbd78d/url'
12:31:22.006 [Forwarding getCurrentUrl on session d294cb3a30cab430e1bc72181bdbd78d to remote] DEBUG org.asynchttpclient.netty.request.NettyRequestSender - Using open Channel [id: 0x9eaa4fca, L:/127.0.0.1:60138 - R:localhost/127.0.0.1:64949] for GET '/session/d294cb3a30cab430e1bc72181bdbd78d/url'
12:31:22.010 [AsyncHttpClient-1-10] DEBUG org.asynchttpclient.netty.handler.HttpHandler - 

Request DefaultFullHttpRequest(decodeResult: success, version: HTTP/1.1, content: EmptyByteBufBE)
GET /session/d294cb3a30cab430e1bc72181bdbd78d/url HTTP/1.1
User-Agent: selenium/4.4.0 (java windows)
Cache-Control: no-cache
Content-Type: application/json; charset=utf-8
host: localhost:64949
accept: */*

Response DefaultHttpResponse(decodeResult: success, version: HTTP/1.1)
HTTP/1.1 200 OK
Content-Type: application/json; charset=utf-8
cache-control: no-cache
content-length: 38

12:31:22.010 [AsyncHttpClient-1-10] DEBUG org.asynchttpclient.netty.channel.ChannelManager - Adding key: http://localhost:64949 for channel [id: 0x9eaa4fca, L:/127.0.0.1:60138 - R:localhost/127.0.0.1:64949]
12:31:22.016 [Forwarding getCurrentUrl on session d294cb3a30cab430e1bc72181bdbd78d to remote] DEBUG org.asynchttpclient.netty.request.NettyRequestSender - Using pooled Channel '[id: 0x9eaa4fca, L:/127.0.0.1:60138 - R:localhost/127.0.0.1:64949]' for 'GET' to 'http://localhost:64949/session/d294cb3a30cab430e1bc72181bdbd78d/url'
12:31:22.016 [Forwarding getCurrentUrl on session d294cb3a30cab430e1bc72181bdbd78d to remote] DEBUG org.asynchttpclient.netty.request.NettyRequestSender - Using open Channel [id: 0x9eaa4fca, L:/127.0.0.1:60138 - R:localhost/127.0.0.1:64949] for GET '/session/d294cb3a30cab430e1bc72181bdbd78d/url'
12:31:22.020 [AsyncHttpClient-1-10] DEBUG org.asynchttpclient.netty.handler.HttpHandler - 

Request DefaultFullHttpRequest(decodeResult: success, version: HTTP/1.1, content: EmptyByteBufBE)
GET /session/d294cb3a30cab430e1bc72181bdbd78d/url HTTP/1.1
User-Agent: selenium/4.4.0 (java windows)
Cache-Control: no-cache
Content-Type: application/json; charset=utf-8
host: localhost:64949
accept: */*

Response DefaultHttpResponse(decodeResult: success, version: HTTP/1.1)
HTTP/1.1 200 OK
Content-Type: application/json; charset=utf-8
cache-control: no-cache
content-length: 38

12:31:22.020 [AsyncHttpClient-1-10] DEBUG org.asynchttpclient.netty.channel.ChannelManager - Adding key: http://localhost:64949 for channel [id: 0x9eaa4fca, L:/127.0.0.1:60138 - R:localhost/127.0.0.1:64949]
12:31:22.025 [Test worker] DEBUG net.serenitybdd.core.photography.Darkroom - Opening darkroom
12:31:22.025 [Darkroom Processing Line] DEBUG net.serenitybdd.core.photography.DarkroomProcessingLine - Darkroom processing line starting up
12:31:22.030 [Forwarding getCurrentWindowHandle on session d294cb3a30cab430e1bc72181bdbd78d to remote] DEBUG org.asynchttpclient.netty.request.NettyRequestSender - Using pooled Channel '[id: 0x9eaa4fca, L:/127.0.0.1:60138 - R:localhost/127.0.0.1:64949]' for 'GET' to 'http://localhost:64949/session/d294cb3a30cab430e1bc72181bdbd78d/window'
12:31:22.030 [Forwarding getCurrentWindowHandle on session d294cb3a30cab430e1bc72181bdbd78d to remote] DEBUG org.asynchttpclient.netty.request.NettyRequestSender - Using open Channel [id: 0x9eaa4fca, L:/127.0.0.1:60138 - R:localhost/127.0.0.1:64949] for GET '/session/d294cb3a30cab430e1bc72181bdbd78d/window'
12:31:22.030 [AsyncHttpClient-1-10] DEBUG org.asynchttpclient.netty.handler.HttpHandler - 

Request DefaultFullHttpRequest(decodeResult: success, version: HTTP/1.1, content: EmptyByteBufBE)
GET /session/d294cb3a30cab430e1bc72181bdbd78d/window HTTP/1.1
User-Agent: selenium/4.4.0 (java windows)
Cache-Control: no-cache
Content-Type: application/json; charset=utf-8
host: localhost:64949
accept: */*

Response DefaultHttpResponse(decodeResult: success, version: HTTP/1.1)
HTTP/1.1 200 OK
Content-Type: application/json; charset=utf-8
cache-control: no-cache
content-length: 53

12:31:22.030 [AsyncHttpClient-1-10] DEBUG org.asynchttpclient.netty.channel.ChannelManager - Adding key: http://localhost:64949 for channel [id: 0x9eaa4fca, L:/127.0.0.1:60138 - R:localhost/127.0.0.1:64949]
12:31:22.035 [Forwarding getAlertText on session d294cb3a30cab430e1bc72181bdbd78d to remote] DEBUG org.asynchttpclient.netty.request.NettyRequestSender - Using pooled Channel '[id: 0x9eaa4fca, L:/127.0.0.1:60138 - R:localhost/127.0.0.1:64949]' for 'GET' to 'http://localhost:64949/session/d294cb3a30cab430e1bc72181bdbd78d/alert/text'
12:31:22.035 [Forwarding getAlertText on session d294cb3a30cab430e1bc72181bdbd78d to remote] DEBUG org.asynchttpclient.netty.request.NettyRequestSender - Using open Channel [id: 0x9eaa4fca, L:/127.0.0.1:60138 - R:localhost/127.0.0.1:64949] for GET '/session/d294cb3a30cab430e1bc72181bdbd78d/alert/text'
12:31:22.037 [AsyncHttpClient-1-10] DEBUG org.asynchttpclient.netty.handler.HttpHandler - 

Request DefaultFullHttpRequest(decodeResult: success, version: HTTP/1.1, content: EmptyByteBufBE)
GET /session/d294cb3a30cab430e1bc72181bdbd78d/alert/text HTTP/1.1
User-Agent: selenium/4.4.0 (java windows)
Cache-Control: no-cache
Content-Type: application/json; charset=utf-8
host: localhost:64949
accept: */*

Response DefaultHttpResponse(decodeResult: success, version: HTTP/1.1)
HTTP/1.1 404 Not Found
Content-Type: application/json; charset=utf-8
cache-control: no-cache
content-length: 879

12:31:22.038 [AsyncHttpClient-1-10] DEBUG org.asynchttpclient.netty.channel.ChannelManager - Adding key: http://localhost:64949 for channel [id: 0x9eaa4fca, L:/127.0.0.1:60138 - R:localhost/127.0.0.1:64949]
12:31:22.043 [Forwarding switchToWindow on session d294cb3a30cab430e1bc72181bdbd78d to remote] DEBUG org.asynchttpclient.netty.request.NettyRequestSender - Using pooled Channel '[id: 0x9eaa4fca, L:/127.0.0.1:60138 - R:localhost/127.0.0.1:64949]' for 'POST' to 'http://localhost:64949/session/d294cb3a30cab430e1bc72181bdbd78d/window'
12:31:22.043 [Forwarding switchToWindow on session d294cb3a30cab430e1bc72181bdbd78d to remote] DEBUG org.asynchttpclient.netty.request.NettyRequestSender - Using open Channel [id: 0x9eaa4fca, L:/127.0.0.1:60138 - R:localhost/127.0.0.1:64949] for POST '/session/d294cb3a30cab430e1bc72181bdbd78d/window'
12:31:22.049 [AsyncHttpClient-1-10] DEBUG org.asynchttpclient.netty.handler.HttpHandler - 

Request DefaultHttpRequest(decodeResult: success, version: HTTP/1.1)
POST /session/d294cb3a30cab430e1bc72181bdbd78d/window HTTP/1.1
User-Agent: selenium/4.4.0 (java windows)
Content-Length: 59
Content-Type: application/json; charset=utf-8
host: localhost:64949
accept: */*

Response DefaultHttpResponse(decodeResult: success, version: HTTP/1.1)
HTTP/1.1 200 OK
Content-Type: application/json; charset=utf-8
cache-control: no-cache
content-length: 14

12:31:22.050 [AsyncHttpClient-1-10] DEBUG org.asynchttpclient.netty.channel.ChannelManager - Adding key: http://localhost:64949 for channel [id: 0x9eaa4fca, L:/127.0.0.1:60138 - R:localhost/127.0.0.1:64949]
12:31:22.051 [Forwarding getCurrentUrl on session d294cb3a30cab430e1bc72181bdbd78d to remote] DEBUG org.asynchttpclient.netty.request.NettyRequestSender - Using pooled Channel '[id: 0x9eaa4fca, L:/127.0.0.1:60138 - R:localhost/127.0.0.1:64949]' for 'GET' to 'http://localhost:64949/session/d294cb3a30cab430e1bc72181bdbd78d/url'
12:31:22.051 [Forwarding getCurrentUrl on session d294cb3a30cab430e1bc72181bdbd78d to remote] DEBUG org.asynchttpclient.netty.request.NettyRequestSender - Using open Channel [id: 0x9eaa4fca, L:/127.0.0.1:60138 - R:localhost/127.0.0.1:64949] for GET '/session/d294cb3a30cab430e1bc72181bdbd78d/url'
12:31:22.056 [AsyncHttpClient-1-10] DEBUG org.asynchttpclient.netty.handler.HttpHandler - 

Request DefaultFullHttpRequest(decodeResult: success, version: HTTP/1.1, content: EmptyByteBufBE)
GET /session/d294cb3a30cab430e1bc72181bdbd78d/url HTTP/1.1
User-Agent: selenium/4.4.0 (java windows)
Cache-Control: no-cache
Content-Type: application/json; charset=utf-8
host: localhost:64949
accept: */*

Response DefaultHttpResponse(decodeResult: success, version: HTTP/1.1)
HTTP/1.1 200 OK
Content-Type: application/json; charset=utf-8
cache-control: no-cache
content-length: 38

12:31:22.056 [AsyncHttpClient-1-10] DEBUG org.asynchttpclient.netty.channel.ChannelManager - Adding key: http://localhost:64949 for channel [id: 0x9eaa4fca, L:/127.0.0.1:60138 - R:localhost/127.0.0.1:64949]
12:31:22.057 [Forwarding screenshot on session d294cb3a30cab430e1bc72181bdbd78d to remote] DEBUG org.asynchttpclient.netty.request.NettyRequestSender - Using pooled Channel '[id: 0x9eaa4fca, L:/127.0.0.1:60138 - R:localhost/127.0.0.1:64949]' for 'GET' to 'http://localhost:64949/session/d294cb3a30cab430e1bc72181bdbd78d/screenshot'
12:31:22.057 [Forwarding screenshot on session d294cb3a30cab430e1bc72181bdbd78d to remote] DEBUG org.asynchttpclient.netty.request.NettyRequestSender - Using open Channel [id: 0x9eaa4fca, L:/127.0.0.1:60138 - R:localhost/127.0.0.1:64949] for GET '/session/d294cb3a30cab430e1bc72181bdbd78d/screenshot'
12:31:22.156 [AsyncHttpClient-1-10] DEBUG org.asynchttpclient.netty.handler.HttpHandler - 

Request DefaultFullHttpRequest(decodeResult: success, version: HTTP/1.1, content: EmptyByteBufBE)
GET /session/d294cb3a30cab430e1bc72181bdbd78d/screenshot HTTP/1.1
User-Agent: selenium/4.4.0 (java windows)
Cache-Control: no-cache
Content-Type: application/json; charset=utf-8
host: localhost:64949
accept: */*

Response DefaultHttpResponse(decodeResult: success, version: HTTP/1.1)
HTTP/1.1 200 OK
Content-Type: application/json; charset=utf-8
cache-control: no-cache
content-length: 59108

12:31:22.156 [AsyncHttpClient-1-10] DEBUG org.asynchttpclient.netty.channel.ChannelManager - Adding key: http://localhost:64949 for channel [id: 0x9eaa4fca, L:/127.0.0.1:60138 - R:localhost/127.0.0.1:64949]
12:31:22.157 [Test worker] DEBUG net.serenitybdd.core.photography.Darkroom - Send negative for processing for C:\Users\juan.gomezv\IdeaProjects\sura\target\site\serenity\60e3c498caf7a8fcf635471a5092c247627e1395d91e12246eaf1a3e7a34e095.png
12:31:22.158 [Test worker] DEBUG net.thucydides.core.steps.StepInterceptor - STEP DONE: {0} opens the #targetPageName
12:31:22.165 [Test worker] DEBUG net.thucydides.core.steps.StepInterceptor - STEP DONE: {0} abre la aplicación
  ?[32mDado ?[0m?[32m?[0m?[32m?[1mAna?[0m?[32m quiere consultar articulos deportivos en la web de la marca Swag?[0m ?[90m# sura.stepDefinitions.LoginSteps.quiereConsultarArticulosDeportivosEnLaWebDeLaMarcaSwag(net.serenitybdd.screenplay.Actor)?[0m
12:31:22.181 [Forwarding getPageSource on session d294cb3a30cab430e1bc72181bdbd78d to remote] DEBUG org.asynchttpclient.netty.request.NettyRequestSender - Using pooled Channel '[id: 0x9eaa4fca, L:/127.0.0.1:60138 - R:localhost/127.0.0.1:64949]' for 'POST' to 'http://localhost:64949/session/d294cb3a30cab430e1bc72181bdbd78d/execute/sync'
12:31:22.181 [Forwarding getPageSource on session d294cb3a30cab430e1bc72181bdbd78d to remote] DEBUG org.asynchttpclient.netty.request.NettyRequestSender - Using open Channel [id: 0x9eaa4fca, L:/127.0.0.1:60138 - R:localhost/127.0.0.1:64949] for POST '/session/d294cb3a30cab430e1bc72181bdbd78d/execute/sync'
12:31:22.184 [AsyncHttpClient-1-10] DEBUG org.asynchttpclient.netty.handler.HttpHandler - 

Request DefaultHttpRequest(decodeResult: success, version: HTTP/1.1)
POST /session/d294cb3a30cab430e1bc72181bdbd78d/execute/sync HTTP/1.1
User-Agent: selenium/4.4.0 (java windows)
Content-Length: 176
Content-Type: application/json; charset=utf-8
host: localhost:64949
accept: */*

Response DefaultHttpResponse(decodeResult: success, version: HTTP/1.1)
HTTP/1.1 200 OK
Content-Type: application/json; charset=utf-8
cache-control: no-cache
content-length: 4160

12:31:22.184 [AsyncHttpClient-1-10] DEBUG org.asynchttpclient.netty.channel.ChannelManager - Adding key: http://localhost:64949 for channel [id: 0x9eaa4fca, L:/127.0.0.1:60138 - R:localhost/127.0.0.1:64949]
12:31:22.185 [Forwarding getCurrentUrl on session d294cb3a30cab430e1bc72181bdbd78d to remote] DEBUG org.asynchttpclient.netty.request.NettyRequestSender - Using pooled Channel '[id: 0x9eaa4fca, L:/127.0.0.1:60138 - R:localhost/127.0.0.1:64949]' for 'GET' to 'http://localhost:64949/session/d294cb3a30cab430e1bc72181bdbd78d/url'
12:31:22.185 [Forwarding getCurrentUrl on session d294cb3a30cab430e1bc72181bdbd78d to remote] DEBUG org.asynchttpclient.netty.request.NettyRequestSender - Using open Channel [id: 0x9eaa4fca, L:/127.0.0.1:60138 - R:localhost/127.0.0.1:64949] for GET '/session/d294cb3a30cab430e1bc72181bdbd78d/url'
12:31:22.189 [AsyncHttpClient-1-10] DEBUG org.asynchttpclient.netty.handler.HttpHandler - 

Request DefaultFullHttpRequest(decodeResult: success, version: HTTP/1.1, content: EmptyByteBufBE)
GET /session/d294cb3a30cab430e1bc72181bdbd78d/url HTTP/1.1
User-Agent: selenium/4.4.0 (java windows)
Cache-Control: no-cache
Content-Type: application/json; charset=utf-8
host: localhost:64949
accept: */*

Response DefaultHttpResponse(decodeResult: success, version: HTTP/1.1)
HTTP/1.1 200 OK
Content-Type: application/json; charset=utf-8
cache-control: no-cache
content-length: 38

12:31:22.189 [AsyncHttpClient-1-10] DEBUG org.asynchttpclient.netty.channel.ChannelManager - Adding key: http://localhost:64949 for channel [id: 0x9eaa4fca, L:/127.0.0.1:60138 - R:localhost/127.0.0.1:64949]
12:31:22.203 [Forwarding getPageSource on session d294cb3a30cab430e1bc72181bdbd78d to remote] DEBUG org.asynchttpclient.netty.request.NettyRequestSender - Using pooled Channel '[id: 0x9eaa4fca, L:/127.0.0.1:60138 - R:localhost/127.0.0.1:64949]' for 'POST' to 'http://localhost:64949/session/d294cb3a30cab430e1bc72181bdbd78d/execute/sync'
12:31:22.203 [Forwarding getPageSource on session d294cb3a30cab430e1bc72181bdbd78d to remote] DEBUG org.asynchttpclient.netty.request.NettyRequestSender - Using open Channel [id: 0x9eaa4fca, L:/127.0.0.1:60138 - R:localhost/127.0.0.1:64949] for POST '/session/d294cb3a30cab430e1bc72181bdbd78d/execute/sync'
12:31:22.208 [AsyncHttpClient-1-10] DEBUG org.asynchttpclient.netty.handler.HttpHandler - 

Request DefaultHttpRequest(decodeResult: success, version: HTTP/1.1)
POST /session/d294cb3a30cab430e1bc72181bdbd78d/execute/sync HTTP/1.1
User-Agent: selenium/4.4.0 (java windows)
Content-Length: 176
Content-Type: application/json; charset=utf-8
host: localhost:64949
accept: */*

Response DefaultHttpResponse(decodeResult: success, version: HTTP/1.1)
HTTP/1.1 200 OK
Content-Type: application/json; charset=utf-8
cache-control: no-cache
content-length: 4160

12:31:22.208 [AsyncHttpClient-1-10] DEBUG org.asynchttpclient.netty.channel.ChannelManager - Adding key: http://localhost:64949 for channel [id: 0x9eaa4fca, L:/127.0.0.1:60138 - R:localhost/127.0.0.1:64949]
12:31:22.209 [Forwarding getCurrentUrl on session d294cb3a30cab430e1bc72181bdbd78d to remote] DEBUG org.asynchttpclient.netty.request.NettyRequestSender - Using pooled Channel '[id: 0x9eaa4fca, L:/127.0.0.1:60138 - R:localhost/127.0.0.1:64949]' for 'GET' to 'http://localhost:64949/session/d294cb3a30cab430e1bc72181bdbd78d/url'
12:31:22.209 [Forwarding getCurrentUrl on session d294cb3a30cab430e1bc72181bdbd78d to remote] DEBUG org.asynchttpclient.netty.request.NettyRequestSender - Using open Channel [id: 0x9eaa4fca, L:/127.0.0.1:60138 - R:localhost/127.0.0.1:64949] for GET '/session/d294cb3a30cab430e1bc72181bdbd78d/url'
12:31:22.213 [AsyncHttpClient-1-10] DEBUG org.asynchttpclient.netty.handler.HttpHandler - 

Request DefaultFullHttpRequest(decodeResult: success, version: HTTP/1.1, content: EmptyByteBufBE)
GET /session/d294cb3a30cab430e1bc72181bdbd78d/url HTTP/1.1
User-Agent: selenium/4.4.0 (java windows)
Cache-Control: no-cache
Content-Type: application/json; charset=utf-8
host: localhost:64949
accept: */*

Response DefaultHttpResponse(decodeResult: success, version: HTTP/1.1)
HTTP/1.1 200 OK
Content-Type: application/json; charset=utf-8
cache-control: no-cache
content-length: 38

12:31:22.213 [AsyncHttpClient-1-10] DEBUG org.asynchttpclient.netty.channel.ChannelManager - Adding key: http://localhost:64949 for channel [id: 0x9eaa4fca, L:/127.0.0.1:60138 - R:localhost/127.0.0.1:64949]
12:31:22.215 [Test worker] DEBUG net.thucydides.core.steps.StepInterceptor - STARTING STEP: LoginSteps.elSeAutenticaComoUnUsuario - performAs
12:31:22.232 [Forwarding getCurrentWindowHandle on session d294cb3a30cab430e1bc72181bdbd78d to remote] DEBUG org.asynchttpclient.netty.request.NettyRequestSender - Using pooled Channel '[id: 0x9eaa4fca, L:/127.0.0.1:60138 - R:localhost/127.0.0.1:64949]' for 'GET' to 'http://localhost:64949/session/d294cb3a30cab430e1bc72181bdbd78d/window'
12:31:22.232 [Forwarding getCurrentWindowHandle on session d294cb3a30cab430e1bc72181bdbd78d to remote] DEBUG org.asynchttpclient.netty.request.NettyRequestSender - Using open Channel [id: 0x9eaa4fca, L:/127.0.0.1:60138 - R:localhost/127.0.0.1:64949] for GET '/session/d294cb3a30cab430e1bc72181bdbd78d/window'
12:31:22.233 [AsyncHttpClient-1-10] DEBUG org.asynchttpclient.netty.handler.HttpHandler - 

Request DefaultFullHttpRequest(decodeResult: success, version: HTTP/1.1, content: EmptyByteBufBE)
GET /session/d294cb3a30cab430e1bc72181bdbd78d/window HTTP/1.1
User-Agent: selenium/4.4.0 (java windows)
Cache-Control: no-cache
Content-Type: application/json; charset=utf-8
host: localhost:64949
accept: */*

Response DefaultHttpResponse(decodeResult: success, version: HTTP/1.1)
HTTP/1.1 200 OK
Content-Type: application/json; charset=utf-8
cache-control: no-cache
content-length: 53

12:31:22.233 [AsyncHttpClient-1-10] DEBUG org.asynchttpclient.netty.channel.ChannelManager - Adding key: http://localhost:64949 for channel [id: 0x9eaa4fca, L:/127.0.0.1:60138 - R:localhost/127.0.0.1:64949]
12:31:22.236 [Forwarding getAlertText on session d294cb3a30cab430e1bc72181bdbd78d to remote] DEBUG org.asynchttpclient.netty.request.NettyRequestSender - Using pooled Channel '[id: 0x9eaa4fca, L:/127.0.0.1:60138 - R:localhost/127.0.0.1:64949]' for 'GET' to 'http://localhost:64949/session/d294cb3a30cab430e1bc72181bdbd78d/alert/text'
12:31:22.236 [Forwarding getAlertText on session d294cb3a30cab430e1bc72181bdbd78d to remote] DEBUG org.asynchttpclient.netty.request.NettyRequestSender - Using open Channel [id: 0x9eaa4fca, L:/127.0.0.1:60138 - R:localhost/127.0.0.1:64949] for GET '/session/d294cb3a30cab430e1bc72181bdbd78d/alert/text'
12:31:22.238 [AsyncHttpClient-1-10] DEBUG org.asynchttpclient.netty.handler.HttpHandler - 

Request DefaultFullHttpRequest(decodeResult: success, version: HTTP/1.1, content: EmptyByteBufBE)
GET /session/d294cb3a30cab430e1bc72181bdbd78d/alert/text HTTP/1.1
User-Agent: selenium/4.4.0 (java windows)
Cache-Control: no-cache
Content-Type: application/json; charset=utf-8
host: localhost:64949
accept: */*

Response DefaultHttpResponse(decodeResult: success, version: HTTP/1.1)
HTTP/1.1 404 Not Found
Content-Type: application/json; charset=utf-8
cache-control: no-cache
content-length: 879

12:31:22.238 [AsyncHttpClient-1-10] DEBUG org.asynchttpclient.netty.channel.ChannelManager - Adding key: http://localhost:64949 for channel [id: 0x9eaa4fca, L:/127.0.0.1:60138 - R:localhost/127.0.0.1:64949]
12:31:22.241 [Forwarding switchToWindow on session d294cb3a30cab430e1bc72181bdbd78d to remote] DEBUG org.asynchttpclient.netty.request.NettyRequestSender - Using pooled Channel '[id: 0x9eaa4fca, L:/127.0.0.1:60138 - R:localhost/127.0.0.1:64949]' for 'POST' to 'http://localhost:64949/session/d294cb3a30cab430e1bc72181bdbd78d/window'
12:31:22.241 [Forwarding switchToWindow on session d294cb3a30cab430e1bc72181bdbd78d to remote] DEBUG org.asynchttpclient.netty.request.NettyRequestSender - Using open Channel [id: 0x9eaa4fca, L:/127.0.0.1:60138 - R:localhost/127.0.0.1:64949] for POST '/session/d294cb3a30cab430e1bc72181bdbd78d/window'
12:31:22.245 [AsyncHttpClient-1-10] DEBUG org.asynchttpclient.netty.handler.HttpHandler - 

Request DefaultHttpRequest(decodeResult: success, version: HTTP/1.1)
POST /session/d294cb3a30cab430e1bc72181bdbd78d/window HTTP/1.1
User-Agent: selenium/4.4.0 (java windows)
Content-Length: 59
Content-Type: application/json; charset=utf-8
host: localhost:64949
accept: */*

Response DefaultHttpResponse(decodeResult: success, version: HTTP/1.1)
HTTP/1.1 200 OK
Content-Type: application/json; charset=utf-8
cache-control: no-cache
content-length: 14

12:31:22.245 [AsyncHttpClient-1-10] DEBUG org.asynchttpclient.netty.channel.ChannelManager - Adding key: http://localhost:64949 for channel [id: 0x9eaa4fca, L:/127.0.0.1:60138 - R:localhost/127.0.0.1:64949]
12:31:22.246 [Forwarding getCurrentUrl on session d294cb3a30cab430e1bc72181bdbd78d to remote] DEBUG org.asynchttpclient.netty.request.NettyRequestSender - Using pooled Channel '[id: 0x9eaa4fca, L:/127.0.0.1:60138 - R:localhost/127.0.0.1:64949]' for 'GET' to 'http://localhost:64949/session/d294cb3a30cab430e1bc72181bdbd78d/url'
12:31:22.246 [Forwarding getCurrentUrl on session d294cb3a30cab430e1bc72181bdbd78d to remote] DEBUG org.asynchttpclient.netty.request.NettyRequestSender - Using open Channel [id: 0x9eaa4fca, L:/127.0.0.1:60138 - R:localhost/127.0.0.1:64949] for GET '/session/d294cb3a30cab430e1bc72181bdbd78d/url'
12:31:22.251 [AsyncHttpClient-1-10] DEBUG org.asynchttpclient.netty.handler.HttpHandler - 

Request DefaultFullHttpRequest(decodeResult: success, version: HTTP/1.1, content: EmptyByteBufBE)
GET /session/d294cb3a30cab430e1bc72181bdbd78d/url HTTP/1.1
User-Agent: selenium/4.4.0 (java windows)
Cache-Control: no-cache
Content-Type: application/json; charset=utf-8
host: localhost:64949
accept: */*

Response DefaultHttpResponse(decodeResult: success, version: HTTP/1.1)
HTTP/1.1 200 OK
Content-Type: application/json; charset=utf-8
cache-control: no-cache
content-length: 38

12:31:22.252 [AsyncHttpClient-1-10] DEBUG org.asynchttpclient.netty.channel.ChannelManager - Adding key: http://localhost:64949 for channel [id: 0x9eaa4fca, L:/127.0.0.1:60138 - R:localhost/127.0.0.1:64949]
12:31:22.253 [Forwarding screenshot on session d294cb3a30cab430e1bc72181bdbd78d to remote] DEBUG org.asynchttpclient.netty.request.NettyRequestSender - Using pooled Channel '[id: 0x9eaa4fca, L:/127.0.0.1:60138 - R:localhost/127.0.0.1:64949]' for 'GET' to 'http://localhost:64949/session/d294cb3a30cab430e1bc72181bdbd78d/screenshot'
12:31:22.253 [Forwarding screenshot on session d294cb3a30cab430e1bc72181bdbd78d to remote] DEBUG org.asynchttpclient.netty.request.NettyRequestSender - Using open Channel [id: 0x9eaa4fca, L:/127.0.0.1:60138 - R:localhost/127.0.0.1:64949] for GET '/session/d294cb3a30cab430e1bc72181bdbd78d/screenshot'
12:31:22.318 [AsyncHttpClient-1-10] DEBUG org.asynchttpclient.netty.handler.HttpHandler - 

Request DefaultFullHttpRequest(decodeResult: success, version: HTTP/1.1, content: EmptyByteBufBE)
GET /session/d294cb3a30cab430e1bc72181bdbd78d/screenshot HTTP/1.1
User-Agent: selenium/4.4.0 (java windows)
Cache-Control: no-cache
Content-Type: application/json; charset=utf-8
host: localhost:64949
accept: */*

Response DefaultHttpResponse(decodeResult: success, version: HTTP/1.1)
HTTP/1.1 200 OK
Content-Type: application/json; charset=utf-8
cache-control: no-cache
content-length: 59108

12:31:22.318 [AsyncHttpClient-1-10] DEBUG org.asynchttpclient.netty.channel.ChannelManager - Adding key: http://localhost:64949 for channel [id: 0x9eaa4fca, L:/127.0.0.1:60138 - R:localhost/127.0.0.1:64949]
12:31:22.319 [Test worker] DEBUG net.serenitybdd.core.photography.Darkroom - Send negative for processing for C:\Users\juan.gomezv\IdeaProjects\sura\target\site\serenity\60e3c498caf7a8fcf635471a5092c247627e1395d91e12246eaf1a3e7a34e095.png
12:31:22.322 [Forwarding getPageSource on session d294cb3a30cab430e1bc72181bdbd78d to remote] DEBUG org.asynchttpclient.netty.request.NettyRequestSender - Using pooled Channel '[id: 0x9eaa4fca, L:/127.0.0.1:60138 - R:localhost/127.0.0.1:64949]' for 'POST' to 'http://localhost:64949/session/d294cb3a30cab430e1bc72181bdbd78d/execute/sync'
12:31:22.322 [Forwarding getPageSource on session d294cb3a30cab430e1bc72181bdbd78d to remote] DEBUG org.asynchttpclient.netty.request.NettyRequestSender - Using open Channel [id: 0x9eaa4fca, L:/127.0.0.1:60138 - R:localhost/127.0.0.1:64949] for POST '/session/d294cb3a30cab430e1bc72181bdbd78d/execute/sync'
12:31:22.326 [AsyncHttpClient-1-10] DEBUG org.asynchttpclient.netty.handler.HttpHandler - 

Request DefaultHttpRequest(decodeResult: success, version: HTTP/1.1)
POST /session/d294cb3a30cab430e1bc72181bdbd78d/execute/sync HTTP/1.1
User-Agent: selenium/4.4.0 (java windows)
Content-Length: 176
Content-Type: application/json; charset=utf-8
host: localhost:64949
accept: */*

Response DefaultHttpResponse(decodeResult: success, version: HTTP/1.1)
HTTP/1.1 200 OK
Content-Type: application/json; charset=utf-8
cache-control: no-cache
content-length: 4160

12:31:22.327 [AsyncHttpClient-1-10] DEBUG org.asynchttpclient.netty.channel.ChannelManager - Adding key: http://localhost:64949 for channel [id: 0x9eaa4fca, L:/127.0.0.1:60138 - R:localhost/127.0.0.1:64949]
12:31:22.327 [Forwarding getCurrentUrl on session d294cb3a30cab430e1bc72181bdbd78d to remote] DEBUG org.asynchttpclient.netty.request.NettyRequestSender - Using pooled Channel '[id: 0x9eaa4fca, L:/127.0.0.1:60138 - R:localhost/127.0.0.1:64949]' for 'GET' to 'http://localhost:64949/session/d294cb3a30cab430e1bc72181bdbd78d/url'
12:31:22.328 [Forwarding getCurrentUrl on session d294cb3a30cab430e1bc72181bdbd78d to remote] DEBUG org.asynchttpclient.netty.request.NettyRequestSender - Using open Channel [id: 0x9eaa4fca, L:/127.0.0.1:60138 - R:localhost/127.0.0.1:64949] for GET '/session/d294cb3a30cab430e1bc72181bdbd78d/url'
12:31:22.331 [AsyncHttpClient-1-10] DEBUG org.asynchttpclient.netty.handler.HttpHandler - 

Request DefaultFullHttpRequest(decodeResult: success, version: HTTP/1.1, content: EmptyByteBufBE)
GET /session/d294cb3a30cab430e1bc72181bdbd78d/url HTTP/1.1
User-Agent: selenium/4.4.0 (java windows)
Cache-Control: no-cache
Content-Type: application/json; charset=utf-8
host: localhost:64949
accept: */*

Response DefaultHttpResponse(decodeResult: success, version: HTTP/1.1)
HTTP/1.1 200 OK
Content-Type: application/json; charset=utf-8
cache-control: no-cache
content-length: 38

12:31:22.331 [AsyncHttpClient-1-10] DEBUG org.asynchttpclient.netty.channel.ChannelManager - Adding key: http://localhost:64949 for channel [id: 0x9eaa4fca, L:/127.0.0.1:60138 - R:localhost/127.0.0.1:64949]
12:31:22.333 [Test worker] DEBUG net.thucydides.core.steps.StepInterceptor - STARTING STEP: LogIn.performAs - {0} enters #theTextAsAString into #target
12:31:22.339 [Test worker] DEBUG net.serenitybdd.screenplay.targets.IFrameSwitcher - default content already selected for usernameTextBox
12:31:22.357 [Forwarding findElement on session d294cb3a30cab430e1bc72181bdbd78d to remote] DEBUG org.asynchttpclient.netty.request.NettyRequestSender - Using pooled Channel '[id: 0x9eaa4fca, L:/127.0.0.1:60138 - R:localhost/127.0.0.1:64949]' for 'POST' to 'http://localhost:64949/session/d294cb3a30cab430e1bc72181bdbd78d/element'
12:31:22.357 [Forwarding findElement on session d294cb3a30cab430e1bc72181bdbd78d to remote] DEBUG org.asynchttpclient.netty.request.NettyRequestSender - Using open Channel [id: 0x9eaa4fca, L:/127.0.0.1:60138 - R:localhost/127.0.0.1:64949] for POST '/session/d294cb3a30cab430e1bc72181bdbd78d/element'
12:31:22.368 [AsyncHttpClient-1-10] DEBUG org.asynchttpclient.netty.handler.HttpHandler - 

Request DefaultHttpRequest(decodeResult: success, version: HTTP/1.1)
POST /session/d294cb3a30cab430e1bc72181bdbd78d/element HTTP/1.1
User-Agent: selenium/4.4.0 (java windows)
Content-Length: 67
Content-Type: application/json; charset=utf-8
host: localhost:64949
accept: */*

Response DefaultHttpResponse(decodeResult: success, version: HTTP/1.1)
HTTP/1.1 200 OK
Content-Type: application/json; charset=utf-8
cache-control: no-cache
content-length: 88

12:31:22.368 [AsyncHttpClient-1-10] DEBUG org.asynchttpclient.netty.channel.ChannelManager - Adding key: http://localhost:64949 for channel [id: 0x9eaa4fca, L:/127.0.0.1:60138 - R:localhost/127.0.0.1:64949]
12:31:22.369 [Forwarding clearElement on session d294cb3a30cab430e1bc72181bdbd78d to remote] DEBUG org.asynchttpclient.netty.request.NettyRequestSender - Using pooled Channel '[id: 0x9eaa4fca, L:/127.0.0.1:60138 - R:localhost/127.0.0.1:64949]' for 'POST' to 'http://localhost:64949/session/d294cb3a30cab430e1bc72181bdbd78d/element/e7c9a138-814a-40bd-8d4b-5bfdb507d652/clear'
12:31:22.369 [Forwarding clearElement on session d294cb3a30cab430e1bc72181bdbd78d to remote] DEBUG org.asynchttpclient.netty.request.NettyRequestSender - Using open Channel [id: 0x9eaa4fca, L:/127.0.0.1:60138 - R:localhost/127.0.0.1:64949] for POST '/session/d294cb3a30cab430e1bc72181bdbd78d/element/e7c9a138-814a-40bd-8d4b-5bfdb507d652/clear'
12:31:22.394 [AsyncHttpClient-1-10] DEBUG org.asynchttpclient.netty.handler.HttpHandler - 

Request DefaultHttpRequest(decodeResult: success, version: HTTP/1.1)
POST /session/d294cb3a30cab430e1bc72181bdbd78d/element/e7c9a138-814a-40bd-8d4b-5bfdb507d652/clear HTTP/1.1
User-Agent: selenium/4.4.0 (java windows)
Content-Length: 50
Content-Type: application/json; charset=utf-8
host: localhost:64949
accept: */*

Response DefaultHttpResponse(decodeResult: success, version: HTTP/1.1)
HTTP/1.1 200 OK
Content-Type: application/json; charset=utf-8
cache-control: no-cache
content-length: 14

12:31:22.394 [AsyncHttpClient-1-10] DEBUG org.asynchttpclient.netty.channel.ChannelManager - Adding key: http://localhost:64949 for channel [id: 0x9eaa4fca, L:/127.0.0.1:60138 - R:localhost/127.0.0.1:64949]
12:31:22.397 [Forwarding sendKeysToElement on session d294cb3a30cab430e1bc72181bdbd78d to remote] DEBUG org.asynchttpclient.netty.request.NettyRequestSender - Using pooled Channel '[id: 0x9eaa4fca, L:/127.0.0.1:60138 - R:localhost/127.0.0.1:64949]' for 'POST' to 'http://localhost:64949/session/d294cb3a30cab430e1bc72181bdbd78d/element/e7c9a138-814a-40bd-8d4b-5bfdb507d652/value'
12:31:22.397 [Forwarding sendKeysToElement on session d294cb3a30cab430e1bc72181bdbd78d to remote] DEBUG org.asynchttpclient.netty.request.NettyRequestSender - Using open Channel [id: 0x9eaa4fca, L:/127.0.0.1:60138 - R:localhost/127.0.0.1:64949] for POST '/session/d294cb3a30cab430e1bc72181bdbd78d/element/e7c9a138-814a-40bd-8d4b-5bfdb507d652/value'
12:31:22.451 [AsyncHttpClient-1-10] DEBUG org.asynchttpclient.netty.handler.HttpHandler - 

Request DefaultHttpRequest(decodeResult: success, version: HTTP/1.1)
POST /session/d294cb3a30cab430e1bc72181bdbd78d/element/e7c9a138-814a-40bd-8d4b-5bfdb507d652/value HTTP/1.1
User-Agent: selenium/4.4.0 (java windows)
Content-Length: 211
Content-Type: application/json; charset=utf-8
host: localhost:64949
accept: */*

Response DefaultHttpResponse(decodeResult: success, version: HTTP/1.1)
HTTP/1.1 200 OK
Content-Type: application/json; charset=utf-8
cache-control: no-cache
content-length: 14

12:31:22.451 [AsyncHttpClient-1-10] DEBUG org.asynchttpclient.netty.channel.ChannelManager - Adding key: http://localhost:64949 for channel [id: 0x9eaa4fca, L:/127.0.0.1:60138 - R:localhost/127.0.0.1:64949]
12:31:22.464 [Forwarding getCurrentWindowHandle on session d294cb3a30cab430e1bc72181bdbd78d to remote] DEBUG org.asynchttpclient.netty.request.NettyRequestSender - Using pooled Channel '[id: 0x9eaa4fca, L:/127.0.0.1:60138 - R:localhost/127.0.0.1:64949]' for 'GET' to 'http://localhost:64949/session/d294cb3a30cab430e1bc72181bdbd78d/window'
12:31:22.464 [Forwarding getCurrentWindowHandle on session d294cb3a30cab430e1bc72181bdbd78d to remote] DEBUG org.asynchttpclient.netty.request.NettyRequestSender - Using open Channel [id: 0x9eaa4fca, L:/127.0.0.1:60138 - R:localhost/127.0.0.1:64949] for GET '/session/d294cb3a30cab430e1bc72181bdbd78d/window'
12:31:22.465 [AsyncHttpClient-1-10] DEBUG org.asynchttpclient.netty.handler.HttpHandler - 

Request DefaultFullHttpRequest(decodeResult: success, version: HTTP/1.1, content: EmptyByteBufBE)
GET /session/d294cb3a30cab430e1bc72181bdbd78d/window HTTP/1.1
User-Agent: selenium/4.4.0 (java windows)
Cache-Control: no-cache
Content-Type: application/json; charset=utf-8
host: localhost:64949
accept: */*

Response DefaultHttpResponse(decodeResult: success, version: HTTP/1.1)
HTTP/1.1 200 OK
Content-Type: application/json; charset=utf-8
cache-control: no-cache
content-length: 53

12:31:22.465 [AsyncHttpClient-1-10] DEBUG org.asynchttpclient.netty.channel.ChannelManager - Adding key: http://localhost:64949 for channel [id: 0x9eaa4fca, L:/127.0.0.1:60138 - R:localhost/127.0.0.1:64949]
12:31:22.469 [Forwarding getAlertText on session d294cb3a30cab430e1bc72181bdbd78d to remote] DEBUG org.asynchttpclient.netty.request.NettyRequestSender - Using pooled Channel '[id: 0x9eaa4fca, L:/127.0.0.1:60138 - R:localhost/127.0.0.1:64949]' for 'GET' to 'http://localhost:64949/session/d294cb3a30cab430e1bc72181bdbd78d/alert/text'
12:31:22.469 [Forwarding getAlertText on session d294cb3a30cab430e1bc72181bdbd78d to remote] DEBUG org.asynchttpclient.netty.request.NettyRequestSender - Using open Channel [id: 0x9eaa4fca, L:/127.0.0.1:60138 - R:localhost/127.0.0.1:64949] for GET '/session/d294cb3a30cab430e1bc72181bdbd78d/alert/text'
12:31:22.472 [AsyncHttpClient-1-10] DEBUG org.asynchttpclient.netty.handler.HttpHandler - 

Request DefaultFullHttpRequest(decodeResult: success, version: HTTP/1.1, content: EmptyByteBufBE)
GET /session/d294cb3a30cab430e1bc72181bdbd78d/alert/text HTTP/1.1
User-Agent: selenium/4.4.0 (java windows)
Cache-Control: no-cache
Content-Type: application/json; charset=utf-8
host: localhost:64949
accept: */*

Response DefaultHttpResponse(decodeResult: success, version: HTTP/1.1)
HTTP/1.1 404 Not Found
Content-Type: application/json; charset=utf-8
cache-control: no-cache
content-length: 879

12:31:22.472 [AsyncHttpClient-1-10] DEBUG org.asynchttpclient.netty.channel.ChannelManager - Adding key: http://localhost:64949 for channel [id: 0x9eaa4fca, L:/127.0.0.1:60138 - R:localhost/127.0.0.1:64949]
12:31:22.475 [Forwarding switchToWindow on session d294cb3a30cab430e1bc72181bdbd78d to remote] DEBUG org.asynchttpclient.netty.request.NettyRequestSender - Using pooled Channel '[id: 0x9eaa4fca, L:/127.0.0.1:60138 - R:localhost/127.0.0.1:64949]' for 'POST' to 'http://localhost:64949/session/d294cb3a30cab430e1bc72181bdbd78d/window'
12:31:22.475 [Forwarding switchToWindow on session d294cb3a30cab430e1bc72181bdbd78d to remote] DEBUG org.asynchttpclient.netty.request.NettyRequestSender - Using open Channel [id: 0x9eaa4fca, L:/127.0.0.1:60138 - R:localhost/127.0.0.1:64949] for POST '/session/d294cb3a30cab430e1bc72181bdbd78d/window'
12:31:22.478 [AsyncHttpClient-1-10] DEBUG org.asynchttpclient.netty.handler.HttpHandler - 

Request DefaultHttpRequest(decodeResult: success, version: HTTP/1.1)
POST /session/d294cb3a30cab430e1bc72181bdbd78d/window HTTP/1.1
User-Agent: selenium/4.4.0 (java windows)
Content-Length: 59
Content-Type: application/json; charset=utf-8
host: localhost:64949
accept: */*

Response DefaultHttpResponse(decodeResult: success, version: HTTP/1.1)
HTTP/1.1 200 OK
Content-Type: application/json; charset=utf-8
cache-control: no-cache
content-length: 14

12:31:22.478 [AsyncHttpClient-1-10] DEBUG org.asynchttpclient.netty.channel.ChannelManager - Adding key: http://localhost:64949 for channel [id: 0x9eaa4fca, L:/127.0.0.1:60138 - R:localhost/127.0.0.1:64949]
12:31:22.479 [Forwarding getCurrentUrl on session d294cb3a30cab430e1bc72181bdbd78d to remote] DEBUG org.asynchttpclient.netty.request.NettyRequestSender - Using pooled Channel '[id: 0x9eaa4fca, L:/127.0.0.1:60138 - R:localhost/127.0.0.1:64949]' for 'GET' to 'http://localhost:64949/session/d294cb3a30cab430e1bc72181bdbd78d/url'
12:31:22.479 [Forwarding getCurrentUrl on session d294cb3a30cab430e1bc72181bdbd78d to remote] DEBUG org.asynchttpclient.netty.request.NettyRequestSender - Using open Channel [id: 0x9eaa4fca, L:/127.0.0.1:60138 - R:localhost/127.0.0.1:64949] for GET '/session/d294cb3a30cab430e1bc72181bdbd78d/url'
12:31:22.482 [AsyncHttpClient-1-10] DEBUG org.asynchttpclient.netty.handler.HttpHandler - 

Request DefaultFullHttpRequest(decodeResult: success, version: HTTP/1.1, content: EmptyByteBufBE)
GET /session/d294cb3a30cab430e1bc72181bdbd78d/url HTTP/1.1
User-Agent: selenium/4.4.0 (java windows)
Cache-Control: no-cache
Content-Type: application/json; charset=utf-8
host: localhost:64949
accept: */*

Response DefaultHttpResponse(decodeResult: success, version: HTTP/1.1)
HTTP/1.1 200 OK
Content-Type: application/json; charset=utf-8
cache-control: no-cache
content-length: 38

12:31:22.482 [AsyncHttpClient-1-10] DEBUG org.asynchttpclient.netty.channel.ChannelManager - Adding key: http://localhost:64949 for channel [id: 0x9eaa4fca, L:/127.0.0.1:60138 - R:localhost/127.0.0.1:64949]
12:31:22.482 [Forwarding screenshot on session d294cb3a30cab430e1bc72181bdbd78d to remote] DEBUG org.asynchttpclient.netty.request.NettyRequestSender - Using pooled Channel '[id: 0x9eaa4fca, L:/127.0.0.1:60138 - R:localhost/127.0.0.1:64949]' for 'GET' to 'http://localhost:64949/session/d294cb3a30cab430e1bc72181bdbd78d/screenshot'
12:31:22.482 [Forwarding screenshot on session d294cb3a30cab430e1bc72181bdbd78d to remote] DEBUG org.asynchttpclient.netty.request.NettyRequestSender - Using open Channel [id: 0x9eaa4fca, L:/127.0.0.1:60138 - R:localhost/127.0.0.1:64949] for GET '/session/d294cb3a30cab430e1bc72181bdbd78d/screenshot'
12:31:22.570 [AsyncHttpClient-1-10] DEBUG org.asynchttpclient.netty.handler.HttpHandler - 

Request DefaultFullHttpRequest(decodeResult: success, version: HTTP/1.1, content: EmptyByteBufBE)
GET /session/d294cb3a30cab430e1bc72181bdbd78d/screenshot HTTP/1.1
User-Agent: selenium/4.4.0 (java windows)
Cache-Control: no-cache
Content-Type: application/json; charset=utf-8
host: localhost:64949
accept: */*

Response DefaultHttpResponse(decodeResult: success, version: HTTP/1.1)
HTTP/1.1 200 OK
Content-Type: application/json; charset=utf-8
cache-control: no-cache
content-length: 59812

12:31:22.571 [AsyncHttpClient-1-10] DEBUG org.asynchttpclient.netty.channel.ChannelManager - Adding key: http://localhost:64949 for channel [id: 0x9eaa4fca, L:/127.0.0.1:60138 - R:localhost/127.0.0.1:64949]
12:31:22.572 [Test worker] DEBUG net.serenitybdd.core.photography.Darkroom - Send negative for processing for C:\Users\juan.gomezv\IdeaProjects\sura\target\site\serenity\cb904724c11cb1c402bbd44fd4c83dd8993b3b1bfb579cc518ee5232028dbf9b.png
12:31:22.572 [Test worker] DEBUG net.thucydides.core.steps.StepInterceptor - STEP DONE: {0} enters #theTextAsAString into #target
12:31:22.580 [Forwarding getPageSource on session d294cb3a30cab430e1bc72181bdbd78d to remote] DEBUG org.asynchttpclient.netty.request.NettyRequestSender - Using pooled Channel '[id: 0x9eaa4fca, L:/127.0.0.1:60138 - R:localhost/127.0.0.1:64949]' for 'POST' to 'http://localhost:64949/session/d294cb3a30cab430e1bc72181bdbd78d/execute/sync'
12:31:22.580 [Forwarding getPageSource on session d294cb3a30cab430e1bc72181bdbd78d to remote] DEBUG org.asynchttpclient.netty.request.NettyRequestSender - Using open Channel [id: 0x9eaa4fca, L:/127.0.0.1:60138 - R:localhost/127.0.0.1:64949] for POST '/session/d294cb3a30cab430e1bc72181bdbd78d/execute/sync'
12:31:22.585 [AsyncHttpClient-1-10] DEBUG org.asynchttpclient.netty.handler.HttpHandler - 

Request DefaultHttpRequest(decodeResult: success, version: HTTP/1.1)
POST /session/d294cb3a30cab430e1bc72181bdbd78d/execute/sync HTTP/1.1
User-Agent: selenium/4.4.0 (java windows)
Content-Length: 176
Content-Type: application/json; charset=utf-8
host: localhost:64949
accept: */*

Response DefaultHttpResponse(decodeResult: success, version: HTTP/1.1)
HTTP/1.1 200 OK
Content-Type: application/json; charset=utf-8
cache-control: no-cache
content-length: 4173

12:31:22.585 [AsyncHttpClient-1-10] DEBUG org.asynchttpclient.netty.channel.ChannelManager - Adding key: http://localhost:64949 for channel [id: 0x9eaa4fca, L:/127.0.0.1:60138 - R:localhost/127.0.0.1:64949]
12:31:22.587 [Forwarding getCurrentUrl on session d294cb3a30cab430e1bc72181bdbd78d to remote] DEBUG org.asynchttpclient.netty.request.NettyRequestSender - Using pooled Channel '[id: 0x9eaa4fca, L:/127.0.0.1:60138 - R:localhost/127.0.0.1:64949]' for 'GET' to 'http://localhost:64949/session/d294cb3a30cab430e1bc72181bdbd78d/url'
12:31:22.587 [Forwarding getCurrentUrl on session d294cb3a30cab430e1bc72181bdbd78d to remote] DEBUG org.asynchttpclient.netty.request.NettyRequestSender - Using open Channel [id: 0x9eaa4fca, L:/127.0.0.1:60138 - R:localhost/127.0.0.1:64949] for GET '/session/d294cb3a30cab430e1bc72181bdbd78d/url'
12:31:22.591 [AsyncHttpClient-1-10] DEBUG org.asynchttpclient.netty.handler.HttpHandler - 

Request DefaultFullHttpRequest(decodeResult: success, version: HTTP/1.1, content: EmptyByteBufBE)
GET /session/d294cb3a30cab430e1bc72181bdbd78d/url HTTP/1.1
User-Agent: selenium/4.4.0 (java windows)
Cache-Control: no-cache
Content-Type: application/json; charset=utf-8
host: localhost:64949
accept: */*

Response DefaultHttpResponse(decodeResult: success, version: HTTP/1.1)
HTTP/1.1 200 OK
Content-Type: application/json; charset=utf-8
cache-control: no-cache
content-length: 38

12:31:22.591 [AsyncHttpClient-1-10] DEBUG org.asynchttpclient.netty.channel.ChannelManager - Adding key: http://localhost:64949 for channel [id: 0x9eaa4fca, L:/127.0.0.1:60138 - R:localhost/127.0.0.1:64949]
12:31:22.592 [Test worker] DEBUG net.thucydides.core.steps.StepInterceptor - STARTING STEP: LogIn.performAs - {0} enters #theTextAsAString into #target
12:31:22.595 [Test worker] DEBUG net.serenitybdd.screenplay.targets.IFrameSwitcher - default content already selected for passwordTextBox
12:31:22.603 [Forwarding findElement on session d294cb3a30cab430e1bc72181bdbd78d to remote] DEBUG org.asynchttpclient.netty.request.NettyRequestSender - Using pooled Channel '[id: 0x9eaa4fca, L:/127.0.0.1:60138 - R:localhost/127.0.0.1:64949]' for 'POST' to 'http://localhost:64949/session/d294cb3a30cab430e1bc72181bdbd78d/element'
12:31:22.603 [Forwarding findElement on session d294cb3a30cab430e1bc72181bdbd78d to remote] DEBUG org.asynchttpclient.netty.request.NettyRequestSender - Using open Channel [id: 0x9eaa4fca, L:/127.0.0.1:60138 - R:localhost/127.0.0.1:64949] for POST '/session/d294cb3a30cab430e1bc72181bdbd78d/element'
12:31:22.612 [AsyncHttpClient-1-10] DEBUG org.asynchttpclient.netty.handler.HttpHandler - 

Request DefaultHttpRequest(decodeResult: success, version: HTTP/1.1)
POST /session/d294cb3a30cab430e1bc72181bdbd78d/element HTTP/1.1
User-Agent: selenium/4.4.0 (java windows)
Content-Length: 66
Content-Type: application/json; charset=utf-8
host: localhost:64949
accept: */*

Response DefaultHttpResponse(decodeResult: success, version: HTTP/1.1)
HTTP/1.1 200 OK
Content-Type: application/json; charset=utf-8
cache-control: no-cache
content-length: 88

12:31:22.612 [AsyncHttpClient-1-10] DEBUG org.asynchttpclient.netty.channel.ChannelManager - Adding key: http://localhost:64949 for channel [id: 0x9eaa4fca, L:/127.0.0.1:60138 - R:localhost/127.0.0.1:64949]
12:31:22.613 [Forwarding clearElement on session d294cb3a30cab430e1bc72181bdbd78d to remote] DEBUG org.asynchttpclient.netty.request.NettyRequestSender - Using pooled Channel '[id: 0x9eaa4fca, L:/127.0.0.1:60138 - R:localhost/127.0.0.1:64949]' for 'POST' to 'http://localhost:64949/session/d294cb3a30cab430e1bc72181bdbd78d/element/8e7821f0-4b79-410e-a87f-419e4da9d92a/clear'
12:31:22.613 [Forwarding clearElement on session d294cb3a30cab430e1bc72181bdbd78d to remote] DEBUG org.asynchttpclient.netty.request.NettyRequestSender - Using open Channel [id: 0x9eaa4fca, L:/127.0.0.1:60138 - R:localhost/127.0.0.1:64949] for POST '/session/d294cb3a30cab430e1bc72181bdbd78d/element/8e7821f0-4b79-410e-a87f-419e4da9d92a/clear'
12:31:22.640 [AsyncHttpClient-1-10] DEBUG org.asynchttpclient.netty.handler.HttpHandler - 

Request DefaultHttpRequest(decodeResult: success, version: HTTP/1.1)
POST /session/d294cb3a30cab430e1bc72181bdbd78d/element/8e7821f0-4b79-410e-a87f-419e4da9d92a/clear HTTP/1.1
User-Agent: selenium/4.4.0 (java windows)
Content-Length: 50
Content-Type: application/json; charset=utf-8
host: localhost:64949
accept: */*

Response DefaultHttpResponse(decodeResult: success, version: HTTP/1.1)
HTTP/1.1 200 OK
Content-Type: application/json; charset=utf-8
cache-control: no-cache
content-length: 14

12:31:22.640 [AsyncHttpClient-1-10] DEBUG org.asynchttpclient.netty.channel.ChannelManager - Adding key: http://localhost:64949 for channel [id: 0x9eaa4fca, L:/127.0.0.1:60138 - R:localhost/127.0.0.1:64949]
12:31:22.644 [Forwarding sendKeysToElement on session d294cb3a30cab430e1bc72181bdbd78d to remote] DEBUG org.asynchttpclient.netty.request.NettyRequestSender - Using pooled Channel '[id: 0x9eaa4fca, L:/127.0.0.1:60138 - R:localhost/127.0.0.1:64949]' for 'POST' to 'http://localhost:64949/session/d294cb3a30cab430e1bc72181bdbd78d/element/8e7821f0-4b79-410e-a87f-419e4da9d92a/value'
12:31:22.644 [Forwarding sendKeysToElement on session d294cb3a30cab430e1bc72181bdbd78d to remote] DEBUG org.asynchttpclient.netty.request.NettyRequestSender - Using open Channel [id: 0x9eaa4fca, L:/127.0.0.1:60138 - R:localhost/127.0.0.1:64949] for POST '/session/d294cb3a30cab430e1bc72181bdbd78d/element/8e7821f0-4b79-410e-a87f-419e4da9d92a/value'
12:31:22.681 [AsyncHttpClient-1-10] DEBUG org.asynchttpclient.netty.handler.HttpHandler - 

Request DefaultHttpRequest(decodeResult: success, version: HTTP/1.1)
POST /session/d294cb3a30cab430e1bc72181bdbd78d/element/8e7821f0-4b79-410e-a87f-419e4da9d92a/value HTTP/1.1
User-Agent: selenium/4.4.0 (java windows)
Content-Length: 201
Content-Type: application/json; charset=utf-8
host: localhost:64949
accept: */*

Response DefaultHttpResponse(decodeResult: success, version: HTTP/1.1)
HTTP/1.1 200 OK
Content-Type: application/json; charset=utf-8
cache-control: no-cache
content-length: 14

12:31:22.681 [AsyncHttpClient-1-10] DEBUG org.asynchttpclient.netty.channel.ChannelManager - Adding key: http://localhost:64949 for channel [id: 0x9eaa4fca, L:/127.0.0.1:60138 - R:localhost/127.0.0.1:64949]
12:31:22.694 [Forwarding getCurrentWindowHandle on session d294cb3a30cab430e1bc72181bdbd78d to remote] DEBUG org.asynchttpclient.netty.request.NettyRequestSender - Using pooled Channel '[id: 0x9eaa4fca, L:/127.0.0.1:60138 - R:localhost/127.0.0.1:64949]' for 'GET' to 'http://localhost:64949/session/d294cb3a30cab430e1bc72181bdbd78d/window'
12:31:22.694 [Forwarding getCurrentWindowHandle on session d294cb3a30cab430e1bc72181bdbd78d to remote] DEBUG org.asynchttpclient.netty.request.NettyRequestSender - Using open Channel [id: 0x9eaa4fca, L:/127.0.0.1:60138 - R:localhost/127.0.0.1:64949] for GET '/session/d294cb3a30cab430e1bc72181bdbd78d/window'
12:31:22.694 [AsyncHttpClient-1-10] DEBUG org.asynchttpclient.netty.handler.HttpHandler - 

Request DefaultFullHttpRequest(decodeResult: success, version: HTTP/1.1, content: EmptyByteBufBE)
GET /session/d294cb3a30cab430e1bc72181bdbd78d/window HTTP/1.1
User-Agent: selenium/4.4.0 (java windows)
Cache-Control: no-cache
Content-Type: application/json; charset=utf-8
host: localhost:64949
accept: */*

Response DefaultHttpResponse(decodeResult: success, version: HTTP/1.1)
HTTP/1.1 200 OK
Content-Type: application/json; charset=utf-8
cache-control: no-cache
content-length: 53

12:31:22.694 [AsyncHttpClient-1-10] DEBUG org.asynchttpclient.netty.channel.ChannelManager - Adding key: http://localhost:64949 for channel [id: 0x9eaa4fca, L:/127.0.0.1:60138 - R:localhost/127.0.0.1:64949]
12:31:22.697 [Forwarding getAlertText on session d294cb3a30cab430e1bc72181bdbd78d to remote] DEBUG org.asynchttpclient.netty.request.NettyRequestSender - Using pooled Channel '[id: 0x9eaa4fca, L:/127.0.0.1:60138 - R:localhost/127.0.0.1:64949]' for 'GET' to 'http://localhost:64949/session/d294cb3a30cab430e1bc72181bdbd78d/alert/text'
12:31:22.697 [Forwarding getAlertText on session d294cb3a30cab430e1bc72181bdbd78d to remote] DEBUG org.asynchttpclient.netty.request.NettyRequestSender - Using open Channel [id: 0x9eaa4fca, L:/127.0.0.1:60138 - R:localhost/127.0.0.1:64949] for GET '/session/d294cb3a30cab430e1bc72181bdbd78d/alert/text'
12:31:22.700 [AsyncHttpClient-1-10] DEBUG org.asynchttpclient.netty.handler.HttpHandler - 

Request DefaultFullHttpRequest(decodeResult: success, version: HTTP/1.1, content: EmptyByteBufBE)
GET /session/d294cb3a30cab430e1bc72181bdbd78d/alert/text HTTP/1.1
User-Agent: selenium/4.4.0 (java windows)
Cache-Control: no-cache
Content-Type: application/json; charset=utf-8
host: localhost:64949
accept: */*

Response DefaultHttpResponse(decodeResult: success, version: HTTP/1.1)
HTTP/1.1 404 Not Found
Content-Type: application/json; charset=utf-8
cache-control: no-cache
content-length: 879

12:31:22.700 [AsyncHttpClient-1-10] DEBUG org.asynchttpclient.netty.channel.ChannelManager - Adding key: http://localhost:64949 for channel [id: 0x9eaa4fca, L:/127.0.0.1:60138 - R:localhost/127.0.0.1:64949]
12:31:22.705 [Forwarding switchToWindow on session d294cb3a30cab430e1bc72181bdbd78d to remote] DEBUG org.asynchttpclient.netty.request.NettyRequestSender - Using pooled Channel '[id: 0x9eaa4fca, L:/127.0.0.1:60138 - R:localhost/127.0.0.1:64949]' for 'POST' to 'http://localhost:64949/session/d294cb3a30cab430e1bc72181bdbd78d/window'
12:31:22.705 [Forwarding switchToWindow on session d294cb3a30cab430e1bc72181bdbd78d to remote] DEBUG org.asynchttpclient.netty.request.NettyRequestSender - Using open Channel [id: 0x9eaa4fca, L:/127.0.0.1:60138 - R:localhost/127.0.0.1:64949] for POST '/session/d294cb3a30cab430e1bc72181bdbd78d/window'
12:31:22.709 [AsyncHttpClient-1-10] DEBUG org.asynchttpclient.netty.handler.HttpHandler - 

Request DefaultHttpRequest(decodeResult: success, version: HTTP/1.1)
POST /session/d294cb3a30cab430e1bc72181bdbd78d/window HTTP/1.1
User-Agent: selenium/4.4.0 (java windows)
Content-Length: 59
Content-Type: application/json; charset=utf-8
host: localhost:64949
accept: */*

Response DefaultHttpResponse(decodeResult: success, version: HTTP/1.1)
HTTP/1.1 200 OK
Content-Type: application/json; charset=utf-8
cache-control: no-cache
content-length: 14

12:31:22.709 [AsyncHttpClient-1-10] DEBUG org.asynchttpclient.netty.channel.ChannelManager - Adding key: http://localhost:64949 for channel [id: 0x9eaa4fca, L:/127.0.0.1:60138 - R:localhost/127.0.0.1:64949]
12:31:22.709 [Forwarding getCurrentUrl on session d294cb3a30cab430e1bc72181bdbd78d to remote] DEBUG org.asynchttpclient.netty.request.NettyRequestSender - Using pooled Channel '[id: 0x9eaa4fca, L:/127.0.0.1:60138 - R:localhost/127.0.0.1:64949]' for 'GET' to 'http://localhost:64949/session/d294cb3a30cab430e1bc72181bdbd78d/url'
12:31:22.709 [Forwarding getCurrentUrl on session d294cb3a30cab430e1bc72181bdbd78d to remote] DEBUG org.asynchttpclient.netty.request.NettyRequestSender - Using open Channel [id: 0x9eaa4fca, L:/127.0.0.1:60138 - R:localhost/127.0.0.1:64949] for GET '/session/d294cb3a30cab430e1bc72181bdbd78d/url'
12:31:22.712 [AsyncHttpClient-1-10] DEBUG org.asynchttpclient.netty.handler.HttpHandler - 

Request DefaultFullHttpRequest(decodeResult: success, version: HTTP/1.1, content: EmptyByteBufBE)
GET /session/d294cb3a30cab430e1bc72181bdbd78d/url HTTP/1.1
User-Agent: selenium/4.4.0 (java windows)
Cache-Control: no-cache
Content-Type: application/json; charset=utf-8
host: localhost:64949
accept: */*

Response DefaultHttpResponse(decodeResult: success, version: HTTP/1.1)
HTTP/1.1 200 OK
Content-Type: application/json; charset=utf-8
cache-control: no-cache
content-length: 38

12:31:22.713 [AsyncHttpClient-1-10] DEBUG org.asynchttpclient.netty.channel.ChannelManager - Adding key: http://localhost:64949 for channel [id: 0x9eaa4fca, L:/127.0.0.1:60138 - R:localhost/127.0.0.1:64949]
12:31:22.713 [Forwarding screenshot on session d294cb3a30cab430e1bc72181bdbd78d to remote] DEBUG org.asynchttpclient.netty.request.NettyRequestSender - Using pooled Channel '[id: 0x9eaa4fca, L:/127.0.0.1:60138 - R:localhost/127.0.0.1:64949]' for 'GET' to 'http://localhost:64949/session/d294cb3a30cab430e1bc72181bdbd78d/screenshot'
12:31:22.713 [Forwarding screenshot on session d294cb3a30cab430e1bc72181bdbd78d to remote] DEBUG org.asynchttpclient.netty.request.NettyRequestSender - Using open Channel [id: 0x9eaa4fca, L:/127.0.0.1:60138 - R:localhost/127.0.0.1:64949] for GET '/session/d294cb3a30cab430e1bc72181bdbd78d/screenshot'
12:31:22.788 [AsyncHttpClient-1-10] DEBUG org.asynchttpclient.netty.handler.HttpHandler - 

Request DefaultFullHttpRequest(decodeResult: success, version: HTTP/1.1, content: EmptyByteBufBE)
GET /session/d294cb3a30cab430e1bc72181bdbd78d/screenshot HTTP/1.1
User-Agent: selenium/4.4.0 (java windows)
Cache-Control: no-cache
Content-Type: application/json; charset=utf-8
host: localhost:64949
accept: */*

Response DefaultHttpResponse(decodeResult: success, version: HTTP/1.1)
HTTP/1.1 200 OK
Content-Type: application/json; charset=utf-8
cache-control: no-cache
content-length: 58468

12:31:22.789 [AsyncHttpClient-1-10] DEBUG org.asynchttpclient.netty.channel.ChannelManager - Adding key: http://localhost:64949 for channel [id: 0x9eaa4fca, L:/127.0.0.1:60138 - R:localhost/127.0.0.1:64949]
12:31:22.790 [Test worker] DEBUG net.serenitybdd.core.photography.Darkroom - Send negative for processing for C:\Users\juan.gomezv\IdeaProjects\sura\target\site\serenity\3928254ac939cb654635a6fe0cdcba17cdafb3fae09b0fc2384a6404e2fbc8c4.png
12:31:22.791 [Test worker] DEBUG net.thucydides.core.steps.StepInterceptor - STEP DONE: {0} enters #theTextAsAString into #target
12:31:22.805 [Forwarding getPageSource on session d294cb3a30cab430e1bc72181bdbd78d to remote] DEBUG org.asynchttpclient.netty.request.NettyRequestSender - Using pooled Channel '[id: 0x9eaa4fca, L:/127.0.0.1:60138 - R:localhost/127.0.0.1:64949]' for 'POST' to 'http://localhost:64949/session/d294cb3a30cab430e1bc72181bdbd78d/execute/sync'
12:31:22.805 [Forwarding getPageSource on session d294cb3a30cab430e1bc72181bdbd78d to remote] DEBUG org.asynchttpclient.netty.request.NettyRequestSender - Using open Channel [id: 0x9eaa4fca, L:/127.0.0.1:60138 - R:localhost/127.0.0.1:64949] for POST '/session/d294cb3a30cab430e1bc72181bdbd78d/execute/sync'
12:31:22.811 [AsyncHttpClient-1-10] DEBUG org.asynchttpclient.netty.handler.HttpHandler - 

Request DefaultHttpRequest(decodeResult: success, version: HTTP/1.1)
POST /session/d294cb3a30cab430e1bc72181bdbd78d/execute/sync HTTP/1.1
User-Agent: selenium/4.4.0 (java windows)
Content-Length: 176
Content-Type: application/json; charset=utf-8
host: localhost:64949
accept: */*

Response DefaultHttpResponse(decodeResult: success, version: HTTP/1.1)
HTTP/1.1 200 OK
Content-Type: application/json; charset=utf-8
cache-control: no-cache
content-length: 4185

12:31:22.811 [AsyncHttpClient-1-10] DEBUG org.asynchttpclient.netty.channel.ChannelManager - Adding key: http://localhost:64949 for channel [id: 0x9eaa4fca, L:/127.0.0.1:60138 - R:localhost/127.0.0.1:64949]
12:31:22.812 [Forwarding getCurrentUrl on session d294cb3a30cab430e1bc72181bdbd78d to remote] DEBUG org.asynchttpclient.netty.request.NettyRequestSender - Using pooled Channel '[id: 0x9eaa4fca, L:/127.0.0.1:60138 - R:localhost/127.0.0.1:64949]' for 'GET' to 'http://localhost:64949/session/d294cb3a30cab430e1bc72181bdbd78d/url'
12:31:22.812 [Forwarding getCurrentUrl on session d294cb3a30cab430e1bc72181bdbd78d to remote] DEBUG org.asynchttpclient.netty.request.NettyRequestSender - Using open Channel [id: 0x9eaa4fca, L:/127.0.0.1:60138 - R:localhost/127.0.0.1:64949] for GET '/session/d294cb3a30cab430e1bc72181bdbd78d/url'
12:31:22.816 [AsyncHttpClient-1-10] DEBUG org.asynchttpclient.netty.handler.HttpHandler - 

Request DefaultFullHttpRequest(decodeResult: success, version: HTTP/1.1, content: EmptyByteBufBE)
GET /session/d294cb3a30cab430e1bc72181bdbd78d/url HTTP/1.1
User-Agent: selenium/4.4.0 (java windows)
Cache-Control: no-cache
Content-Type: application/json; charset=utf-8
host: localhost:64949
accept: */*

Response DefaultHttpResponse(decodeResult: success, version: HTTP/1.1)
HTTP/1.1 200 OK
Content-Type: application/json; charset=utf-8
cache-control: no-cache
content-length: 38

12:31:22.816 [AsyncHttpClient-1-10] DEBUG org.asynchttpclient.netty.channel.ChannelManager - Adding key: http://localhost:64949 for channel [id: 0x9eaa4fca, L:/127.0.0.1:60138 - R:localhost/127.0.0.1:64949]
12:31:22.818 [Test worker] DEBUG net.thucydides.core.steps.StepInterceptor - STARTING STEP: LogIn.performAs - {0} clicks on #target
12:31:22.818 [Test worker] DEBUG net.serenitybdd.screenplay.targets.IFrameSwitcher - default content already selected for logIn Button
12:31:22.846 [Forwarding findElement on session d294cb3a30cab430e1bc72181bdbd78d to remote] DEBUG org.asynchttpclient.netty.request.NettyRequestSender - Using pooled Channel '[id: 0x9eaa4fca, L:/127.0.0.1:60138 - R:localhost/127.0.0.1:64949]' for 'POST' to 'http://localhost:64949/session/d294cb3a30cab430e1bc72181bdbd78d/element'
12:31:22.846 [Forwarding findElement on session d294cb3a30cab430e1bc72181bdbd78d to remote] DEBUG org.asynchttpclient.netty.request.NettyRequestSender - Using open Channel [id: 0x9eaa4fca, L:/127.0.0.1:60138 - R:localhost/127.0.0.1:64949] for POST '/session/d294cb3a30cab430e1bc72181bdbd78d/element'
12:31:22.847 [AsyncHttpClient-1-1] DEBUG org.asynchttpclient.netty.channel.DefaultChannelPool - Entry count for : http://localhost:60139 : 1
12:31:22.856 [AsyncHttpClient-1-10] DEBUG org.asynchttpclient.netty.handler.HttpHandler - 

Request DefaultHttpRequest(decodeResult: success, version: HTTP/1.1)
POST /session/d294cb3a30cab430e1bc72181bdbd78d/element HTTP/1.1
User-Agent: selenium/4.4.0 (java windows)
Content-Length: 70
Content-Type: application/json; charset=utf-8
host: localhost:64949
accept: */*

Response DefaultHttpResponse(decodeResult: success, version: HTTP/1.1)
HTTP/1.1 200 OK
Content-Type: application/json; charset=utf-8
cache-control: no-cache
content-length: 88

12:31:22.856 [AsyncHttpClient-1-10] DEBUG org.asynchttpclient.netty.channel.ChannelManager - Adding key: http://localhost:64949 for channel [id: 0x9eaa4fca, L:/127.0.0.1:60138 - R:localhost/127.0.0.1:64949]
12:31:22.861 [Forwarding isElementDisplayed on session d294cb3a30cab430e1bc72181bdbd78d to remote] DEBUG org.asynchttpclient.netty.request.NettyRequestSender - Using pooled Channel '[id: 0x9eaa4fca, L:/127.0.0.1:60138 - R:localhost/127.0.0.1:64949]' for 'POST' to 'http://localhost:64949/session/d294cb3a30cab430e1bc72181bdbd78d/execute/sync'
12:31:22.861 [Forwarding isElementDisplayed on session d294cb3a30cab430e1bc72181bdbd78d to remote] DEBUG org.asynchttpclient.netty.request.NettyRequestSender - Using open Channel [id: 0x9eaa4fca, L:/127.0.0.1:60138 - R:localhost/127.0.0.1:64949] for POST '/session/d294cb3a30cab430e1bc72181bdbd78d/execute/sync'
12:31:22.873 [AsyncHttpClient-1-10] DEBUG org.asynchttpclient.netty.handler.HttpHandler - 

Request DefaultHttpRequest(decodeResult: success, version: HTTP/1.1)
POST /session/d294cb3a30cab430e1bc72181bdbd78d/execute/sync HTTP/1.1
User-Agent: selenium/4.4.0 (java windows)
Content-Length: 48780
Content-Type: application/json; charset=utf-8
host: localhost:64949
accept: */*

Response DefaultHttpResponse(decodeResult: success, version: HTTP/1.1)
HTTP/1.1 200 OK
Content-Type: application/json; charset=utf-8
cache-control: no-cache
content-length: 14

12:31:22.873 [AsyncHttpClient-1-10] DEBUG org.asynchttpclient.netty.channel.ChannelManager - Adding key: http://localhost:64949 for channel [id: 0x9eaa4fca, L:/127.0.0.1:60138 - R:localhost/127.0.0.1:64949]
12:31:22.879 [Forwarding findElement on session d294cb3a30cab430e1bc72181bdbd78d to remote] DEBUG org.asynchttpclient.netty.request.NettyRequestSender - Using pooled Channel '[id: 0x9eaa4fca, L:/127.0.0.1:60138 - R:localhost/127.0.0.1:64949]' for 'POST' to 'http://localhost:64949/session/d294cb3a30cab430e1bc72181bdbd78d/element'
12:31:22.879 [Forwarding findElement on session d294cb3a30cab430e1bc72181bdbd78d to remote] DEBUG org.asynchttpclient.netty.request.NettyRequestSender - Using open Channel [id: 0x9eaa4fca, L:/127.0.0.1:60138 - R:localhost/127.0.0.1:64949] for POST '/session/d294cb3a30cab430e1bc72181bdbd78d/element'
12:31:22.885 [AsyncHttpClient-1-10] DEBUG org.asynchttpclient.netty.handler.HttpHandler - 

Request DefaultHttpRequest(decodeResult: success, version: HTTP/1.1)
POST /session/d294cb3a30cab430e1bc72181bdbd78d/element HTTP/1.1
User-Agent: selenium/4.4.0 (java windows)
Content-Length: 70
Content-Type: application/json; charset=utf-8
host: localhost:64949
accept: */*

Response DefaultHttpResponse(decodeResult: success, version: HTTP/1.1)
HTTP/1.1 200 OK
Content-Type: application/json; charset=utf-8
cache-control: no-cache
content-length: 88

12:31:22.885 [AsyncHttpClient-1-10] DEBUG org.asynchttpclient.netty.channel.ChannelManager - Adding key: http://localhost:64949 for channel [id: 0x9eaa4fca, L:/127.0.0.1:60138 - R:localhost/127.0.0.1:64949]
12:31:22.886 [Forwarding clickElement on session d294cb3a30cab430e1bc72181bdbd78d to remote] DEBUG org.asynchttpclient.netty.request.NettyRequestSender - Using pooled Channel '[id: 0x9eaa4fca, L:/127.0.0.1:60138 - R:localhost/127.0.0.1:64949]' for 'POST' to 'http://localhost:64949/session/d294cb3a30cab430e1bc72181bdbd78d/element/11783ddf-1a02-433b-a0d1-31923cc87b6e/click'
12:31:22.886 [Forwarding clickElement on session d294cb3a30cab430e1bc72181bdbd78d to remote] DEBUG org.asynchttpclient.netty.request.NettyRequestSender - Using open Channel [id: 0x9eaa4fca, L:/127.0.0.1:60138 - R:localhost/127.0.0.1:64949] for POST '/session/d294cb3a30cab430e1bc72181bdbd78d/element/11783ddf-1a02-433b-a0d1-31923cc87b6e/click'
12:31:22.965 [AsyncHttpClient-1-10] DEBUG org.asynchttpclient.netty.handler.HttpHandler - 

Request DefaultHttpRequest(decodeResult: success, version: HTTP/1.1)
POST /session/d294cb3a30cab430e1bc72181bdbd78d/element/11783ddf-1a02-433b-a0d1-31923cc87b6e/click HTTP/1.1
User-Agent: selenium/4.4.0 (java windows)
Content-Length: 50
Content-Type: application/json; charset=utf-8
host: localhost:64949
accept: */*

Response DefaultHttpResponse(decodeResult: success, version: HTTP/1.1)
HTTP/1.1 200 OK
Content-Type: application/json; charset=utf-8
cache-control: no-cache
content-length: 14

12:31:22.966 [AsyncHttpClient-1-10] DEBUG org.asynchttpclient.netty.channel.ChannelManager - Adding key: http://localhost:64949 for channel [id: 0x9eaa4fca, L:/127.0.0.1:60138 - R:localhost/127.0.0.1:64949]
12:31:22.985 [Forwarding getCurrentWindowHandle on session d294cb3a30cab430e1bc72181bdbd78d to remote] DEBUG org.asynchttpclient.netty.request.NettyRequestSender - Using pooled Channel '[id: 0x9eaa4fca, L:/127.0.0.1:60138 - R:localhost/127.0.0.1:64949]' for 'GET' to 'http://localhost:64949/session/d294cb3a30cab430e1bc72181bdbd78d/window'
12:31:22.985 [Forwarding getCurrentWindowHandle on session d294cb3a30cab430e1bc72181bdbd78d to remote] DEBUG org.asynchttpclient.netty.request.NettyRequestSender - Using open Channel [id: 0x9eaa4fca, L:/127.0.0.1:60138 - R:localhost/127.0.0.1:64949] for GET '/session/d294cb3a30cab430e1bc72181bdbd78d/window'
12:31:22.986 [AsyncHttpClient-1-10] DEBUG org.asynchttpclient.netty.handler.HttpHandler - 

Request DefaultFullHttpRequest(decodeResult: success, version: HTTP/1.1, content: EmptyByteBufBE)
GET /session/d294cb3a30cab430e1bc72181bdbd78d/window HTTP/1.1
User-Agent: selenium/4.4.0 (java windows)
Cache-Control: no-cache
Content-Type: application/json; charset=utf-8
host: localhost:64949
accept: */*

Response DefaultHttpResponse(decodeResult: success, version: HTTP/1.1)
HTTP/1.1 200 OK
Content-Type: application/json; charset=utf-8
cache-control: no-cache
content-length: 53

12:31:22.986 [AsyncHttpClient-1-10] DEBUG org.asynchttpclient.netty.channel.ChannelManager - Adding key: http://localhost:64949 for channel [id: 0x9eaa4fca, L:/127.0.0.1:60138 - R:localhost/127.0.0.1:64949]
12:31:22.992 [Forwarding getAlertText on session d294cb3a30cab430e1bc72181bdbd78d to remote] DEBUG org.asynchttpclient.netty.request.NettyRequestSender - Using pooled Channel '[id: 0x9eaa4fca, L:/127.0.0.1:60138 - R:localhost/127.0.0.1:64949]' for 'GET' to 'http://localhost:64949/session/d294cb3a30cab430e1bc72181bdbd78d/alert/text'
12:31:22.992 [Forwarding getAlertText on session d294cb3a30cab430e1bc72181bdbd78d to remote] DEBUG org.asynchttpclient.netty.request.NettyRequestSender - Using open Channel [id: 0x9eaa4fca, L:/127.0.0.1:60138 - R:localhost/127.0.0.1:64949] for GET '/session/d294cb3a30cab430e1bc72181bdbd78d/alert/text'
12:31:22.993 [AsyncHttpClient-1-10] DEBUG org.asynchttpclient.netty.handler.HttpHandler - 

Request DefaultFullHttpRequest(decodeResult: success, version: HTTP/1.1, content: EmptyByteBufBE)
GET /session/d294cb3a30cab430e1bc72181bdbd78d/alert/text HTTP/1.1
User-Agent: selenium/4.4.0 (java windows)
Cache-Control: no-cache
Content-Type: application/json; charset=utf-8
host: localhost:64949
accept: */*

Response DefaultHttpResponse(decodeResult: success, version: HTTP/1.1)
HTTP/1.1 404 Not Found
Content-Type: application/json; charset=utf-8
cache-control: no-cache
content-length: 879

12:31:22.993 [AsyncHttpClient-1-10] DEBUG org.asynchttpclient.netty.channel.ChannelManager - Adding key: http://localhost:64949 for channel [id: 0x9eaa4fca, L:/127.0.0.1:60138 - R:localhost/127.0.0.1:64949]
12:31:23.000 [Forwarding switchToWindow on session d294cb3a30cab430e1bc72181bdbd78d to remote] DEBUG org.asynchttpclient.netty.request.NettyRequestSender - Using pooled Channel '[id: 0x9eaa4fca, L:/127.0.0.1:60138 - R:localhost/127.0.0.1:64949]' for 'POST' to 'http://localhost:64949/session/d294cb3a30cab430e1bc72181bdbd78d/window'
12:31:23.000 [Forwarding switchToWindow on session d294cb3a30cab430e1bc72181bdbd78d to remote] DEBUG org.asynchttpclient.netty.request.NettyRequestSender - Using open Channel [id: 0x9eaa4fca, L:/127.0.0.1:60138 - R:localhost/127.0.0.1:64949] for POST '/session/d294cb3a30cab430e1bc72181bdbd78d/window'
12:31:23.003 [AsyncHttpClient-1-10] DEBUG org.asynchttpclient.netty.handler.HttpHandler - 

Request DefaultHttpRequest(decodeResult: success, version: HTTP/1.1)
POST /session/d294cb3a30cab430e1bc72181bdbd78d/window HTTP/1.1
User-Agent: selenium/4.4.0 (java windows)
Content-Length: 59
Content-Type: application/json; charset=utf-8
host: localhost:64949
accept: */*

Response DefaultHttpResponse(decodeResult: success, version: HTTP/1.1)
HTTP/1.1 200 OK
Content-Type: application/json; charset=utf-8
cache-control: no-cache
content-length: 14

12:31:23.003 [AsyncHttpClient-1-10] DEBUG org.asynchttpclient.netty.channel.ChannelManager - Adding key: http://localhost:64949 for channel [id: 0x9eaa4fca, L:/127.0.0.1:60138 - R:localhost/127.0.0.1:64949]
12:31:23.003 [Forwarding getCurrentUrl on session d294cb3a30cab430e1bc72181bdbd78d to remote] DEBUG org.asynchttpclient.netty.request.NettyRequestSender - Using pooled Channel '[id: 0x9eaa4fca, L:/127.0.0.1:60138 - R:localhost/127.0.0.1:64949]' for 'GET' to 'http://localhost:64949/session/d294cb3a30cab430e1bc72181bdbd78d/url'
12:31:23.003 [Forwarding getCurrentUrl on session d294cb3a30cab430e1bc72181bdbd78d to remote] DEBUG org.asynchttpclient.netty.request.NettyRequestSender - Using open Channel [id: 0x9eaa4fca, L:/127.0.0.1:60138 - R:localhost/127.0.0.1:64949] for GET '/session/d294cb3a30cab430e1bc72181bdbd78d/url'
12:31:23.008 [AsyncHttpClient-1-10] DEBUG org.asynchttpclient.netty.handler.HttpHandler - 

Request DefaultFullHttpRequest(decodeResult: success, version: HTTP/1.1, content: EmptyByteBufBE)
GET /session/d294cb3a30cab430e1bc72181bdbd78d/url HTTP/1.1
User-Agent: selenium/4.4.0 (java windows)
Cache-Control: no-cache
Content-Type: application/json; charset=utf-8
host: localhost:64949
accept: */*

Response DefaultHttpResponse(decodeResult: success, version: HTTP/1.1)
HTTP/1.1 200 OK
Content-Type: application/json; charset=utf-8
cache-control: no-cache
content-length: 52

12:31:23.008 [AsyncHttpClient-1-10] DEBUG org.asynchttpclient.netty.channel.ChannelManager - Adding key: http://localhost:64949 for channel [id: 0x9eaa4fca, L:/127.0.0.1:60138 - R:localhost/127.0.0.1:64949]
12:31:23.008 [Forwarding screenshot on session d294cb3a30cab430e1bc72181bdbd78d to remote] DEBUG org.asynchttpclient.netty.request.NettyRequestSender - Using pooled Channel '[id: 0x9eaa4fca, L:/127.0.0.1:60138 - R:localhost/127.0.0.1:64949]' for 'GET' to 'http://localhost:64949/session/d294cb3a30cab430e1bc72181bdbd78d/screenshot'
12:31:23.009 [Forwarding screenshot on session d294cb3a30cab430e1bc72181bdbd78d to remote] DEBUG org.asynchttpclient.netty.request.NettyRequestSender - Using open Channel [id: 0x9eaa4fca, L:/127.0.0.1:60138 - R:localhost/127.0.0.1:64949] for GET '/session/d294cb3a30cab430e1bc72181bdbd78d/screenshot'
12:31:23.238 [AsyncHttpClient-1-10] DEBUG org.asynchttpclient.netty.handler.HttpHandler - 

Request DefaultFullHttpRequest(decodeResult: success, version: HTTP/1.1, content: EmptyByteBufBE)
GET /session/d294cb3a30cab430e1bc72181bdbd78d/screenshot HTTP/1.1
User-Agent: selenium/4.4.0 (java windows)
Cache-Control: no-cache
Content-Type: application/json; charset=utf-8
host: localhost:64949
accept: */*

Response DefaultHttpResponse(decodeResult: success, version: HTTP/1.1)
HTTP/1.1 200 OK
Content-Type: application/json; charset=utf-8
cache-control: no-cache
content-length: 316072

12:31:23.238 [AsyncHttpClient-1-10] DEBUG org.asynchttpclient.netty.channel.ChannelManager - Adding key: http://localhost:64949 for channel [id: 0x9eaa4fca, L:/127.0.0.1:60138 - R:localhost/127.0.0.1:64949]
[...]
host: localhost:62496
accept: */*

Response DefaultHttpResponse(decodeResult: success, version: HTTP/1.1)
HTTP/1.1 200 OK
Content-Type: application/json; charset=utf-8
cache-control: no-cache
content-length: 10173

12:31:34.793 [AsyncHttpClient-1-16] DEBUG org.asynchttpclient.netty.channel.ChannelManager - Adding key: http://localhost:62496 for channel [id: 0xb8fd5fd9, L:/127.0.0.1:60182 - R:localhost/127.0.0.1:62496]
12:31:34.794 [Forwarding getCurrentUrl on session f91ae635a59f486db267f10ef6576b31 to remote] DEBUG org.asynchttpclient.netty.request.NettyRequestSender - Using pooled Channel '[id: 0xb8fd5fd9, L:/127.0.0.1:60182 - R:localhost/127.0.0.1:62496]' for 'GET' to 'http://localhost:62496/session/f91ae635a59f486db267f10ef6576b31/url'
12:31:34.794 [Forwarding getCurrentUrl on session f91ae635a59f486db267f10ef6576b31 to remote] DEBUG org.asynchttpclient.netty.request.NettyRequestSender - Using open Channel [id: 0xb8fd5fd9, L:/127.0.0.1:60182 - R:localhost/127.0.0.1:62496] for GET '/session/f91ae635a59f486db267f10ef6576b31/url'
12:31:34.796 [AsyncHttpClient-1-16] DEBUG org.asynchttpclient.netty.handler.HttpHandler - 

Request DefaultFullHttpRequest(decodeResult: success, version: HTTP/1.1, content: EmptyByteBufBE)
GET /session/f91ae635a59f486db267f10ef6576b31/url HTTP/1.1
User-Agent: selenium/4.4.0 (java windows)
Cache-Control: no-cache
Content-Type: application/json; charset=utf-8
host: localhost:62496
accept: */*

Response DefaultHttpResponse(decodeResult: success, version: HTTP/1.1)
HTTP/1.1 200 OK
Content-Type: application/json; charset=utf-8
cache-control: no-cache
content-length: 47

12:31:34.796 [AsyncHttpClient-1-16] DEBUG org.asynchttpclient.netty.channel.ChannelManager - Adding key: http://localhost:62496 for channel [id: 0xb8fd5fd9, L:/127.0.0.1:60182 - R:localhost/127.0.0.1:62496]
12:31:34.798 [Test worker] DEBUG net.thucydides.core.steps.StepInterceptor - STARTING STEP: CatalogueSteps.pasaALaPaginaDeListadoDeDompras - {0} should see #description
12:31:34.798 [Test worker] DEBUG net.serenitybdd.screenplay.targets.IFrameSwitcher - default content already selected for product title
12:31:34.807 [Forwarding findElement on session f91ae635a59f486db267f10ef6576b31 to remote] DEBUG org.asynchttpclient.netty.request.NettyRequestSender - Using pooled Channel '[id: 0xb8fd5fd9, L:/127.0.0.1:60182 - R:localhost/127.0.0.1:62496]' for 'POST' to 'http://localhost:62496/session/f91ae635a59f486db267f10ef6576b31/element'
12:31:34.807 [Forwarding findElement on session f91ae635a59f486db267f10ef6576b31 to remote] DEBUG org.asynchttpclient.netty.request.NettyRequestSender - Using open Channel [id: 0xb8fd5fd9, L:/127.0.0.1:60182 - R:localhost/127.0.0.1:62496] for POST '/session/f91ae635a59f486db267f10ef6576b31/element'
12:31:34.814 [AsyncHttpClient-1-16] DEBUG org.asynchttpclient.netty.handler.HttpHandler - 

Request DefaultHttpRequest(decodeResult: success, version: HTTP/1.1)
POST /session/f91ae635a59f486db267f10ef6576b31/element HTTP/1.1
User-Agent: selenium/4.4.0 (java windows)
Content-Length: 78
Content-Type: application/json; charset=utf-8
host: localhost:62496
accept: */*

Response DefaultHttpResponse(decodeResult: success, version: HTTP/1.1)
HTTP/1.1 200 OK
Content-Type: application/json; charset=utf-8
cache-control: no-cache
content-length: 88

12:31:34.814 [AsyncHttpClient-1-16] DEBUG org.asynchttpclient.netty.channel.ChannelManager - Adding key: http://localhost:62496 for channel [id: 0xb8fd5fd9, L:/127.0.0.1:60182 - R:localhost/127.0.0.1:62496]
12:31:34.815 [Forwarding getElementText on session f91ae635a59f486db267f10ef6576b31 to remote] DEBUG org.asynchttpclient.netty.request.NettyRequestSender - Using pooled Channel '[id: 0xb8fd5fd9, L:/127.0.0.1:60182 - R:localhost/127.0.0.1:62496]' for 'GET' to 'http://localhost:62496/session/f91ae635a59f486db267f10ef6576b31/element/3c1f1081-d58f-47e6-bef0-763b8c9d1d59/text'
12:31:34.815 [Forwarding getElementText on session f91ae635a59f486db267f10ef6576b31 to remote] DEBUG org.asynchttpclient.netty.request.NettyRequestSender - Using open Channel [id: 0xb8fd5fd9, L:/127.0.0.1:60182 - R:localhost/127.0.0.1:62496] for GET '/session/f91ae635a59f486db267f10ef6576b31/element/3c1f1081-d58f-47e6-bef0-763b8c9d1d59/text'
12:31:34.823 [AsyncHttpClient-1-16] DEBUG org.asynchttpclient.netty.handler.HttpHandler - 

Request DefaultFullHttpRequest(decodeResult: success, version: HTTP/1.1, content: EmptyByteBufBE)
GET /session/f91ae635a59f486db267f10ef6576b31/element/3c1f1081-d58f-47e6-bef0-763b8c9d1d59/text HTTP/1.1
User-Agent: selenium/4.4.0 (java windows)
Cache-Control: no-cache
Content-Type: application/json; charset=utf-8
host: localhost:62496
accept: */*

Response DefaultHttpResponse(decodeResult: success, version: HTTP/1.1)
HTTP/1.1 200 OK
Content-Type: application/json; charset=utf-8
cache-control: no-cache
content-length: 21

12:31:34.823 [AsyncHttpClient-1-16] DEBUG org.asynchttpclient.netty.channel.ChannelManager - Adding key: http://localhost:62496 for channel [id: 0xb8fd5fd9, L:/127.0.0.1:60182 - R:localhost/127.0.0.1:62496]
12:31:34.833 [Forwarding getCurrentWindowHandle on session f91ae635a59f486db267f10ef6576b31 to remote] DEBUG org.asynchttpclient.netty.request.NettyRequestSender - Using pooled Channel '[id: 0xb8fd5fd9, L:/127.0.0.1:60182 - R:localhost/127.0.0.1:62496]' for 'GET' to 'http://localhost:62496/session/f91ae635a59f486db267f10ef6576b31/window'
12:31:34.834 [Forwarding getCurrentWindowHandle on session f91ae635a59f486db267f10ef6576b31 to remote] DEBUG org.asynchttpclient.netty.request.NettyRequestSender - Using open Channel [id: 0xb8fd5fd9, L:/127.0.0.1:60182 - R:localhost/127.0.0.1:62496] for GET '/session/f91ae635a59f486db267f10ef6576b31/window'
12:31:34.834 [AsyncHttpClient-1-16] DEBUG org.asynchttpclient.netty.handler.HttpHandler - 

Request DefaultFullHttpRequest(decodeResult: success, version: HTTP/1.1, content: EmptyByteBufBE)
GET /session/f91ae635a59f486db267f10ef6576b31/window HTTP/1.1
User-Agent: selenium/4.4.0 (java windows)
Cache-Control: no-cache
Content-Type: application/json; charset=utf-8
host: localhost:62496
accept: */*

Response DefaultHttpResponse(decodeResult: success, version: HTTP/1.1)
HTTP/1.1 200 OK
Content-Type: application/json; charset=utf-8
cache-control: no-cache
content-length: 53

12:31:34.834 [AsyncHttpClient-1-16] DEBUG org.asynchttpclient.netty.channel.ChannelManager - Adding key: http://localhost:62496 for channel [id: 0xb8fd5fd9, L:/127.0.0.1:60182 - R:localhost/127.0.0.1:62496]
12:31:34.843 [Forwarding getAlertText on session f91ae635a59f486db267f10ef6576b31 to remote] DEBUG org.asynchttpclient.netty.request.NettyRequestSender - Using pooled Channel '[id: 0xb8fd5fd9, L:/127.0.0.1:60182 - R:localhost/127.0.0.1:62496]' for 'GET' to 'http://localhost:62496/session/f91ae635a59f486db267f10ef6576b31/alert/text'
12:31:34.843 [Forwarding getAlertText on session f91ae635a59f486db267f10ef6576b31 to remote] DEBUG org.asynchttpclient.netty.request.NettyRequestSender - Using open Channel [id: 0xb8fd5fd9, L:/127.0.0.1:60182 - R:localhost/127.0.0.1:62496] for GET '/session/f91ae635a59f486db267f10ef6576b31/alert/text'
12:31:34.845 [AsyncHttpClient-1-16] DEBUG org.asynchttpclient.netty.handler.HttpHandler - 

Request DefaultFullHttpRequest(decodeResult: success, version: HTTP/1.1, content: EmptyByteBufBE)
GET /session/f91ae635a59f486db267f10ef6576b31/alert/text HTTP/1.1
User-Agent: selenium/4.4.0 (java windows)
Cache-Control: no-cache
Content-Type: application/json; charset=utf-8
host: localhost:62496
accept: */*

Response DefaultHttpResponse(decodeResult: success, version: HTTP/1.1)
HTTP/1.1 404 Not Found
Content-Type: application/json; charset=utf-8
cache-control: no-cache
content-length: 879

12:31:34.845 [AsyncHttpClient-1-16] DEBUG org.asynchttpclient.netty.channel.ChannelManager - Adding key: http://localhost:62496 for channel [id: 0xb8fd5fd9, L:/127.0.0.1:60182 - R:localhost/127.0.0.1:62496]
12:31:34.848 [Forwarding switchToWindow on session f91ae635a59f486db267f10ef6576b31 to remote] DEBUG org.asynchttpclient.netty.request.NettyRequestSender - Using pooled Channel '[id: 0xb8fd5fd9, L:/127.0.0.1:60182 - R:localhost/127.0.0.1:62496]' for 'POST' to 'http://localhost:62496/session/f91ae635a59f486db267f10ef6576b31/window'
12:31:34.848 [Forwarding switchToWindow on session f91ae635a59f486db267f10ef6576b31 to remote] DEBUG org.asynchttpclient.netty.request.NettyRequestSender - Using open Channel [id: 0xb8fd5fd9, L:/127.0.0.1:60182 - R:localhost/127.0.0.1:62496] for POST '/session/f91ae635a59f486db267f10ef6576b31/window'
12:31:34.850 [AsyncHttpClient-1-16] DEBUG org.asynchttpclient.netty.handler.HttpHandler - 

Request DefaultHttpRequest(decodeResult: success, version: HTTP/1.1)
POST /session/f91ae635a59f486db267f10ef6576b31/window HTTP/1.1
User-Agent: selenium/4.4.0 (java windows)
Content-Length: 59
Content-Type: application/json; charset=utf-8
host: localhost:62496
accept: */*

Response DefaultHttpResponse(decodeResult: success, version: HTTP/1.1)
HTTP/1.1 200 OK
Content-Type: application/json; charset=utf-8
cache-control: no-cache
content-length: 14

12:31:34.850 [AsyncHttpClient-1-16] DEBUG org.asynchttpclient.netty.channel.ChannelManager - Adding key: http://localhost:62496 for channel [id: 0xb8fd5fd9, L:/127.0.0.1:60182 - R:localhost/127.0.0.1:62496]
12:31:34.851 [Forwarding getCurrentUrl on session f91ae635a59f486db267f10ef6576b31 to remote] DEBUG org.asynchttpclient.netty.request.NettyRequestSender - Using pooled Channel '[id: 0xb8fd5fd9, L:/127.0.0.1:60182 - R:localhost/127.0.0.1:62496]' for 'GET' to 'http://localhost:62496/session/f91ae635a59f486db267f10ef6576b31/url'
12:31:34.851 [Forwarding getCurrentUrl on session f91ae635a59f486db267f10ef6576b31 to remote] DEBUG org.asynchttpclient.netty.request.NettyRequestSender - Using open Channel [id: 0xb8fd5fd9, L:/127.0.0.1:60182 - R:localhost/127.0.0.1:62496] for GET '/session/f91ae635a59f486db267f10ef6576b31/url'
12:31:34.854 [AsyncHttpClient-1-16] DEBUG org.asynchttpclient.netty.handler.HttpHandler - 

Request DefaultFullHttpRequest(decodeResult: success, version: HTTP/1.1, content: EmptyByteBufBE)
GET /session/f91ae635a59f486db267f10ef6576b31/url HTTP/1.1
User-Agent: selenium/4.4.0 (java windows)
Cache-Control: no-cache
Content-Type: application/json; charset=utf-8
host: localhost:62496
accept: */*

Response DefaultHttpResponse(decodeResult: success, version: HTTP/1.1)
HTTP/1.1 200 OK
Content-Type: application/json; charset=utf-8
cache-control: no-cache
content-length: 47

12:31:34.854 [AsyncHttpClient-1-16] DEBUG org.asynchttpclient.netty.channel.ChannelManager - Adding key: http://localhost:62496 for channel [id: 0xb8fd5fd9, L:/127.0.0.1:60182 - R:localhost/127.0.0.1:62496]
12:31:34.854 [Forwarding screenshot on session f91ae635a59f486db267f10ef6576b31 to remote] DEBUG org.asynchttpclient.netty.request.NettyRequestSender - Using pooled Channel '[id: 0xb8fd5fd9, L:/127.0.0.1:60182 - R:localhost/127.0.0.1:62496]' for 'GET' to 'http://localhost:62496/session/f91ae635a59f486db267f10ef6576b31/screenshot'
12:31:34.854 [Forwarding screenshot on session f91ae635a59f486db267f10ef6576b31 to remote] DEBUG org.asynchttpclient.netty.request.NettyRequestSender - Using open Channel [id: 0xb8fd5fd9, L:/127.0.0.1:60182 - R:localhost/127.0.0.1:62496] for GET '/session/f91ae635a59f486db267f10ef6576b31/screenshot'
12:31:34.933 [AsyncHttpClient-1-16] DEBUG org.asynchttpclient.netty.handler.HttpHandler - 

Request DefaultFullHttpRequest(decodeResult: success, version: HTTP/1.1, content: EmptyByteBufBE)
GET /session/f91ae635a59f486db267f10ef6576b31/screenshot HTTP/1.1
User-Agent: selenium/4.4.0 (java windows)
Cache-Control: no-cache
Content-Type: application/json; charset=utf-8
host: localhost:62496
accept: */*

Response DefaultHttpResponse(decodeResult: success, version: HTTP/1.1)
HTTP/1.1 200 OK
Content-Type: application/json; charset=utf-8
cache-control: no-cache
content-length: 42856

12:31:34.933 [AsyncHttpClient-1-16] DEBUG org.asynchttpclient.netty.channel.ChannelManager - Adding key: http://localhost:62496 for channel [id: 0xb8fd5fd9, L:/127.0.0.1:60182 - R:localhost/127.0.0.1:62496]
12:31:34.934 [Test worker] DEBUG net.serenitybdd.core.photography.Darkroom - Send negative for processing for C:\Users\juan.gomezv\IdeaProjects\sura\target\site\serenity\74405e323d70a61325a039cbbc355372e4570162078f0622e549c9cda1f487c4.png
12:31:34.935 [Test worker] DEBUG net.thucydides.core.steps.StepInterceptor - STEP DONE: {0} should see #description
  ?[32mEntonces ?[0m?[32m?[0m?[32m?[1mAna?[0m?[32m pasa a la pagina ?[0m?[32m?[1m"CART"?[0m?[32m de listado de compras?[0m                  ?[90m# sura.stepDefinitions.CatalogueSteps.pasaALaPaginaDeListadoDeDompras(net.serenitybdd.screenplay.Actor,java.lang.String)?[0m
12:31:34.944 [Test worker] INFO  - 
  _____   ___   ___   _____     ___     _     ___   ___   ___   ___  
 |_   _| | __| / __| |_   _|   | _ \   /_\   / __| / __| | __| |   \ 
   | |   | _|  \__ \   | |     |  _/  / _ \  \__ \ \__ \ | _|  | |) |
   |_|   |___| |___/   |_|     |_|   /_/ \_\ |___/ |___/ |___| |___/ 

Añadir articulos al carrito de compras y pasar al lista de compras
----------------------------------------------------------------------
12:31:34.945 [AsyncHttpClient-1-2] DEBUG org.asynchttpclient.netty.handler.WebSocketHandler - Channel Closed: [id: 0xf8b64638, L:/127.0.0.1:60190 ! R:localhost/127.0.0.1:60183] with attribute NettyResponseFuture{currentRetry=0,
	isDone=1,
	isCancelled=0,
	asyncHandler=org.asynchttpclient.ws.WebSocketUpgradeHandler@1dc520fa,
	nettyRequest=org.asynchttpclient.netty.request.NettyRequest@46e11a66,
	future=java.util.concurrent.CompletableFuture@5f00ce23[Completed normally],
	uri=ws://localhost:60183/devtools/browser/9bd99668-36ad-4353-b485-2fc9ed787a9c,
	keepAlive=true,
	redirectCount=0,
	timeoutsHolder=null,
	inAuth=0,
	touch=1664472692131}
12:31:34.945 [Driver Command Executor] DEBUG org.asynchttpclient.netty.request.NettyRequestSender - Using pooled Channel '[id: 0xb8fd5fd9, L:/127.0.0.1:60182 - R:localhost/127.0.0.1:62496]' for 'DELETE' to 'http://localhost:62496/session/f91ae635a59f486db267f10ef6576b31'
12:31:34.945 [AsyncHttpClient-1-2] DEBUG org.asynchttpclient.netty.channel.ChannelManager - Closing Channel [id: 0xf8b64638, L:/127.0.0.1:60190 ! R:localhost/127.0.0.1:60183] 
12:31:34.945 [Driver Command Executor] DEBUG org.asynchttpclient.netty.request.NettyRequestSender - Using open Channel [id: 0xb8fd5fd9, L:/127.0.0.1:60182 - R:localhost/127.0.0.1:62496] for DELETE '/session/f91ae635a59f486db267f10ef6576b31'
12:31:34.956 [AsyncHttpClient-1-1] DEBUG org.asynchttpclient.netty.channel.DefaultChannelPool - Entry count for : http://localhost:60183 : 1
12:31:34.974 [AsyncHttpClient-1-17] DEBUG org.asynchttpclient.netty.handler.HttpHandler - Unexpected I/O exception on channel [id: 0x4020acb8, L:/127.0.0.1:60189 - R:localhost/127.0.0.1:60183]
java.net.SocketException: Connection reset
	at java.base/sun.nio.ch.SocketChannelImpl.throwConnectionReset(SocketChannelImpl.java:394)
	at java.base/sun.nio.ch.SocketChannelImpl.read(SocketChannelImpl.java:426)
	at io.netty.buffer.PooledByteBuf.setBytes(PooledByteBuf.java:258)
	at io.netty.buffer.AbstractByteBuf.writeBytes(AbstractByteBuf.java:1132)
	at io.netty.channel.socket.nio.NioSocketChannel.doReadBytes(NioSocketChannel.java:357)
	at io.netty.channel.nio.AbstractNioByteChannel$NioByteUnsafe.read(AbstractNioByteChannel.java:151)
	at io.netty.channel.nio.NioEventLoop.processSelectedKey(NioEventLoop.java:722)
	at io.netty.channel.nio.NioEventLoop.processSelectedKeysOptimized(NioEventLoop.java:658)
	at io.netty.channel.nio.NioEventLoop.processSelectedKeys(NioEventLoop.java:584)
	at io.netty.channel.nio.NioEventLoop.run(NioEventLoop.java:496)
	at io.netty.util.concurrent.SingleThreadEventExecutor$4.run(SingleThreadEventExecutor.java:997)
	at io.netty.util.internal.ThreadExecutorMap$2.run(ThreadExecutorMap.java:74)
	at io.netty.util.concurrent.FastThreadLocalRunnable.run(FastThreadLocalRunnable.java:30)
	at java.base/java.lang.Thread.run(Thread.java:833)
12:31:34.974 [AsyncHttpClient-1-17] DEBUG org.asynchttpclient.netty.channel.ChannelManager - Closing Channel [id: 0x4020acb8, L:/127.0.0.1:60189 - R:localhost/127.0.0.1:60183] 
12:31:34.974 [AsyncHttpClient-1-17] DEBUG org.asynchttpclient.netty.handler.HttpHandler - Channel Closed: [id: 0x4020acb8, L:/127.0.0.1:60189 ! R:localhost/127.0.0.1:60183] with attribute DISCARD
12:31:34.989 [AsyncHttpClient-1-16] DEBUG org.asynchttpclient.netty.handler.HttpHandler - 

Request DefaultFullHttpRequest(decodeResult: success, version: HTTP/1.1, content: EmptyByteBufBE)
DELETE /session/f91ae635a59f486db267f10ef6576b31 HTTP/1.1
User-Agent: selenium/4.4.0 (java windows)
Content-Type: application/json; charset=utf-8
host: localhost:62496
accept: */*

Response DefaultHttpResponse(decodeResult: success, version: HTTP/1.1)
HTTP/1.1 200 OK
Content-Type: application/json; charset=utf-8
cache-control: no-cache
content-length: 14

12:31:34.989 [AsyncHttpClient-1-16] DEBUG org.asynchttpclient.netty.channel.ChannelManager - Adding key: http://localhost:62496 for channel [id: 0xb8fd5fd9, L:/127.0.0.1:60182 - R:localhost/127.0.0.1:62496]
12:31:35.030 [AsyncHttpClient-1-16] DEBUG org.asynchttpclient.netty.handler.HttpHandler - Channel Closed: [id: 0xb8fd5fd9, L:/127.0.0.1:60182 ! R:localhost/127.0.0.1:62496] with attribute DISCARD
]]></system-out>
  <system-err><![CDATA[Starting ChromeDriver 105.0.5195.52 (412c95e518836d8a7d97250d62b29c2ae6a26a85-refs/branch-heads/5195@{#853}) on port 64949
Only local connections are allowed.
Please see https://chromedriver.chromium.org/security-considerations for suggestions on keeping ChromeDriver safe.
ChromeDriver was started successfully.
sep. 29, 2022 12:31:21 P. M. org.openqa.selenium.remote.ProtocolHandshake createSession
INFO: Detected upstream dialect: W3C
sep. 29, 2022 12:31:21 P. M. org.openqa.selenium.devtools.CdpVersionFinder findNearestMatch
WARNING: Unable to find an exact match for CDP version 105, so returning the closest version found: 104
sep. 29, 2022 12:31:21 P. M. org.openqa.selenium.devtools.CdpVersionFinder findNearestMatch
INFO: Found CDP implementation for version 105 of 104
Starting ChromeDriver 105.0.5195.52 (412c95e518836d8a7d97250d62b29c2ae6a26a85-refs/branch-heads/5195@{#853}) on port 61478
Only local connections are allowed.
Please see https://chromedriver.chromium.org/security-considerations for suggestions on keeping ChromeDriver safe.
ChromeDriver was started successfully.
sep. 29, 2022 12:31:27 P. M. org.openqa.selenium.remote.ProtocolHandshake createSession
INFO: Detected upstream dialect: W3C
sep. 29, 2022 12:31:27 P. M. org.openqa.selenium.devtools.CdpVersionFinder findNearestMatch
WARNING: Unable to find an exact match for CDP version 105, so returning the closest version found: 104
sep. 29, 2022 12:31:27 P. M. org.openqa.selenium.devtools.CdpVersionFinder findNearestMatch
INFO: Found CDP implementation for version 105 of 104
Starting ChromeDriver 105.0.5195.52 (412c95e518836d8a7d97250d62b29c2ae6a26a85-refs/branch-heads/5195@{#853}) on port 62496
Only local connections are allowed.
Please see https://chromedriver.chromium.org/security-considerations for suggestions on keeping ChromeDriver safe.
ChromeDriver was started successfully.
sep. 29, 2022 12:31:32 P. M. org.openqa.selenium.remote.ProtocolHandshake createSession
INFO: Detected upstream dialect: W3C
sep. 29, 2022 12:31:32 P. M. org.openqa.selenium.devtools.CdpVersionFinder findNearestMatch
WARNING: Unable to find an exact match for CDP version 105, so returning the closest version found: 104
sep. 29, 2022 12:31:32 P. M. org.openqa.selenium.devtools.CdpVersionFinder findNearestMatch
INFO: Found CDP implementation for version 105 of 104
]]></system-err>
</testsuite>
