<?xml version="1.0" encoding="UTF-8"?>
<testsuite name="Autenticación" tests="8" skipped="0" failures="0" errors="0" timestamp="2022-09-29T17:30:48" hostname="PSOFKA01134" time="32.277">
  <properties/>
  <testcase name="Usuario se auténtica con una cuenta inválida #1" classname="Autenticación" time="9.221"/>
  <testcase name="Usuario se auténtica con una cuenta inválida #2" classname="Autenticación" time="2.594"/>
  <testcase name="Usuario se auténtica con una cuenta válida #1" classname="Autenticación" time="3.095"/>
  <testcase name="Usuario se auténtica con una cuenta válida #2" classname="Autenticación" time="2.57"/>
  <testcase name="Usuario se auténtica con una cuenta válida #3" classname="Autenticación" time="7.534"/>
  <testcase name="Usuario trata autenticarse con información incompleta #1" classname="Autenticación" time="2.189"/>
  <testcase name="Usuario trata autenticarse con información incompleta #2" classname="Autenticación" time="2.219"/>
  <testcase name="Usuario trata autenticarse con información incompleta #3" classname="Autenticación" time="2.855"/>
  <system-out><![CDATA[
Esquema del escenario: Usuario se auténtica con una cuenta inválida           ?[90m# src/test/resources/features/autenticacion/login.feature:14?[0m
12:30:48.831 [Test worker] INFO io.cucumber.core.plugin.SerenityReporter - Running feature from file:///C:/Users/juan.gomezv/IdeaProjects/sura/src/test/resources/features/autenticacion/login.feature
12:30:48.920 [Test worker] INFO  - 
  _____   ___   ___   _____     ___   _____     _     ___   _____   ___   ___  
 |_   _| | __| / __| |_   _|   / __| |_   _|   /_\   | _ \ |_   _| | __| |   \ 
   | |   | _|  \__ \   | |     \__ \   | |    / _ \  |   /   | |   | _|  | |) |
   |_|   |___| |___/   |_|     |___/   |_|   /_/ \_\ |_|_\   |_|   |___| |___/ 

Usuario se auténtica con una cuenta inválida(autenticación;usuario-se-auténtica-con-una-cuenta-inválida)
--------------------------------------------------------------------------------
12:30:49.353 [Test worker] DEBUG net.thucydides.core.steps.StepInterceptor - STARTING STEP: LoginSteps.quiereConsultarArticulosDeportivosEnLaWebDeLaMarcaSwag - {0} abre la aplicación
12:30:49.373 [Test worker] DEBUG net.thucydides.core.steps.StepInterceptor - STARTING STEP: NavigateTo.performAs - {0} opens the #targetPageName
12:30:49.397 [Test worker] INFO net.serenitybdd.core.webdriver.driverproviders.DriverProvider - Using WebDriverManager configuration for chrome
12:30:49.671 [Test worker] DEBUG io.github.bonigarcia.wdm.cache.ResolutionCache - Resolution chrome=105 in cache (valid until 12:30:54 29/09/2022 CDT)
12:30:49.672 [Test worker] DEBUG io.github.bonigarcia.wdm.cache.ResolutionCache - Resolution chrome105=105.0.5195.52 in cache (valid until 08:20:40 30/09/2022 CDT)
12:30:49.672 [Test worker] INFO io.github.bonigarcia.wdm.WebDriverManager - Using chromedriver 105.0.5195.52 (resolved driver for Chrome 105)
12:30:49.683 [Test worker] DEBUG io.github.bonigarcia.wdm.WebDriverManager - Driver chromedriver 105.0.5195.52 found in cache
12:30:49.684 [Test worker] INFO io.github.bonigarcia.wdm.WebDriverManager - Exporting webdriver.chrome.driver as C:\Users\juan.gomezv\.cache\selenium\chromedriver\win32\105.0.5195.52\chromedriver.exe
12:30:49.758 [Test worker] INFO net.serenitybdd.core.webdriver.driverproviders.ChromeDriverProvider - Starting Chrome driver instance with capabilities:
12:30:49.760 [Test worker] INFO net.serenitybdd.core.webdriver.driverproviders.ChromeDriverProvider - Capabilities {acceptInsecureCerts: false, browserName: chrome, goog:chromeOptions: {args: [], extensions: []}}
12:30:49.807 [Test worker] DEBUG io.netty.util.internal.logging.InternalLoggerFactory - Using SLF4J as the default logging framework
12:30:49.809 [Test worker] DEBUG io.netty.util.ResourceLeakDetector - -Dio.netty.leakDetection.level: simple
12:30:49.809 [Test worker] DEBUG io.netty.util.ResourceLeakDetector - -Dio.netty.leakDetection.targetRecords: 4
12:30:49.811 [Test worker] DEBUG io.netty.util.ResourceLeakDetectorFactory - Loaded default ResourceLeakDetector: io.netty.util.ResourceLeakDetector@1b46392c
12:30:49.823 [Test worker] DEBUG io.netty.util.internal.PlatformDependent0 - -Dio.netty.noUnsafe: false
12:30:49.823 [Test worker] DEBUG io.netty.util.internal.PlatformDependent0 - Java version: 18
12:30:49.823 [Test worker] DEBUG io.netty.util.internal.PlatformDependent0 - sun.misc.Unsafe.theUnsafe: available
12:30:49.824 [Test worker] DEBUG io.netty.util.internal.PlatformDependent0 - sun.misc.Unsafe.copyMemory: available
12:30:49.824 [Test worker] DEBUG io.netty.util.internal.PlatformDependent0 - sun.misc.Unsafe.storeFence: available
12:30:49.824 [Test worker] DEBUG io.netty.util.internal.PlatformDependent0 - java.nio.Buffer.address: available
12:30:49.825 [Test worker] DEBUG io.netty.util.internal.PlatformDependent0 - direct buffer constructor: unavailable: Reflective setAccessible(true) disabled
12:30:49.825 [Test worker] DEBUG io.netty.util.internal.PlatformDependent0 - java.nio.Bits.unaligned: available, true
12:30:49.826 [Test worker] DEBUG io.netty.util.internal.PlatformDependent0 - jdk.internal.misc.Unsafe.allocateUninitializedArray(int): unavailable: class io.netty.util.internal.PlatformDependent0$7 cannot access class jdk.internal.misc.Unsafe (in module java.base) because module java.base does not export jdk.internal.misc to unnamed module @5fbe4146
12:30:49.826 [Test worker] DEBUG io.netty.util.internal.PlatformDependent0 - java.nio.DirectByteBuffer.<init>(long, int): unavailable
12:30:49.826 [Test worker] DEBUG io.netty.util.internal.PlatformDependent - sun.misc.Unsafe: available
12:30:49.833 [Test worker] DEBUG io.netty.util.internal.PlatformDependent - maxDirectMemory: 536870912 bytes (maybe)
12:30:49.833 [Test worker] DEBUG io.netty.util.internal.PlatformDependent - -Dio.netty.tmpdir: C:\Users\JUAN~1.GOM\AppData\Local\Temp (java.io.tmpdir)
12:30:49.833 [Test worker] DEBUG io.netty.util.internal.PlatformDependent - -Dio.netty.bitMode: 64 (sun.arch.data.model)
12:30:49.833 [Test worker] DEBUG io.netty.util.internal.PlatformDependent - Platform: Windows
12:30:49.834 [Test worker] DEBUG io.netty.util.internal.PlatformDependent - -Dio.netty.maxDirectMemory: -1 bytes
12:30:49.834 [Test worker] DEBUG io.netty.util.internal.PlatformDependent - -Dio.netty.uninitializedArrayAllocationThreshold: -1
12:30:49.835 [Test worker] DEBUG io.netty.util.internal.CleanerJava9 - java.nio.ByteBuffer.cleaner(): available
12:30:49.835 [Test worker] DEBUG io.netty.util.internal.PlatformDependent - -Dio.netty.noPreferDirect: false
12:30:49.840 [Test worker] DEBUG io.netty.util.internal.PlatformDependent - org.jctools-core.MpscChunkedArrayQueue: available
12:30:49.851 [Test worker] DEBUG io.netty.util.internal.InternalThreadLocalMap - -Dio.netty.threadLocalMap.stringBuilder.initialSize: 1024
12:30:49.851 [Test worker] DEBUG io.netty.util.internal.InternalThreadLocalMap - -Dio.netty.threadLocalMap.stringBuilder.maxSize: 4096
12:30:49.879 [Test worker] DEBUG io.netty.handler.ssl.JdkSslContext - Default protocols (JDK): [TLSv1.3, TLSv1.2] 
12:30:49.879 [Test worker] DEBUG io.netty.handler.ssl.JdkSslContext - Default cipher suites (JDK): [TLS_ECDHE_ECDSA_WITH_AES_256_GCM_SHA384, TLS_ECDHE_ECDSA_WITH_AES_128_GCM_SHA256, TLS_ECDHE_RSA_WITH_AES_128_GCM_SHA256, TLS_ECDHE_RSA_WITH_AES_256_GCM_SHA384, TLS_ECDHE_RSA_WITH_AES_128_CBC_SHA, TLS_ECDHE_RSA_WITH_AES_256_CBC_SHA, TLS_RSA_WITH_AES_128_GCM_SHA256, TLS_RSA_WITH_AES_128_CBC_SHA, TLS_RSA_WITH_AES_256_CBC_SHA, TLS_AES_128_GCM_SHA256, TLS_AES_256_GCM_SHA384]
12:30:49.895 [Test worker] DEBUG io.netty.channel.MultithreadEventLoopGroup - -Dio.netty.eventLoopThreads: 16
12:30:49.899 [Test worker] DEBUG io.netty.channel.nio.NioEventLoop - -Dio.netty.noKeySetOptimization: false
12:30:49.899 [Test worker] DEBUG io.netty.channel.nio.NioEventLoop - -Dio.netty.selectorAutoRebuildThreshold: 512
12:30:49.919 [Test worker] DEBUG io.netty.buffer.PooledByteBufAllocator - -Dio.netty.allocator.numHeapArenas: 16
12:30:49.919 [Test worker] DEBUG io.netty.buffer.PooledByteBufAllocator - -Dio.netty.allocator.numDirectArenas: 16
12:30:49.919 [Test worker] DEBUG io.netty.buffer.PooledByteBufAllocator - -Dio.netty.allocator.pageSize: 8192
12:30:49.919 [Test worker] DEBUG io.netty.buffer.PooledByteBufAllocator - -Dio.netty.allocator.maxOrder: 9
12:30:49.919 [Test worker] DEBUG io.netty.buffer.PooledByteBufAllocator - -Dio.netty.allocator.chunkSize: 4194304
12:30:49.919 [Test worker] DEBUG io.netty.buffer.PooledByteBufAllocator - -Dio.netty.allocator.smallCacheSize: 256
12:30:49.919 [Test worker] DEBUG io.netty.buffer.PooledByteBufAllocator - -Dio.netty.allocator.normalCacheSize: 64
12:30:49.919 [Test worker] DEBUG io.netty.buffer.PooledByteBufAllocator - -Dio.netty.allocator.maxCachedBufferCapacity: 32768
12:30:49.919 [Test worker] DEBUG io.netty.buffer.PooledByteBufAllocator - -Dio.netty.allocator.cacheTrimInterval: 8192
12:30:49.919 [Test worker] DEBUG io.netty.buffer.PooledByteBufAllocator - -Dio.netty.allocator.cacheTrimIntervalMillis: 0
12:30:49.919 [Test worker] DEBUG io.netty.buffer.PooledByteBufAllocator - -Dio.netty.allocator.useCacheForAllThreads: false
12:30:49.919 [Test worker] DEBUG io.netty.buffer.PooledByteBufAllocator - -Dio.netty.allocator.maxCachedByteBuffersPerChunk: 1023
12:30:49.928 [Test worker] DEBUG io.netty.buffer.ByteBufUtil - -Dio.netty.allocator.type: pooled
12:30:49.928 [Test worker] DEBUG io.netty.buffer.ByteBufUtil - -Dio.netty.threadLocalDirectBufferSize: 0
12:30:49.928 [Test worker] DEBUG io.netty.buffer.ByteBufUtil - -Dio.netty.maxThreadLocalCharBufferSize: 16384
12:30:50.128 [Forwarding newSession on session null to remote] DEBUG io.netty.channel.DefaultChannelId - -Dio.netty.processId: 11840 (auto-detected)
12:30:50.129 [Forwarding newSession on session null to remote] DEBUG io.netty.util.NetUtil - -Djava.net.preferIPv4Stack: false
12:30:50.129 [Forwarding newSession on session null to remote] DEBUG io.netty.util.NetUtil - -Djava.net.preferIPv6Addresses: false
12:30:50.139 [Forwarding newSession on session null to remote] DEBUG io.netty.util.NetUtilInitializations - Loopback interface: lo (Software Loopback Interface 1, 127.0.0.1)
12:30:50.140 [Forwarding newSession on session null to remote] DEBUG io.netty.util.NetUtil - Failed to get SOMAXCONN from sysctl and file \proc\sys\net\core\somaxconn. Default: 200
12:30:50.160 [Forwarding newSession on session null to remote] DEBUG io.netty.channel.DefaultChannelId - -Dio.netty.machineId: 8c:b8:7e:ff:fe:15:e4:f1 (auto-detected)
12:30:50.195 [AsyncHttpClient-1-2] DEBUG io.netty.buffer.AbstractByteBuf - -Dio.netty.buffer.checkAccessible: true
12:30:50.195 [AsyncHttpClient-1-2] DEBUG io.netty.buffer.AbstractByteBuf - -Dio.netty.buffer.checkBounds: true
12:30:50.195 [AsyncHttpClient-1-2] DEBUG io.netty.util.ResourceLeakDetectorFactory - Loaded default ResourceLeakDetector: io.netty.util.ResourceLeakDetector@c22a58f
12:30:50.206 [AsyncHttpClient-1-2] DEBUG org.asynchttpclient.netty.channel.NettyConnectListener - Using new Channel '[id: 0x1ee33d92, L:/127.0.0.1:59951 - R:localhost/127.0.0.1:63061]' for 'POST' to '/session'
12:30:50.220 [AsyncHttpClient-1-2] DEBUG io.netty.util.Recycler - -Dio.netty.recycler.maxCapacityPerThread: 4096
12:30:50.220 [AsyncHttpClient-1-2] DEBUG io.netty.util.Recycler - -Dio.netty.recycler.ratio: 8
12:30:50.220 [AsyncHttpClient-1-2] DEBUG io.netty.util.Recycler - -Dio.netty.recycler.chunkSize: 32
12:30:50.220 [AsyncHttpClient-1-2] DEBUG io.netty.util.Recycler - -Dio.netty.recycler.blocking: false
12:30:50.841 [AsyncHttpClient-1-2] DEBUG io.netty.handler.codec.compression.Brotli - brotli4j not in the classpath; Brotli support will be unavailable.
12:30:50.842 [AsyncHttpClient-1-2] DEBUG org.asynchttpclient.netty.handler.HttpHandler - 

Request DefaultHttpRequest(decodeResult: success, version: HTTP/1.1)
POST /session HTTP/1.1
User-Agent: selenium/4.4.0 (java windows)
Content-Length: 437
Content-Type: application/json; charset=utf-8
host: localhost:63061
accept: */*

Response DefaultHttpResponse(decodeResult: success, version: HTTP/1.1)
HTTP/1.1 200 OK
Content-Type: application/json; charset=utf-8
cache-control: no-cache
content-length: 794

12:30:50.849 [AsyncHttpClient-1-2] DEBUG org.asynchttpclient.netty.channel.ChannelManager - Adding key: http://localhost:63061 for channel [id: 0x1ee33d92, L:/127.0.0.1:59951 - R:localhost/127.0.0.1:63061]
12:30:50.937 [AsyncHttpClient-1-3] DEBUG org.asynchttpclient.netty.channel.NettyConnectListener - Using new Channel '[id: 0x31e53388, L:/127.0.0.1:59957 - R:localhost/127.0.0.1:59952]' for 'GET' to '/json/version'
12:30:50.940 [AsyncHttpClient-1-3] DEBUG org.asynchttpclient.netty.handler.HttpHandler - 

Request DefaultFullHttpRequest(decodeResult: success, version: HTTP/1.1, content: EmptyByteBufBE)
GET /json/version HTTP/1.1
User-Agent: selenium/4.4.0 (java windows)
host: localhost:59952
accept: */*

Response DefaultHttpResponse(decodeResult: success, version: HTTP/1.1)
HTTP/1.1 200 OK
Content-Type: application/json; charset=UTF-8
content-length: 423

12:30:50.941 [AsyncHttpClient-1-3] DEBUG org.asynchttpclient.netty.channel.ChannelManager - Adding key: http://localhost:59952 for channel [id: 0x31e53388, L:/127.0.0.1:59957 - R:localhost/127.0.0.1:59952]
12:30:50.944 [AsyncHttpClient-1-1] DEBUG org.asynchttpclient.netty.channel.DefaultChannelPool - Entry count for : http://localhost:63061 : 1
12:30:50.944 [AsyncHttpClient-1-1] DEBUG org.asynchttpclient.netty.channel.DefaultChannelPool - Entry count for : http://localhost:59952 : 1
12:30:50.950 [Test worker] DEBUG io.netty.util.internal.ThreadLocalRandom - -Dio.netty.initialSeedUniquifier: 0x33a70fb942b574c8
12:30:50.956 [AsyncHttpClient-1-4] DEBUG org.asynchttpclient.netty.channel.NettyConnectListener - Using new Channel '[id: 0x9e4609a7, L:/127.0.0.1:59958 - R:localhost/127.0.0.1:59952]' for 'GET' to '/devtools/browser/9c62f024-55c8-44b9-b4a9-22f7a78d9704'
12:30:50.959 [AsyncHttpClient-1-4] DEBUG org.asynchttpclient.netty.handler.WebSocketHandler - 

Request DefaultFullHttpRequest(decodeResult: success, version: HTTP/1.1, content: EmptyByteBufBE)
GET /devtools/browser/9c62f024-55c8-44b9-b4a9-22f7a78d9704 HTTP/1.1
upgrade: websocket
connection: upgrade
sec-websocket-key: YqRJEtpN9DraPdudPrD2WA==
sec-websocket-version: 13
origin: http://localhost:59952
host: localhost:59952
accept: */*
user-agent: AHC/2.1

Response DefaultHttpResponse(decodeResult: success, version: HTTP/1.1)
HTTP/1.1 101 WebSocket Protocol Handshake
Upgrade: WebSocket
Connection: Upgrade
Sec-WebSocket-Accept: uymmzFTKMQE26pvYb79qyCqFuHc=

12:30:51.641 [Test worker] DEBUG net.thucydides.core.reflection.ClassFinder - Could not load class .sura.CucumberTestSuite
12:30:51.641 [Test worker] DEBUG net.thucydides.core.reflection.ClassFinder - Could not load class .sura.enumerators.Option
12:30:51.641 [Test worker] DEBUG net.thucydides.core.reflection.ClassFinder - Could not load class .sura.enumerators.User
12:30:51.641 [Test worker] DEBUG net.thucydides.core.reflection.ClassFinder - Could not load class .sura.interactions.ClickFrom
12:30:51.642 [Test worker] DEBUG net.thucydides.core.reflection.ClassFinder - Could not load class .sura.interactions.Sort
12:30:51.642 [Test worker] DEBUG net.thucydides.core.reflection.ClassFinder - Could not load class .sura.models.PersonalInfo
12:30:51.642 [Test worker] DEBUG net.thucydides.core.reflection.ClassFinder - Could not load class .sura.stepDefinitions.CatalogueSteps
12:30:51.642 [Test worker] DEBUG net.thucydides.core.reflection.ClassFinder - Could not load class .sura.stepDefinitions.CheckOutSteps
12:30:51.642 [Test worker] DEBUG net.thucydides.core.reflection.ClassFinder - Could not load class .sura.stepDefinitions.ListOfProductsSteps
12:30:51.642 [Test worker] DEBUG net.thucydides.core.reflection.ClassFinder - Could not load class .sura.stepDefinitions.LoginSteps
12:30:51.642 [Test worker] DEBUG net.thucydides.core.reflection.ClassFinder - Could not load class .sura.stepDefinitions.ParameterDefinitions
12:30:51.642 [Test worker] DEBUG net.thucydides.core.reflection.ClassFinder - Could not load class .sura.stepDefinitions.ProductDetailSteps
12:30:51.642 [Test worker] DEBUG net.thucydides.core.reflection.ClassFinder - Could not load class .sura.stepDefinitions.SortProductsSteps
12:30:51.642 [Test worker] DEBUG net.thucydides.core.reflection.ClassFinder - Could not load class .sura.tasks.CheckOutOrder
12:30:51.642 [Test worker] DEBUG net.thucydides.core.reflection.ClassFinder - Could not load class .sura.tasks.LogIn
12:30:51.642 [Test worker] DEBUG net.thucydides.core.reflection.ClassFinder - Could not load class .sura.tasks.NavigateTo
12:30:51.642 [Test worker] DEBUG net.thucydides.core.reflection.ClassFinder - Could not load class .sura.tasks.OrganizeProducts
12:30:51.643 [Test worker] DEBUG net.thucydides.core.reflection.ClassFinder - Could not load class .sura.tasks.SelectFromCatalogue
12:30:51.643 [Test worker] DEBUG net.thucydides.core.reflection.ClassFinder - Could not load class .sura.ui.CataloguePage
12:30:51.643 [Test worker] DEBUG net.thucydides.core.reflection.ClassFinder - Could not load class .sura.ui.CheckOutPage
12:30:51.643 [Test worker] DEBUG net.thucydides.core.reflection.ClassFinder - Could not load class .sura.ui.FooterPage
12:30:51.643 [Test worker] DEBUG net.thucydides.core.reflection.ClassFinder - Could not load class .sura.ui.HeaderPage
12:30:51.643 [Test worker] DEBUG net.thucydides.core.reflection.ClassFinder - Could not load class .sura.ui.LoginPage
12:30:51.643 [Test worker] DEBUG net.thucydides.core.reflection.ClassFinder - Could not load class .sura.ui.ProductDetailsPage
12:30:51.643 [Test worker] DEBUG net.thucydides.core.reflection.ClassFinder - Could not load class .sura.ui.ProductListPage
12:30:51.644 [Test worker] DEBUG net.thucydides.core.reflection.ClassFinder - Could not load class .sura.utils.Enumerator
12:30:51.644 [Test worker] DEBUG net.thucydides.core.reflection.ClassFinder - Could not load class .sura.utils.ListedItems
12:30:51.645 [Test worker] DEBUG net.thucydides.core.reflection.ClassFinder - Could not load class META-INF.versions.9.com.sun.istack.logging.StackHelper
12:30:51.646 [Test worker] DEBUG net.thucydides.core.reflection.ClassFinder - Could not load class META-INF.versions.9.com.sun.xml.bind.v2.runtime.reflect.opt.AccessorInjector
12:30:51.646 [Test worker] DEBUG net.thucydides.core.reflection.ClassFinder - Could not load class META-INF.versions.9.com.sun.xml.bind.v2.runtime.reflect.opt.Injector
12:30:51.647 [Test worker] DEBUG net.thucydides.core.reflection.ClassFinder - Could not load class META-INF.versions.9.com.sun.xml.bind.v2.runtime.reflect.opt.OptimizedAccessorFactory
12:30:51.647 [Test worker] DEBUG net.thucydides.core.reflection.ClassFinder - Could not load class META-INF.versions.9.com.sun.xml.bind.v2.runtime.reflect.opt.OptimizedTransducedAccessorFactory
12:30:51.648 [Test worker] DEBUG net.thucydides.core.reflection.ClassFinder - Could not load class META-INF.versions.9.io.opentelemetry.sdk.internal.CurrentJavaVersionSpecific
12:30:51.649 [Test worker] DEBUG net.thucydides.core.reflection.ClassFinder - Could not load class META-INF.versions.9.io.opentelemetry.sdk.internal.Java9VersionSpecific
12:30:51.649 [Test worker] DEBUG net.thucydides.core.reflection.ClassFinder - Could not load class META-INF.versions.9.javax.xml.bind.ModuleUtil
12:30:51.650 [Test worker] DEBUG net.thucydides.core.reflection.ClassFinder - Could not load class META-INF.versions.9.module-info
12:30:51.651 [Test worker] DEBUG net.thucydides.core.reflection.ClassFinder - Could not load class META-INF.versions.9.org.junit.platform.commons.util.ModuleUtils
12:30:51.992 [Test worker] DEBUG net.thucydides.core.reflection.ClassFinder - Could not load class com.google.gson.internal.
12:30:52.046 [AsyncHttpClient-1-1] DEBUG org.asynchttpclient.netty.channel.DefaultChannelPool - Entry count for : http://localhost:63061 : 1
12:30:52.046 [AsyncHttpClient-1-1] DEBUG org.asynchttpclient.netty.channel.DefaultChannelPool - Entry count for : http://localhost:59952 : 1
12:30:52.124 [Test worker] DEBUG net.thucydides.core.reflection.ClassFinder - Could not load class com.sun.xml.bind.v2.runtime.output.FastInfosetStreamWriterOutput
12:30:52.442 [Test worker] DEBUG net.thucydides.core.reflection.ClassFinder - Could not load class module-info
12:30:53.144 [AsyncHttpClient-1-1] DEBUG org.asynchttpclient.netty.channel.DefaultChannelPool - Entry count for : http://localhost:63061 : 1
12:30:53.144 [AsyncHttpClient-1-1] DEBUG org.asynchttpclient.netty.channel.DefaultChannelPool - Entry count for : http://localhost:59952 : 1
12:30:54.246 [AsyncHttpClient-1-1] DEBUG org.asynchttpclient.netty.channel.DefaultChannelPool - Entry count for : http://localhost:63061 : 1
12:30:54.246 [AsyncHttpClient-1-1] DEBUG org.asynchttpclient.netty.channel.DefaultChannelPool - Entry count for : http://localhost:59952 : 1
12:30:55.009 [Forwarding get on session 282807fdde94d5d47600cbbc12fa34b9 to remote] DEBUG org.asynchttpclient.netty.request.NettyRequestSender - Using pooled Channel '[id: 0x1ee33d92, L:/127.0.0.1:59951 - R:localhost/127.0.0.1:63061]' for 'POST' to 'http://localhost:63061/session/282807fdde94d5d47600cbbc12fa34b9/url'
12:30:55.009 [Forwarding get on session 282807fdde94d5d47600cbbc12fa34b9 to remote] DEBUG org.asynchttpclient.netty.request.NettyRequestSender - Using open Channel [id: 0x1ee33d92, L:/127.0.0.1:59951 - R:localhost/127.0.0.1:63061] for POST '/session/282807fdde94d5d47600cbbc12fa34b9/url'
12:30:55.276 [AsyncHttpClient-1-2] DEBUG org.asynchttpclient.netty.handler.HttpHandler - 

Request DefaultHttpRequest(decodeResult: success, version: HTTP/1.1)
POST /session/282807fdde94d5d47600cbbc12fa34b9/url HTTP/1.1
User-Agent: selenium/4.4.0 (java windows)
Content-Length: 40
Content-Type: application/json; charset=utf-8
host: localhost:63061
accept: */*

Response DefaultHttpResponse(decodeResult: success, version: HTTP/1.1)
HTTP/1.1 200 OK
Content-Type: application/json; charset=utf-8
cache-control: no-cache
content-length: 14

12:30:55.278 [AsyncHttpClient-1-2] DEBUG org.asynchttpclient.netty.channel.ChannelManager - Adding key: http://localhost:63061 for channel [id: 0x1ee33d92, L:/127.0.0.1:59951 - R:localhost/127.0.0.1:63061]
12:30:55.286 [Forwarding setTimeout on session 282807fdde94d5d47600cbbc12fa34b9 to remote] DEBUG org.asynchttpclient.netty.request.NettyRequestSender - Using pooled Channel '[id: 0x1ee33d92, L:/127.0.0.1:59951 - R:localhost/127.0.0.1:63061]' for 'POST' to 'http://localhost:63061/session/282807fdde94d5d47600cbbc12fa34b9/timeouts'
12:30:55.287 [Forwarding setTimeout on session 282807fdde94d5d47600cbbc12fa34b9 to remote] DEBUG org.asynchttpclient.netty.request.NettyRequestSender - Using open Channel [id: 0x1ee33d92, L:/127.0.0.1:59951 - R:localhost/127.0.0.1:63061] for POST '/session/282807fdde94d5d47600cbbc12fa34b9/timeouts'
12:30:55.289 [AsyncHttpClient-1-2] DEBUG org.asynchttpclient.netty.handler.HttpHandler - 

Request DefaultHttpRequest(decodeResult: success, version: HTTP/1.1)
POST /session/282807fdde94d5d47600cbbc12fa34b9/timeouts HTTP/1.1
User-Agent: selenium/4.4.0 (java windows)
Content-Length: 22
Content-Type: application/json; charset=utf-8
host: localhost:63061
accept: */*

Response DefaultHttpResponse(decodeResult: success, version: HTTP/1.1)
HTTP/1.1 200 OK
Content-Type: application/json; charset=utf-8
cache-control: no-cache
content-length: 14

12:30:55.290 [AsyncHttpClient-1-2] DEBUG org.asynchttpclient.netty.channel.ChannelManager - Adding key: http://localhost:63061 for channel [id: 0x1ee33d92, L:/127.0.0.1:59951 - R:localhost/127.0.0.1:63061]
12:30:55.305 [Forwarding getCurrentUrl on session 282807fdde94d5d47600cbbc12fa34b9 to remote] DEBUG org.asynchttpclient.netty.request.NettyRequestSender - Using pooled Channel '[id: 0x1ee33d92, L:/127.0.0.1:59951 - R:localhost/127.0.0.1:63061]' for 'GET' to 'http://localhost:63061/session/282807fdde94d5d47600cbbc12fa34b9/url'
12:30:55.305 [Forwarding getCurrentUrl on session 282807fdde94d5d47600cbbc12fa34b9 to remote] DEBUG org.asynchttpclient.netty.request.NettyRequestSender - Using open Channel [id: 0x1ee33d92, L:/127.0.0.1:59951 - R:localhost/127.0.0.1:63061] for GET '/session/282807fdde94d5d47600cbbc12fa34b9/url'
12:30:55.312 [AsyncHttpClient-1-2] DEBUG org.asynchttpclient.netty.handler.HttpHandler - 

Request DefaultFullHttpRequest(decodeResult: success, version: HTTP/1.1, content: EmptyByteBufBE)
GET /session/282807fdde94d5d47600cbbc12fa34b9/url HTTP/1.1
User-Agent: selenium/4.4.0 (java windows)
Cache-Control: no-cache
Content-Type: application/json; charset=utf-8
host: localhost:63061
accept: */*

Response DefaultHttpResponse(decodeResult: success, version: HTTP/1.1)
HTTP/1.1 200 OK
Content-Type: application/json; charset=utf-8
cache-control: no-cache
content-length: 38

12:30:55.313 [AsyncHttpClient-1-2] DEBUG org.asynchttpclient.netty.channel.ChannelManager - Adding key: http://localhost:63061 for channel [id: 0x1ee33d92, L:/127.0.0.1:59951 - R:localhost/127.0.0.1:63061]
12:30:55.328 [Forwarding getCurrentUrl on session 282807fdde94d5d47600cbbc12fa34b9 to remote] DEBUG org.asynchttpclient.netty.request.NettyRequestSender - Using pooled Channel '[id: 0x1ee33d92, L:/127.0.0.1:59951 - R:localhost/127.0.0.1:63061]' for 'GET' to 'http://localhost:63061/session/282807fdde94d5d47600cbbc12fa34b9/url'
12:30:55.328 [Forwarding getCurrentUrl on session 282807fdde94d5d47600cbbc12fa34b9 to remote] DEBUG org.asynchttpclient.netty.request.NettyRequestSender - Using open Channel [id: 0x1ee33d92, L:/127.0.0.1:59951 - R:localhost/127.0.0.1:63061] for GET '/session/282807fdde94d5d47600cbbc12fa34b9/url'
12:30:55.335 [AsyncHttpClient-1-2] DEBUG org.asynchttpclient.netty.handler.HttpHandler - 

Request DefaultFullHttpRequest(decodeResult: success, version: HTTP/1.1, content: EmptyByteBufBE)
GET /session/282807fdde94d5d47600cbbc12fa34b9/url HTTP/1.1
User-Agent: selenium/4.4.0 (java windows)
Cache-Control: no-cache
Content-Type: application/json; charset=utf-8
host: localhost:63061
accept: */*

Response DefaultHttpResponse(decodeResult: success, version: HTTP/1.1)
HTTP/1.1 200 OK
Content-Type: application/json; charset=utf-8
cache-control: no-cache
content-length: 38

12:30:55.335 [AsyncHttpClient-1-2] DEBUG org.asynchttpclient.netty.channel.ChannelManager - Adding key: http://localhost:63061 for channel [id: 0x1ee33d92, L:/127.0.0.1:59951 - R:localhost/127.0.0.1:63061]
12:30:55.358 [AsyncHttpClient-1-1] DEBUG org.asynchttpclient.netty.channel.DefaultChannelPool - Entry count for : http://localhost:63061 : 1
12:30:55.358 [AsyncHttpClient-1-1] DEBUG org.asynchttpclient.netty.channel.DefaultChannelPool - Entry count for : http://localhost:59952 : 1
12:30:55.375 [Test worker] DEBUG net.serenitybdd.core.photography.Darkroom - Opening darkroom
12:30:55.377 [Darkroom Processing Line] DEBUG net.serenitybdd.core.photography.DarkroomProcessingLine - Darkroom processing line starting up
12:30:55.393 [Forwarding getCurrentWindowHandle on session 282807fdde94d5d47600cbbc12fa34b9 to remote] DEBUG org.asynchttpclient.netty.request.NettyRequestSender - Using pooled Channel '[id: 0x1ee33d92, L:/127.0.0.1:59951 - R:localhost/127.0.0.1:63061]' for 'GET' to 'http://localhost:63061/session/282807fdde94d5d47600cbbc12fa34b9/window'
12:30:55.394 [Forwarding getCurrentWindowHandle on session 282807fdde94d5d47600cbbc12fa34b9 to remote] DEBUG org.asynchttpclient.netty.request.NettyRequestSender - Using open Channel [id: 0x1ee33d92, L:/127.0.0.1:59951 - R:localhost/127.0.0.1:63061] for GET '/session/282807fdde94d5d47600cbbc12fa34b9/window'
12:30:55.395 [AsyncHttpClient-1-2] DEBUG org.asynchttpclient.netty.handler.HttpHandler - 

Request DefaultFullHttpRequest(decodeResult: success, version: HTTP/1.1, content: EmptyByteBufBE)
GET /session/282807fdde94d5d47600cbbc12fa34b9/window HTTP/1.1
User-Agent: selenium/4.4.0 (java windows)
Cache-Control: no-cache
Content-Type: application/json; charset=utf-8
host: localhost:63061
accept: */*

Response DefaultHttpResponse(decodeResult: success, version: HTTP/1.1)
HTTP/1.1 200 OK
Content-Type: application/json; charset=utf-8
cache-control: no-cache
content-length: 53

12:30:55.395 [AsyncHttpClient-1-2] DEBUG org.asynchttpclient.netty.channel.ChannelManager - Adding key: http://localhost:63061 for channel [id: 0x1ee33d92, L:/127.0.0.1:59951 - R:localhost/127.0.0.1:63061]
12:30:55.403 [Forwarding getAlertText on session 282807fdde94d5d47600cbbc12fa34b9 to remote] DEBUG org.asynchttpclient.netty.request.NettyRequestSender - Using pooled Channel '[id: 0x1ee33d92, L:/127.0.0.1:59951 - R:localhost/127.0.0.1:63061]' for 'GET' to 'http://localhost:63061/session/282807fdde94d5d47600cbbc12fa34b9/alert/text'
12:30:55.404 [Forwarding getAlertText on session 282807fdde94d5d47600cbbc12fa34b9 to remote] DEBUG org.asynchttpclient.netty.request.NettyRequestSender - Using open Channel [id: 0x1ee33d92, L:/127.0.0.1:59951 - R:localhost/127.0.0.1:63061] for GET '/session/282807fdde94d5d47600cbbc12fa34b9/alert/text'
12:30:55.406 [AsyncHttpClient-1-2] DEBUG org.asynchttpclient.netty.handler.HttpHandler - 

Request DefaultFullHttpRequest(decodeResult: success, version: HTTP/1.1, content: EmptyByteBufBE)
GET /session/282807fdde94d5d47600cbbc12fa34b9/alert/text HTTP/1.1
User-Agent: selenium/4.4.0 (java windows)
Cache-Control: no-cache
Content-Type: application/json; charset=utf-8
host: localhost:63061
accept: */*

Response DefaultHttpResponse(decodeResult: success, version: HTTP/1.1)
HTTP/1.1 404 Not Found
Content-Type: application/json; charset=utf-8
cache-control: no-cache
content-length: 879

12:30:55.407 [AsyncHttpClient-1-2] DEBUG org.asynchttpclient.netty.channel.ChannelManager - Adding key: http://localhost:63061 for channel [id: 0x1ee33d92, L:/127.0.0.1:59951 - R:localhost/127.0.0.1:63061]
12:30:55.420 [Forwarding switchToWindow on session 282807fdde94d5d47600cbbc12fa34b9 to remote] DEBUG org.asynchttpclient.netty.request.NettyRequestSender - Using pooled Channel '[id: 0x1ee33d92, L:/127.0.0.1:59951 - R:localhost/127.0.0.1:63061]' for 'POST' to 'http://localhost:63061/session/282807fdde94d5d47600cbbc12fa34b9/window'
12:30:55.421 [Forwarding switchToWindow on session 282807fdde94d5d47600cbbc12fa34b9 to remote] DEBUG org.asynchttpclient.netty.request.NettyRequestSender - Using open Channel [id: 0x1ee33d92, L:/127.0.0.1:59951 - R:localhost/127.0.0.1:63061] for POST '/session/282807fdde94d5d47600cbbc12fa34b9/window'
12:30:55.428 [AsyncHttpClient-1-2] DEBUG org.asynchttpclient.netty.handler.HttpHandler - 

Request DefaultHttpRequest(decodeResult: success, version: HTTP/1.1)
POST /session/282807fdde94d5d47600cbbc12fa34b9/window HTTP/1.1
User-Agent: selenium/4.4.0 (java windows)
Content-Length: 59
Content-Type: application/json; charset=utf-8
host: localhost:63061
accept: */*

Response DefaultHttpResponse(decodeResult: success, version: HTTP/1.1)
HTTP/1.1 200 OK
Content-Type: application/json; charset=utf-8
cache-control: no-cache
content-length: 14

12:30:55.429 [AsyncHttpClient-1-2] DEBUG org.asynchttpclient.netty.channel.ChannelManager - Adding key: http://localhost:63061 for channel [id: 0x1ee33d92, L:/127.0.0.1:59951 - R:localhost/127.0.0.1:63061]
12:30:55.432 [Forwarding getCurrentUrl on session 282807fdde94d5d47600cbbc12fa34b9 to remote] DEBUG org.asynchttpclient.netty.request.NettyRequestSender - Using pooled Channel '[id: 0x1ee33d92, L:/127.0.0.1:59951 - R:localhost/127.0.0.1:63061]' for 'GET' to 'http://localhost:63061/session/282807fdde94d5d47600cbbc12fa34b9/url'
12:30:55.432 [Forwarding getCurrentUrl on session 282807fdde94d5d47600cbbc12fa34b9 to remote] DEBUG org.asynchttpclient.netty.request.NettyRequestSender - Using open Channel [id: 0x1ee33d92, L:/127.0.0.1:59951 - R:localhost/127.0.0.1:63061] for GET '/session/282807fdde94d5d47600cbbc12fa34b9/url'
12:30:55.438 [AsyncHttpClient-1-2] DEBUG org.asynchttpclient.netty.handler.HttpHandler - 

Request DefaultFullHttpRequest(decodeResult: success, version: HTTP/1.1, content: EmptyByteBufBE)
GET /session/282807fdde94d5d47600cbbc12fa34b9/url HTTP/1.1
User-Agent: selenium/4.4.0 (java windows)
Cache-Control: no-cache
Content-Type: application/json; charset=utf-8
host: localhost:63061
accept: */*

Response DefaultHttpResponse(decodeResult: success, version: HTTP/1.1)
HTTP/1.1 200 OK
Content-Type: application/json; charset=utf-8
cache-control: no-cache
content-length: 38

12:30:55.439 [AsyncHttpClient-1-2] DEBUG org.asynchttpclient.netty.channel.ChannelManager - Adding key: http://localhost:63061 for channel [id: 0x1ee33d92, L:/127.0.0.1:59951 - R:localhost/127.0.0.1:63061]
12:30:55.442 [Forwarding screenshot on session 282807fdde94d5d47600cbbc12fa34b9 to remote] DEBUG org.asynchttpclient.netty.request.NettyRequestSender - Using pooled Channel '[id: 0x1ee33d92, L:/127.0.0.1:59951 - R:localhost/127.0.0.1:63061]' for 'GET' to 'http://localhost:63061/session/282807fdde94d5d47600cbbc12fa34b9/screenshot'
12:30:55.442 [Forwarding screenshot on session 282807fdde94d5d47600cbbc12fa34b9 to remote] DEBUG org.asynchttpclient.netty.request.NettyRequestSender - Using open Channel [id: 0x1ee33d92, L:/127.0.0.1:59951 - R:localhost/127.0.0.1:63061] for GET '/session/282807fdde94d5d47600cbbc12fa34b9/screenshot'
12:30:55.548 [AsyncHttpClient-1-2] DEBUG org.asynchttpclient.netty.handler.HttpHandler - 

Request DefaultFullHttpRequest(decodeResult: success, version: HTTP/1.1, content: EmptyByteBufBE)
GET /session/282807fdde94d5d47600cbbc12fa34b9/screenshot HTTP/1.1
User-Agent: selenium/4.4.0 (java windows)
Cache-Control: no-cache
Content-Type: application/json; charset=utf-8
host: localhost:63061
accept: */*

Response DefaultHttpResponse(decodeResult: success, version: HTTP/1.1)
HTTP/1.1 200 OK
Content-Type: application/json; charset=utf-8
cache-control: no-cache
content-length: 59108

12:30:55.550 [AsyncHttpClient-1-2] DEBUG org.asynchttpclient.netty.channel.ChannelManager - Adding key: http://localhost:63061 for channel [id: 0x1ee33d92, L:/127.0.0.1:59951 - R:localhost/127.0.0.1:63061]
12:30:55.622 [Test worker] DEBUG net.serenitybdd.core.photography.Darkroom - Send negative for processing for C:\Users\juan.gomezv\IdeaProjects\sura\target\site\serenity\60e3c498caf7a8fcf635471a5092c247627e1395d91e12246eaf1a3e7a34e095.png
12:30:55.623 [Darkroom Processing Line] DEBUG net.serenitybdd.core.photography.DarkroomProcessingLine - Processing screenshot image in /var/screenshots/screenshot-7435537033767320997
12:30:55.623 [Darkroom Processing Line] DEBUG net.serenitybdd.core.photography.DarkroomProcessingLine - Saving screenshot to C:\Users\juan.gomezv\IdeaProjects\sura\target\site\serenity\60e3c498caf7a8fcf635471a5092c247627e1395d91e12246eaf1a3e7a34e095.png
12:30:55.625 [Test worker] DEBUG net.thucydides.core.steps.StepInterceptor - STEP DONE: {0} opens the #targetPageName
12:30:55.648 [Test worker] DEBUG net.thucydides.core.steps.StepInterceptor - STEP DONE: {0} abre la aplicación
  ?[32mDado ?[0m?[32m?[0m?[32m?[1mAna?[0m?[32m quiere consultar articulos deportivos en la web de la marca Swag?[0m   ?[90m# sura.stepDefinitions.LoginSteps.quiereConsultarArticulosDeportivosEnLaWebDeLaMarcaSwag(net.serenitybdd.screenplay.Actor)?[0m
12:30:55.698 [Forwarding getCurrentWindowHandle on session 282807fdde94d5d47600cbbc12fa34b9 to remote] DEBUG org.asynchttpclient.netty.request.NettyRequestSender - Using pooled Channel '[id: 0x1ee33d92, L:/127.0.0.1:59951 - R:localhost/127.0.0.1:63061]' for 'GET' to 'http://localhost:63061/session/282807fdde94d5d47600cbbc12fa34b9/window'
12:30:55.698 [Forwarding getCurrentWindowHandle on session 282807fdde94d5d47600cbbc12fa34b9 to remote] DEBUG org.asynchttpclient.netty.request.NettyRequestSender - Using open Channel [id: 0x1ee33d92, L:/127.0.0.1:59951 - R:localhost/127.0.0.1:63061] for GET '/session/282807fdde94d5d47600cbbc12fa34b9/window'
12:30:55.700 [AsyncHttpClient-1-2] DEBUG org.asynchttpclient.netty.handler.HttpHandler - 

Request DefaultFullHttpRequest(decodeResult: success, version: HTTP/1.1, content: EmptyByteBufBE)
GET /session/282807fdde94d5d47600cbbc12fa34b9/window HTTP/1.1
User-Agent: selenium/4.4.0 (java windows)
Cache-Control: no-cache
Content-Type: application/json; charset=utf-8
host: localhost:63061
accept: */*

Response DefaultHttpResponse(decodeResult: success, version: HTTP/1.1)
HTTP/1.1 200 OK
Content-Type: application/json; charset=utf-8
cache-control: no-cache
content-length: 53

12:30:55.701 [AsyncHttpClient-1-2] DEBUG org.asynchttpclient.netty.channel.ChannelManager - Adding key: http://localhost:63061 for channel [id: 0x1ee33d92, L:/127.0.0.1:59951 - R:localhost/127.0.0.1:63061]
12:30:55.707 [Forwarding getAlertText on session 282807fdde94d5d47600cbbc12fa34b9 to remote] DEBUG org.asynchttpclient.netty.request.NettyRequestSender - Using pooled Channel '[id: 0x1ee33d92, L:/127.0.0.1:59951 - R:localhost/127.0.0.1:63061]' for 'GET' to 'http://localhost:63061/session/282807fdde94d5d47600cbbc12fa34b9/alert/text'
12:30:55.707 [Forwarding getAlertText on session 282807fdde94d5d47600cbbc12fa34b9 to remote] DEBUG org.asynchttpclient.netty.request.NettyRequestSender - Using open Channel [id: 0x1ee33d92, L:/127.0.0.1:59951 - R:localhost/127.0.0.1:63061] for GET '/session/282807fdde94d5d47600cbbc12fa34b9/alert/text'
12:30:55.710 [AsyncHttpClient-1-2] DEBUG org.asynchttpclient.netty.handler.HttpHandler - 

Request DefaultFullHttpRequest(decodeResult: success, version: HTTP/1.1, content: EmptyByteBufBE)
GET /session/282807fdde94d5d47600cbbc12fa34b9/alert/text HTTP/1.1
User-Agent: selenium/4.4.0 (java windows)
Cache-Control: no-cache
Content-Type: application/json; charset=utf-8
host: localhost:63061
accept: */*

Response DefaultHttpResponse(decodeResult: success, version: HTTP/1.1)
HTTP/1.1 404 Not Found
Content-Type: application/json; charset=utf-8
cache-control: no-cache
content-length: 879

12:30:55.710 [AsyncHttpClient-1-2] DEBUG org.asynchttpclient.netty.channel.ChannelManager - Adding key: http://localhost:63061 for channel [id: 0x1ee33d92, L:/127.0.0.1:59951 - R:localhost/127.0.0.1:63061]
12:30:55.719 [Forwarding switchToWindow on session 282807fdde94d5d47600cbbc12fa34b9 to remote] DEBUG org.asynchttpclient.netty.request.NettyRequestSender - Using pooled Channel '[id: 0x1ee33d92, L:/127.0.0.1:59951 - R:localhost/127.0.0.1:63061]' for 'POST' to 'http://localhost:63061/session/282807fdde94d5d47600cbbc12fa34b9/window'
12:30:55.719 [Forwarding switchToWindow on session 282807fdde94d5d47600cbbc12fa34b9 to remote] DEBUG org.asynchttpclient.netty.request.NettyRequestSender - Using open Channel [id: 0x1ee33d92, L:/127.0.0.1:59951 - R:localhost/127.0.0.1:63061] for POST '/session/282807fdde94d5d47600cbbc12fa34b9/window'
12:30:55.723 [AsyncHttpClient-1-2] DEBUG org.asynchttpclient.netty.handler.HttpHandler - 

Request DefaultHttpRequest(decodeResult: success, version: HTTP/1.1)
POST /session/282807fdde94d5d47600cbbc12fa34b9/window HTTP/1.1
User-Agent: selenium/4.4.0 (java windows)
Content-Length: 59
Content-Type: application/json; charset=utf-8
host: localhost:63061
accept: */*

Response DefaultHttpResponse(decodeResult: success, version: HTTP/1.1)
HTTP/1.1 200 OK
Content-Type: application/json; charset=utf-8
cache-control: no-cache
content-length: 14

12:30:55.724 [AsyncHttpClient-1-2] DEBUG org.asynchttpclient.netty.channel.ChannelManager - Adding key: http://localhost:63061 for channel [id: 0x1ee33d92, L:/127.0.0.1:59951 - R:localhost/127.0.0.1:63061]
12:30:55.726 [Forwarding getCurrentUrl on session 282807fdde94d5d47600cbbc12fa34b9 to remote] DEBUG org.asynchttpclient.netty.request.NettyRequestSender - Using pooled Channel '[id: 0x1ee33d92, L:/127.0.0.1:59951 - R:localhost/127.0.0.1:63061]' for 'GET' to 'http://localhost:63061/session/282807fdde94d5d47600cbbc12fa34b9/url'
12:30:55.726 [Forwarding getCurrentUrl on session 282807fdde94d5d47600cbbc12fa34b9 to remote] DEBUG org.asynchttpclient.netty.request.NettyRequestSender - Using open Channel [id: 0x1ee33d92, L:/127.0.0.1:59951 - R:localhost/127.0.0.1:63061] for GET '/session/282807fdde94d5d47600cbbc12fa34b9/url'
12:30:55.729 [AsyncHttpClient-1-2] DEBUG org.asynchttpclient.netty.handler.HttpHandler - 

Request DefaultFullHttpRequest(decodeResult: success, version: HTTP/1.1, content: EmptyByteBufBE)
GET /session/282807fdde94d5d47600cbbc12fa34b9/url HTTP/1.1
User-Agent: selenium/4.4.0 (java windows)
Cache-Control: no-cache
Content-Type: application/json; charset=utf-8
host: localhost:63061
accept: */*

Response DefaultHttpResponse(decodeResult: success, version: HTTP/1.1)
HTTP/1.1 200 OK
Content-Type: application/json; charset=utf-8
cache-control: no-cache
content-length: 38

12:30:55.730 [AsyncHttpClient-1-2] DEBUG org.asynchttpclient.netty.channel.ChannelManager - Adding key: http://localhost:63061 for channel [id: 0x1ee33d92, L:/127.0.0.1:59951 - R:localhost/127.0.0.1:63061]
12:30:55.732 [Forwarding screenshot on session 282807fdde94d5d47600cbbc12fa34b9 to remote] DEBUG org.asynchttpclient.netty.request.NettyRequestSender - Using pooled Channel '[id: 0x1ee33d92, L:/127.0.0.1:59951 - R:localhost/127.0.0.1:63061]' for 'GET' to 'http://localhost:63061/session/282807fdde94d5d47600cbbc12fa34b9/screenshot'
12:30:55.732 [Forwarding screenshot on session 282807fdde94d5d47600cbbc12fa34b9 to remote] DEBUG org.asynchttpclient.netty.request.NettyRequestSender - Using open Channel [id: 0x1ee33d92, L:/127.0.0.1:59951 - R:localhost/127.0.0.1:63061] for GET '/session/282807fdde94d5d47600cbbc12fa34b9/screenshot'
12:30:55.827 [AsyncHttpClient-1-2] DEBUG org.asynchttpclient.netty.handler.HttpHandler - 

Request DefaultFullHttpRequest(decodeResult: success, version: HTTP/1.1, content: EmptyByteBufBE)
GET /session/282807fdde94d5d47600cbbc12fa34b9/screenshot HTTP/1.1
User-Agent: selenium/4.4.0 (java windows)
Cache-Control: no-cache
Content-Type: application/json; charset=utf-8
host: localhost:63061
accept: */*

Response DefaultHttpResponse(decodeResult: success, version: HTTP/1.1)
HTTP/1.1 200 OK
Content-Type: application/json; charset=utf-8
cache-control: no-cache
content-length: 59108

12:30:55.828 [AsyncHttpClient-1-2] DEBUG org.asynchttpclient.netty.channel.ChannelManager - Adding key: http://localhost:63061 for channel [id: 0x1ee33d92, L:/127.0.0.1:59951 - R:localhost/127.0.0.1:63061]
12:30:55.834 [Test worker] DEBUG net.serenitybdd.core.photography.Darkroom - Send negative for processing for C:\Users\juan.gomezv\IdeaProjects\sura\target\site\serenity\60e3c498caf7a8fcf635471a5092c247627e1395d91e12246eaf1a3e7a34e095.png
12:30:55.842 [Forwarding getPageSource on session 282807fdde94d5d47600cbbc12fa34b9 to remote] DEBUG org.asynchttpclient.netty.request.NettyRequestSender - Using pooled Channel '[id: 0x1ee33d92, L:/127.0.0.1:59951 - R:localhost/127.0.0.1:63061]' for 'POST' to 'http://localhost:63061/session/282807fdde94d5d47600cbbc12fa34b9/execute/sync'
12:30:55.843 [Forwarding getPageSource on session 282807fdde94d5d47600cbbc12fa34b9 to remote] DEBUG org.asynchttpclient.netty.request.NettyRequestSender - Using open Channel [id: 0x1ee33d92, L:/127.0.0.1:59951 - R:localhost/127.0.0.1:63061] for POST '/session/282807fdde94d5d47600cbbc12fa34b9/execute/sync'
12:30:55.852 [AsyncHttpClient-1-2] DEBUG org.asynchttpclient.netty.handler.HttpHandler - 

Request DefaultHttpRequest(decodeResult: success, version: HTTP/1.1)
POST /session/282807fdde94d5d47600cbbc12fa34b9/execute/sync HTTP/1.1
User-Agent: selenium/4.4.0 (java windows)
Content-Length: 176
Content-Type: application/json; charset=utf-8
host: localhost:63061
accept: */*

Response DefaultHttpResponse(decodeResult: success, version: HTTP/1.1)
HTTP/1.1 200 OK
Content-Type: application/json; charset=utf-8
cache-control: no-cache
content-length: 4160

12:30:55.853 [AsyncHttpClient-1-2] DEBUG org.asynchttpclient.netty.channel.ChannelManager - Adding key: http://localhost:63061 for channel [id: 0x1ee33d92, L:/127.0.0.1:59951 - R:localhost/127.0.0.1:63061]
12:30:55.919 [Forwarding getCurrentUrl on session 282807fdde94d5d47600cbbc12fa34b9 to remote] DEBUG org.asynchttpclient.netty.request.NettyRequestSender - Using pooled Channel '[id: 0x1ee33d92, L:/127.0.0.1:59951 - R:localhost/127.0.0.1:63061]' for 'GET' to 'http://localhost:63061/session/282807fdde94d5d47600cbbc12fa34b9/url'
12:30:55.919 [Forwarding getCurrentUrl on session 282807fdde94d5d47600cbbc12fa34b9 to remote] DEBUG org.asynchttpclient.netty.request.NettyRequestSender - Using open Channel [id: 0x1ee33d92, L:/127.0.0.1:59951 - R:localhost/127.0.0.1:63061] for GET '/session/282807fdde94d5d47600cbbc12fa34b9/url'
12:30:55.922 [AsyncHttpClient-1-2] DEBUG org.asynchttpclient.netty.handler.HttpHandler - 

Request DefaultFullHttpRequest(decodeResult: success, version: HTTP/1.1, content: EmptyByteBufBE)
GET /session/282807fdde94d5d47600cbbc12fa34b9/url HTTP/1.1
User-Agent: selenium/4.4.0 (java windows)
Cache-Control: no-cache
Content-Type: application/json; charset=utf-8
host: localhost:63061
accept: */*

Response DefaultHttpResponse(decodeResult: success, version: HTTP/1.1)
HTTP/1.1 200 OK
Content-Type: application/json; charset=utf-8
cache-control: no-cache
content-length: 38

12:30:55.922 [AsyncHttpClient-1-2] DEBUG org.asynchttpclient.netty.channel.ChannelManager - Adding key: http://localhost:63061 for channel [id: 0x1ee33d92, L:/127.0.0.1:59951 - R:localhost/127.0.0.1:63061]
12:30:55.958 [Forwarding getCurrentWindowHandle on session 282807fdde94d5d47600cbbc12fa34b9 to remote] DEBUG org.asynchttpclient.netty.request.NettyRequestSender - Using pooled Channel '[id: 0x1ee33d92, L:/127.0.0.1:59951 - R:localhost/127.0.0.1:63061]' for 'GET' to 'http://localhost:63061/session/282807fdde94d5d47600cbbc12fa34b9/window'
12:30:55.958 [Forwarding getCurrentWindowHandle on session 282807fdde94d5d47600cbbc12fa34b9 to remote] DEBUG org.asynchttpclient.netty.request.NettyRequestSender - Using open Channel [id: 0x1ee33d92, L:/127.0.0.1:59951 - R:localhost/127.0.0.1:63061] for GET '/session/282807fdde94d5d47600cbbc12fa34b9/window'
12:30:55.959 [AsyncHttpClient-1-2] DEBUG org.asynchttpclient.netty.handler.HttpHandler - 

Request DefaultFullHttpRequest(decodeResult: success, version: HTTP/1.1, content: EmptyByteBufBE)
GET /session/282807fdde94d5d47600cbbc12fa34b9/window HTTP/1.1
User-Agent: selenium/4.4.0 (java windows)
Cache-Control: no-cache
Content-Type: application/json; charset=utf-8
host: localhost:63061
accept: */*

Response DefaultHttpResponse(decodeResult: success, version: HTTP/1.1)
HTTP/1.1 200 OK
Content-Type: application/json; charset=utf-8
cache-control: no-cache
content-length: 53

12:30:55.959 [AsyncHttpClient-1-2] DEBUG org.asynchttpclient.netty.channel.ChannelManager - Adding key: http://localhost:63061 for channel [id: 0x1ee33d92, L:/127.0.0.1:59951 - R:localhost/127.0.0.1:63061]
12:30:55.964 [Forwarding getAlertText on session 282807fdde94d5d47600cbbc12fa34b9 to remote] DEBUG org.asynchttpclient.netty.request.NettyRequestSender - Using pooled Channel '[id: 0x1ee33d92, L:/127.0.0.1:59951 - R:localhost/127.0.0.1:63061]' for 'GET' to 'http://localhost:63061/session/282807fdde94d5d47600cbbc12fa34b9/alert/text'
12:30:55.964 [Forwarding getAlertText on session 282807fdde94d5d47600cbbc12fa34b9 to remote] DEBUG org.asynchttpclient.netty.request.NettyRequestSender - Using open Channel [id: 0x1ee33d92, L:/127.0.0.1:59951 - R:localhost/127.0.0.1:63061] for GET '/session/282807fdde94d5d47600cbbc12fa34b9/alert/text'
12:30:55.967 [AsyncHttpClient-1-2] DEBUG org.asynchttpclient.netty.handler.HttpHandler - 

Request DefaultFullHttpRequest(decodeResult: success, version: HTTP/1.1, content: EmptyByteBufBE)
GET /session/282807fdde94d5d47600cbbc12fa34b9/alert/text HTTP/1.1
User-Agent: selenium/4.4.0 (java windows)
Cache-Control: no-cache
Content-Type: application/json; charset=utf-8
host: localhost:63061
accept: */*

Response DefaultHttpResponse(decodeResult: success, version: HTTP/1.1)
HTTP/1.1 404 Not Found
Content-Type: application/json; charset=utf-8
cache-control: no-cache
content-length: 879

12:30:55.967 [AsyncHttpClient-1-2] DEBUG org.asynchttpclient.netty.channel.ChannelManager - Adding key: http://localhost:63061 for channel [id: 0x1ee33d92, L:/127.0.0.1:59951 - R:localhost/127.0.0.1:63061]
12:30:55.974 [Forwarding switchToWindow on session 282807fdde94d5d47600cbbc12fa34b9 to remote] DEBUG org.asynchttpclient.netty.request.NettyRequestSender - Using pooled Channel '[id: 0x1ee33d92, L:/127.0.0.1:59951 - R:localhost/127.0.0.1:63061]' for 'POST' to 'http://localhost:63061/session/282807fdde94d5d47600cbbc12fa34b9/window'
12:30:55.974 [Forwarding switchToWindow on session 282807fdde94d5d47600cbbc12fa34b9 to remote] DEBUG org.asynchttpclient.netty.request.NettyRequestSender - Using open Channel [id: 0x1ee33d92, L:/127.0.0.1:59951 - R:localhost/127.0.0.1:63061] for POST '/session/282807fdde94d5d47600cbbc12fa34b9/window'
12:30:55.977 [AsyncHttpClient-1-2] DEBUG org.asynchttpclient.netty.handler.HttpHandler - 

Request DefaultHttpRequest(decodeResult: success, version: HTTP/1.1)
POST /session/282807fdde94d5d47600cbbc12fa34b9/window HTTP/1.1
User-Agent: selenium/4.4.0 (java windows)
Content-Length: 59
Content-Type: application/json; charset=utf-8
host: localhost:63061
accept: */*

Response DefaultHttpResponse(decodeResult: success, version: HTTP/1.1)
HTTP/1.1 200 OK
Content-Type: application/json; charset=utf-8
cache-control: no-cache
content-length: 14

12:30:55.977 [AsyncHttpClient-1-2] DEBUG org.asynchttpclient.netty.channel.ChannelManager - Adding key: http://localhost:63061 for channel [id: 0x1ee33d92, L:/127.0.0.1:59951 - R:localhost/127.0.0.1:63061]
12:30:55.978 [Forwarding getCurrentUrl on session 282807fdde94d5d47600cbbc12fa34b9 to remote] DEBUG org.asynchttpclient.netty.request.NettyRequestSender - Using pooled Channel '[id: 0x1ee33d92, L:/127.0.0.1:59951 - R:localhost/127.0.0.1:63061]' for 'GET' to 'http://localhost:63061/session/282807fdde94d5d47600cbbc12fa34b9/url'
12:30:55.978 [Forwarding getCurrentUrl on session 282807fdde94d5d47600cbbc12fa34b9 to remote] DEBUG org.asynchttpclient.netty.request.NettyRequestSender - Using open Channel [id: 0x1ee33d92, L:/127.0.0.1:59951 - R:localhost/127.0.0.1:63061] for GET '/session/282807fdde94d5d47600cbbc12fa34b9/url'
12:30:55.981 [AsyncHttpClient-1-2] DEBUG org.asynchttpclient.netty.handler.HttpHandler - 

Request DefaultFullHttpRequest(decodeResult: success, version: HTTP/1.1, content: EmptyByteBufBE)
GET /session/282807fdde94d5d47600cbbc12fa34b9/url HTTP/1.1
User-Agent: selenium/4.4.0 (java windows)
Cache-Control: no-cache
Content-Type: application/json; charset=utf-8
host: localhost:63061
accept: */*

Response DefaultHttpResponse(decodeResult: success, version: HTTP/1.1)
HTTP/1.1 200 OK
Content-Type: application/json; charset=utf-8
cache-control: no-cache
content-length: 38

12:30:55.981 [AsyncHttpClient-1-2] DEBUG org.asynchttpclient.netty.channel.ChannelManager - Adding key: http://localhost:63061 for channel [id: 0x1ee33d92, L:/127.0.0.1:59951 - R:localhost/127.0.0.1:63061]
12:30:55.983 [Forwarding screenshot on session 282807fdde94d5d47600cbbc12fa34b9 to remote] DEBUG org.asynchttpclient.netty.request.NettyRequestSender - Using pooled Channel '[id: 0x1ee33d92, L:/127.0.0.1:59951 - R:localhost/127.0.0.1:63061]' for 'GET' to 'http://localhost:63061/session/282807fdde94d5d47600cbbc12fa34b9/screenshot'
12:30:55.983 [Forwarding screenshot on session 282807fdde94d5d47600cbbc12fa34b9 to remote] DEBUG org.asynchttpclient.netty.request.NettyRequestSender - Using open Channel [id: 0x1ee33d92, L:/127.0.0.1:59951 - R:localhost/127.0.0.1:63061] for GET '/session/282807fdde94d5d47600cbbc12fa34b9/screenshot'
12:30:56.057 [AsyncHttpClient-1-2] DEBUG org.asynchttpclient.netty.handler.HttpHandler - 

Request DefaultFullHttpRequest(decodeResult: success, version: HTTP/1.1, content: EmptyByteBufBE)
GET /session/282807fdde94d5d47600cbbc12fa34b9/screenshot HTTP/1.1
User-Agent: selenium/4.4.0 (java windows)
Cache-Control: no-cache
Content-Type: application/json; charset=utf-8
host: localhost:63061
accept: */*

Response DefaultHttpResponse(decodeResult: success, version: HTTP/1.1)
HTTP/1.1 200 OK
Content-Type: application/json; charset=utf-8
cache-control: no-cache
content-length: 59108

12:30:56.057 [AsyncHttpClient-1-2] DEBUG org.asynchttpclient.netty.channel.ChannelManager - Adding key: http://localhost:63061 for channel [id: 0x1ee33d92, L:/127.0.0.1:59951 - R:localhost/127.0.0.1:63061]
12:30:56.059 [Test worker] DEBUG net.serenitybdd.core.photography.Darkroom - Send negative for processing for C:\Users\juan.gomezv\IdeaProjects\sura\target\site\serenity\60e3c498caf7a8fcf635471a5092c247627e1395d91e12246eaf1a3e7a34e095.png
12:30:56.065 [Forwarding getPageSource on session 282807fdde94d5d47600cbbc12fa34b9 to remote] DEBUG org.asynchttpclient.netty.request.NettyRequestSender - Using pooled Channel '[id: 0x1ee33d92, L:/127.0.0.1:59951 - R:localhost/127.0.0.1:63061]' for 'POST' to 'http://localhost:63061/session/282807fdde94d5d47600cbbc12fa34b9/execute/sync'
12:30:56.065 [Forwarding getPageSource on session 282807fdde94d5d47600cbbc12fa34b9 to remote] DEBUG org.asynchttpclient.netty.request.NettyRequestSender - Using open Channel [id: 0x1ee33d92, L:/127.0.0.1:59951 - R:localhost/127.0.0.1:63061] for POST '/session/282807fdde94d5d47600cbbc12fa34b9/execute/sync'
12:30:56.070 [AsyncHttpClient-1-2] DEBUG org.asynchttpclient.netty.handler.HttpHandler - 

Request DefaultHttpRequest(decodeResult: success, version: HTTP/1.1)
POST /session/282807fdde94d5d47600cbbc12fa34b9/execute/sync HTTP/1.1
User-Agent: selenium/4.4.0 (java windows)
Content-Length: 176
Content-Type: application/json; charset=utf-8
host: localhost:63061
accept: */*

Response DefaultHttpResponse(decodeResult: success, version: HTTP/1.1)
HTTP/1.1 200 OK
Content-Type: application/json; charset=utf-8
cache-control: no-cache
content-length: 4160

12:30:56.071 [AsyncHttpClient-1-2] DEBUG org.asynchttpclient.netty.channel.ChannelManager - Adding key: http://localhost:63061 for channel [id: 0x1ee33d92, L:/127.0.0.1:59951 - R:localhost/127.0.0.1:63061]
12:30:56.073 [Forwarding getCurrentUrl on session 282807fdde94d5d47600cbbc12fa34b9 to remote] DEBUG org.asynchttpclient.netty.request.NettyRequestSender - Using pooled Channel '[id: 0x1ee33d92, L:/127.0.0.1:59951 - R:localhost/127.0.0.1:63061]' for 'GET' to 'http://localhost:63061/session/282807fdde94d5d47600cbbc12fa34b9/url'
12:30:56.073 [Forwarding getCurrentUrl on session 282807fdde94d5d47600cbbc12fa34b9 to remote] DEBUG org.asynchttpclient.netty.request.NettyRequestSender - Using open Channel [id: 0x1ee33d92, L:/127.0.0.1:59951 - R:localhost/127.0.0.1:63061] for GET '/session/282807fdde94d5d47600cbbc12fa34b9/url'
12:30:56.076 [AsyncHttpClient-1-2] DEBUG org.asynchttpclient.netty.handler.HttpHandler - 

Request DefaultFullHttpRequest(decodeResult: success, version: HTTP/1.1, content: EmptyByteBufBE)
GET /session/282807fdde94d5d47600cbbc12fa34b9/url HTTP/1.1
User-Agent: selenium/4.4.0 (java windows)
Cache-Control: no-cache
Content-Type: application/json; charset=utf-8
host: localhost:63061
accept: */*

Response DefaultHttpResponse(decodeResult: success, version: HTTP/1.1)
HTTP/1.1 200 OK
Content-Type: application/json; charset=utf-8
cache-control: no-cache
content-length: 38

12:30:56.076 [AsyncHttpClient-1-2] DEBUG org.asynchttpclient.netty.channel.ChannelManager - Adding key: http://localhost:63061 for channel [id: 0x1ee33d92, L:/127.0.0.1:59951 - R:localhost/127.0.0.1:63061]
12:30:56.078 [Test worker] DEBUG net.thucydides.core.steps.StepInterceptor - STARTING STEP: LoginSteps.elSeAutenticaComoUnUsuario - performAs
12:30:56.130 [Forwarding getCurrentWindowHandle on session 282807fdde94d5d47600cbbc12fa34b9 to remote] DEBUG org.asynchttpclient.netty.request.NettyRequestSender - Using pooled Channel '[id: 0x1ee33d92, L:/127.0.0.1:59951 - R:localhost/127.0.0.1:63061]' for 'GET' to 'http://localhost:63061/session/282807fdde94d5d47600cbbc12fa34b9/window'
12:30:56.131 [Forwarding getCurrentWindowHandle on session 282807fdde94d5d47600cbbc12fa34b9 to remote] DEBUG org.asynchttpclient.netty.request.NettyRequestSender - Using open Channel [id: 0x1ee33d92, L:/127.0.0.1:59951 - R:localhost/127.0.0.1:63061] for GET '/session/282807fdde94d5d47600cbbc12fa34b9/window'
12:30:56.132 [AsyncHttpClient-1-2] DEBUG org.asynchttpclient.netty.handler.HttpHandler - 

Request DefaultFullHttpRequest(decodeResult: success, version: HTTP/1.1, content: EmptyByteBufBE)
GET /session/282807fdde94d5d47600cbbc12fa34b9/window HTTP/1.1
User-Agent: selenium/4.4.0 (java windows)
Cache-Control: no-cache
Content-Type: application/json; charset=utf-8
host: localhost:63061
accept: */*

Response DefaultHttpResponse(decodeResult: success, version: HTTP/1.1)
HTTP/1.1 200 OK
Content-Type: application/json; charset=utf-8
cache-control: no-cache
content-length: 53

12:30:56.133 [AsyncHttpClient-1-2] DEBUG org.asynchttpclient.netty.channel.ChannelManager - Adding key: http://localhost:63061 for channel [id: 0x1ee33d92, L:/127.0.0.1:59951 - R:localhost/127.0.0.1:63061]
12:30:56.141 [Forwarding getAlertText on session 282807fdde94d5d47600cbbc12fa34b9 to remote] DEBUG org.asynchttpclient.netty.request.NettyRequestSender - Using pooled Channel '[id: 0x1ee33d92, L:/127.0.0.1:59951 - R:localhost/127.0.0.1:63061]' for 'GET' to 'http://localhost:63061/session/282807fdde94d5d47600cbbc12fa34b9/alert/text'
12:30:56.141 [Forwarding getAlertText on session 282807fdde94d5d47600cbbc12fa34b9 to remote] DEBUG org.asynchttpclient.netty.request.NettyRequestSender - Using open Channel [id: 0x1ee33d92, L:/127.0.0.1:59951 - R:localhost/127.0.0.1:63061] for GET '/session/282807fdde94d5d47600cbbc12fa34b9/alert/text'
12:30:56.143 [AsyncHttpClient-1-2] DEBUG org.asynchttpclient.netty.handler.HttpHandler - 

Request DefaultFullHttpRequest(decodeResult: success, version: HTTP/1.1, content: EmptyByteBufBE)
GET /session/282807fdde94d5d47600cbbc12fa34b9/alert/text HTTP/1.1
User-Agent: selenium/4.4.0 (java windows)
Cache-Control: no-cache
Content-Type: application/json; charset=utf-8
host: localhost:63061
accept: */*

Response DefaultHttpResponse(decodeResult: success, version: HTTP/1.1)
HTTP/1.1 404 Not Found
Content-Type: application/json; charset=utf-8
cache-control: no-cache
content-length: 879

12:30:56.143 [AsyncHttpClient-1-2] DEBUG org.asynchttpclient.netty.channel.ChannelManager - Adding key: http://localhost:63061 for channel [id: 0x1ee33d92, L:/127.0.0.1:59951 - R:localhost/127.0.0.1:63061]
12:30:56.147 [Forwarding switchToWindow on session 282807fdde94d5d47600cbbc12fa34b9 to remote] DEBUG org.asynchttpclient.netty.request.NettyRequestSender - Using pooled Channel '[id: 0x1ee33d92, L:/127.0.0.1:59951 - R:localhost/127.0.0.1:63061]' for 'POST' to 'http://localhost:63061/session/282807fdde94d5d47600cbbc12fa34b9/window'
12:30:56.147 [Forwarding switchToWindow on session 282807fdde94d5d47600cbbc12fa34b9 to remote] DEBUG org.asynchttpclient.netty.request.NettyRequestSender - Using open Channel [id: 0x1ee33d92, L:/127.0.0.1:59951 - R:localhost/127.0.0.1:63061] for POST '/session/282807fdde94d5d47600cbbc12fa34b9/window'
12:30:56.152 [AsyncHttpClient-1-2] DEBUG org.asynchttpclient.netty.handler.HttpHandler - 

Request DefaultHttpRequest(decodeResult: success, version: HTTP/1.1)
POST /session/282807fdde94d5d47600cbbc12fa34b9/window HTTP/1.1
User-Agent: selenium/4.4.0 (java windows)
Content-Length: 59
Content-Type: application/json; charset=utf-8
host: localhost:63061
accept: */*

Response DefaultHttpResponse(decodeResult: success, version: HTTP/1.1)
HTTP/1.1 200 OK
Content-Type: application/json; charset=utf-8
cache-control: no-cache
content-length: 14

12:30:56.152 [AsyncHttpClient-1-2] DEBUG org.asynchttpclient.netty.channel.ChannelManager - Adding key: http://localhost:63061 for channel [id: 0x1ee33d92, L:/127.0.0.1:59951 - R:localhost/127.0.0.1:63061]
12:30:56.153 [Forwarding getCurrentUrl on session 282807fdde94d5d47600cbbc12fa34b9 to remote] DEBUG org.asynchttpclient.netty.request.NettyRequestSender - Using pooled Channel '[id: 0x1ee33d92, L:/127.0.0.1:59951 - R:localhost/127.0.0.1:63061]' for 'GET' to 'http://localhost:63061/session/282807fdde94d5d47600cbbc12fa34b9/url'
12:30:56.153 [Forwarding getCurrentUrl on session 282807fdde94d5d47600cbbc12fa34b9 to remote] DEBUG org.asynchttpclient.netty.request.NettyRequestSender - Using open Channel [id: 0x1ee33d92, L:/127.0.0.1:59951 - R:localhost/127.0.0.1:63061] for GET '/session/282807fdde94d5d47600cbbc12fa34b9/url'
12:30:56.157 [AsyncHttpClient-1-2] DEBUG org.asynchttpclient.netty.handler.HttpHandler - 

Request DefaultFullHttpRequest(decodeResult: success, version: HTTP/1.1, content: EmptyByteBufBE)
GET /session/282807fdde94d5d47600cbbc12fa34b9/url HTTP/1.1
User-Agent: selenium/4.4.0 (java windows)
Cache-Control: no-cache
Content-Type: application/json; charset=utf-8
host: localhost:63061
accept: */*

Response DefaultHttpResponse(decodeResult: success, version: HTTP/1.1)
HTTP/1.1 200 OK
Content-Type: application/json; charset=utf-8
cache-control: no-cache
content-length: 38

12:30:56.157 [AsyncHttpClient-1-2] DEBUG org.asynchttpclient.netty.channel.ChannelManager - Adding key: http://localhost:63061 for channel [id: 0x1ee33d92, L:/127.0.0.1:59951 - R:localhost/127.0.0.1:63061]
12:30:56.158 [Forwarding screenshot on session 282807fdde94d5d47600cbbc12fa34b9 to remote] DEBUG org.asynchttpclient.netty.request.NettyRequestSender - Using pooled Channel '[id: 0x1ee33d92, L:/127.0.0.1:59951 - R:localhost/127.0.0.1:63061]' for 'GET' to 'http://localhost:63061/session/282807fdde94d5d47600cbbc12fa34b9/screenshot'
12:30:56.158 [Forwarding screenshot on session 282807fdde94d5d47600cbbc12fa34b9 to remote] DEBUG org.asynchttpclient.netty.request.NettyRequestSender - Using open Channel [id: 0x1ee33d92, L:/127.0.0.1:59951 - R:localhost/127.0.0.1:63061] for GET '/session/282807fdde94d5d47600cbbc12fa34b9/screenshot'
12:30:56.263 [AsyncHttpClient-1-2] DEBUG org.asynchttpclient.netty.handler.HttpHandler - 

Request DefaultFullHttpRequest(decodeResult: success, version: HTTP/1.1, content: EmptyByteBufBE)
GET /session/282807fdde94d5d47600cbbc12fa34b9/screenshot HTTP/1.1
User-Agent: selenium/4.4.0 (java windows)
Cache-Control: no-cache
Content-Type: application/json; charset=utf-8
host: localhost:63061
accept: */*

Response DefaultHttpResponse(decodeResult: success, version: HTTP/1.1)
HTTP/1.1 200 OK
Content-Type: application/json; charset=utf-8
cache-control: no-cache
content-length: 59108

12:30:56.264 [AsyncHttpClient-1-2] DEBUG org.asynchttpclient.netty.channel.ChannelManager - Adding key: http://localhost:63061 for channel [id: 0x1ee33d92, L:/127.0.0.1:59951 - R:localhost/127.0.0.1:63061]
12:30:56.268 [Test worker] DEBUG net.serenitybdd.core.photography.Darkroom - Send negative for processing for C:\Users\juan.gomezv\IdeaProjects\sura\target\site\serenity\60e3c498caf7a8fcf635471a5092c247627e1395d91e12246eaf1a3e7a34e095.png
12:30:56.274 [Forwarding getPageSource on session 282807fdde94d5d47600cbbc12fa34b9 to remote] DEBUG org.asynchttpclient.netty.request.NettyRequestSender - Using pooled Channel '[id: 0x1ee33d92, L:/127.0.0.1:59951 - R:localhost/127.0.0.1:63061]' for 'POST' to 'http://localhost:63061/session/282807fdde94d5d47600cbbc12fa34b9/execute/sync'
12:30:56.274 [Forwarding getPageSource on session 282807fdde94d5d47600cbbc12fa34b9 to remote] DEBUG org.asynchttpclient.netty.request.NettyRequestSender - Using open Channel [id: 0x1ee33d92, L:/127.0.0.1:59951 - R:localhost/127.0.0.1:63061] for POST '/session/282807fdde94d5d47600cbbc12fa34b9/execute/sync'
12:30:56.279 [AsyncHttpClient-1-2] DEBUG org.asynchttpclient.netty.handler.HttpHandler - 

Request DefaultHttpRequest(decodeResult: success, version: HTTP/1.1)
POST /session/282807fdde94d5d47600cbbc12fa34b9/execute/sync HTTP/1.1
User-Agent: selenium/4.4.0 (java windows)
Content-Length: 176
Content-Type: application/json; charset=utf-8
host: localhost:63061
accept: */*

Response DefaultHttpResponse(decodeResult: success, version: HTTP/1.1)
HTTP/1.1 200 OK
Content-Type: application/json; charset=utf-8
cache-control: no-cache
content-length: 4160

12:30:56.279 [AsyncHttpClient-1-2] DEBUG org.asynchttpclient.netty.channel.ChannelManager - Adding key: http://localhost:63061 for channel [id: 0x1ee33d92, L:/127.0.0.1:59951 - R:localhost/127.0.0.1:63061]
12:30:56.283 [Forwarding getCurrentUrl on session 282807fdde94d5d47600cbbc12fa34b9 to remote] DEBUG org.asynchttpclient.netty.request.NettyRequestSender - Using pooled Channel '[id: 0x1ee33d92, L:/127.0.0.1:59951 - R:localhost/127.0.0.1:63061]' for 'GET' to 'http://localhost:63061/session/282807fdde94d5d47600cbbc12fa34b9/url'
12:30:56.283 [Forwarding getCurrentUrl on session 282807fdde94d5d47600cbbc12fa34b9 to remote] DEBUG org.asynchttpclient.netty.request.NettyRequestSender - Using open Channel [id: 0x1ee33d92, L:/127.0.0.1:59951 - R:localhost/127.0.0.1:63061] for GET '/session/282807fdde94d5d47600cbbc12fa34b9/url'
12:30:56.288 [AsyncHttpClient-1-2] DEBUG org.asynchttpclient.netty.handler.HttpHandler - 

Request DefaultFullHttpRequest(decodeResult: success, version: HTTP/1.1, content: EmptyByteBufBE)
GET /session/282807fdde94d5d47600cbbc12fa34b9/url HTTP/1.1
User-Agent: selenium/4.4.0 (java windows)
Cache-Control: no-cache
Content-Type: application/json; charset=utf-8
host: localhost:63061
accept: */*

Response DefaultHttpResponse(decodeResult: success, version: HTTP/1.1)
HTTP/1.1 200 OK
Content-Type: application/json; charset=utf-8
cache-control: no-cache
content-length: 38

12:30:56.288 [AsyncHttpClient-1-2] DEBUG org.asynchttpclient.netty.channel.ChannelManager - Adding key: http://localhost:63061 for channel [id: 0x1ee33d92, L:/127.0.0.1:59951 - R:localhost/127.0.0.1:63061]
12:30:56.291 [Test worker] DEBUG net.thucydides.core.steps.StepInterceptor - STARTING STEP: LogIn.performAs - {0} enters #theTextAsAString into #target
12:30:56.342 [Test worker] DEBUG net.serenitybdd.screenplay.targets.IFrameSwitcher - default content already selected for usernameTextBox
12:30:56.371 [Forwarding findElement on session 282807fdde94d5d47600cbbc12fa34b9 to remote] DEBUG org.asynchttpclient.netty.request.NettyRequestSender - Using pooled Channel '[id: 0x1ee33d92, L:/127.0.0.1:59951 - R:localhost/127.0.0.1:63061]' for 'POST' to 'http://localhost:63061/session/282807fdde94d5d47600cbbc12fa34b9/element'
12:30:56.371 [Forwarding findElement on session 282807fdde94d5d47600cbbc12fa34b9 to remote] DEBUG org.asynchttpclient.netty.request.NettyRequestSender - Using open Channel [id: 0x1ee33d92, L:/127.0.0.1:59951 - R:localhost/127.0.0.1:63061] for POST '/session/282807fdde94d5d47600cbbc12fa34b9/element'
12:30:56.379 [AsyncHttpClient-1-2] DEBUG org.asynchttpclient.netty.handler.HttpHandler - 

Request DefaultHttpRequest(decodeResult: success, version: HTTP/1.1)
POST /session/282807fdde94d5d47600cbbc12fa34b9/element HTTP/1.1
User-Agent: selenium/4.4.0 (java windows)
Content-Length: 67
Content-Type: application/json; charset=utf-8
host: localhost:63061
accept: */*

Response DefaultHttpResponse(decodeResult: success, version: HTTP/1.1)
HTTP/1.1 200 OK
Content-Type: application/json; charset=utf-8
cache-control: no-cache
content-length: 88

12:30:56.380 [AsyncHttpClient-1-2] DEBUG org.asynchttpclient.netty.channel.ChannelManager - Adding key: http://localhost:63061 for channel [id: 0x1ee33d92, L:/127.0.0.1:59951 - R:localhost/127.0.0.1:63061]
12:30:56.382 [Forwarding clearElement on session 282807fdde94d5d47600cbbc12fa34b9 to remote] DEBUG org.asynchttpclient.netty.request.NettyRequestSender - Using pooled Channel '[id: 0x1ee33d92, L:/127.0.0.1:59951 - R:localhost/127.0.0.1:63061]' for 'POST' to 'http://localhost:63061/session/282807fdde94d5d47600cbbc12fa34b9/element/acadf4fe-e72b-4d3d-8910-b8f60a429573/clear'
12:30:56.382 [Forwarding clearElement on session 282807fdde94d5d47600cbbc12fa34b9 to remote] DEBUG org.asynchttpclient.netty.request.NettyRequestSender - Using open Channel [id: 0x1ee33d92, L:/127.0.0.1:59951 - R:localhost/127.0.0.1:63061] for POST '/session/282807fdde94d5d47600cbbc12fa34b9/element/acadf4fe-e72b-4d3d-8910-b8f60a429573/clear'
12:30:56.406 [AsyncHttpClient-1-2] DEBUG org.asynchttpclient.netty.handler.HttpHandler - 

Request DefaultHttpRequest(decodeResult: success, version: HTTP/1.1)
POST /session/282807fdde94d5d47600cbbc12fa34b9/element/acadf4fe-e72b-4d3d-8910-b8f60a429573/clear HTTP/1.1
User-Agent: selenium/4.4.0 (java windows)
Content-Length: 50
Content-Type: application/json; charset=utf-8
host: localhost:63061
accept: */*

Response DefaultHttpResponse(decodeResult: success, version: HTTP/1.1)
HTTP/1.1 200 OK
Content-Type: application/json; charset=utf-8
cache-control: no-cache
content-length: 14

12:30:56.406 [AsyncHttpClient-1-2] DEBUG org.asynchttpclient.netty.channel.ChannelManager - Adding key: http://localhost:63061 for channel [id: 0x1ee33d92, L:/127.0.0.1:59951 - R:localhost/127.0.0.1:63061]
12:30:56.411 [Forwarding sendKeysToElement on session 282807fdde94d5d47600cbbc12fa34b9 to remote] DEBUG org.asynchttpclient.netty.request.NettyRequestSender - Using pooled Channel '[id: 0x1ee33d92, L:/127.0.0.1:59951 - R:localhost/127.0.0.1:63061]' for 'POST' to 'http://localhost:63061/session/282807fdde94d5d47600cbbc12fa34b9/element/acadf4fe-e72b-4d3d-8910-b8f60a429573/value'
12:30:56.411 [Forwarding sendKeysToElement on session 282807fdde94d5d47600cbbc12fa34b9 to remote] DEBUG org.asynchttpclient.netty.request.NettyRequestSender - Using open Channel [id: 0x1ee33d92, L:/127.0.0.1:59951 - R:localhost/127.0.0.1:63061] for POST '/session/282807fdde94d5d47600cbbc12fa34b9/element/acadf4fe-e72b-4d3d-8910-b8f60a429573/value'
12:30:56.444 [AsyncHttpClient-1-1] DEBUG org.asynchttpclient.netty.channel.DefaultChannelPool - Entry count for : http://localhost:59952 : 1
12:30:56.465 [AsyncHttpClient-1-2] DEBUG org.asynchttpclient.netty.handler.HttpHandler - 

Request DefaultHttpRequest(decodeResult: success, version: HTTP/1.1)
POST /session/282807fdde94d5d47600cbbc12fa34b9/element/acadf4fe-e72b-4d3d-8910-b8f60a429573/value HTTP/1.1
User-Agent: selenium/4.4.0 (java windows)
Content-Length: 231
Content-Type: application/json; charset=utf-8
host: localhost:63061
accept: */*

Response DefaultHttpResponse(decodeResult: success, version: HTTP/1.1)
HTTP/1.1 200 OK
Content-Type: application/json; charset=utf-8
cache-control: no-cache
content-length: 14

12:30:56.466 [AsyncHttpClient-1-2] DEBUG org.asynchttpclient.netty.channel.ChannelManager - Adding key: http://localhost:63061 for channel [id: 0x1ee33d92, L:/127.0.0.1:59951 - R:localhost/127.0.0.1:63061]
12:30:56.486 [Forwarding getCurrentWindowHandle on session 282807fdde94d5d47600cbbc12fa34b9 to remote] DEBUG org.asynchttpclient.netty.request.NettyRequestSender - Using pooled Channel '[id: 0x1ee33d92, L:/127.0.0.1:59951 - R:localhost/127.0.0.1:63061]' for 'GET' to 'http://localhost:63061/session/282807fdde94d5d47600cbbc12fa34b9/window'
12:30:56.487 [Forwarding getCurrentWindowHandle on session 282807fdde94d5d47600cbbc12fa34b9 to remote] DEBUG org.asynchttpclient.netty.request.NettyRequestSender - Using open Channel [id: 0x1ee33d92, L:/127.0.0.1:59951 - R:localhost/127.0.0.1:63061] for GET '/session/282807fdde94d5d47600cbbc12fa34b9/window'
12:30:56.488 [AsyncHttpClient-1-2] DEBUG org.asynchttpclient.netty.handler.HttpHandler - 

Request DefaultFullHttpRequest(decodeResult: success, version: HTTP/1.1, content: EmptyByteBufBE)
GET /session/282807fdde94d5d47600cbbc12fa34b9/window HTTP/1.1
User-Agent: selenium/4.4.0 (java windows)
Cache-Control: no-cache
Content-Type: application/json; charset=utf-8
host: localhost:63061
accept: */*

Response DefaultHttpResponse(decodeResult: success, version: HTTP/1.1)
HTTP/1.1 200 OK
Content-Type: application/json; charset=utf-8
cache-control: no-cache
content-length: 53

12:30:56.488 [AsyncHttpClient-1-2] DEBUG org.asynchttpclient.netty.channel.ChannelManager - Adding key: http://localhost:63061 for channel [id: 0x1ee33d92, L:/127.0.0.1:59951 - R:localhost/127.0.0.1:63061]
12:30:56.492 [Forwarding getAlertText on session 282807fdde94d5d47600cbbc12fa34b9 to remote] DEBUG org.asynchttpclient.netty.request.NettyRequestSender - Using pooled Channel '[id: 0x1ee33d92, L:/127.0.0.1:59951 - R:localhost/127.0.0.1:63061]' for 'GET' to 'http://localhost:63061/session/282807fdde94d5d47600cbbc12fa34b9/alert/text'
12:30:56.492 [Forwarding getAlertText on session 282807fdde94d5d47600cbbc12fa34b9 to remote] DEBUG org.asynchttpclient.netty.request.NettyRequestSender - Using open Channel [id: 0x1ee33d92, L:/127.0.0.1:59951 - R:localhost/127.0.0.1:63061] for GET '/session/282807fdde94d5d47600cbbc12fa34b9/alert/text'
12:30:56.495 [AsyncHttpClient-1-2] DEBUG org.asynchttpclient.netty.handler.HttpHandler - 

Request DefaultFullHttpRequest(decodeResult: success, version: HTTP/1.1, content: EmptyByteBufBE)
GET /session/282807fdde94d5d47600cbbc12fa34b9/alert/text HTTP/1.1
User-Agent: selenium/4.4.0 (java windows)
Cache-Control: no-cache
Content-Type: application/json; charset=utf-8
host: localhost:63061
accept: */*

Response DefaultHttpResponse(decodeResult: success, version: HTTP/1.1)
HTTP/1.1 404 Not Found
Content-Type: application/json; charset=utf-8
cache-control: no-cache
content-length: 879

12:30:56.495 [AsyncHttpClient-1-2] DEBUG org.asynchttpclient.netty.channel.ChannelManager - Adding key: http://localhost:63061 for channel [id: 0x1ee33d92, L:/127.0.0.1:59951 - R:localhost/127.0.0.1:63061]
12:30:56.501 [Forwarding switchToWindow on session 282807fdde94d5d47600cbbc12fa34b9 to remote] DEBUG org.asynchttpclient.netty.request.NettyRequestSender - Using pooled Channel '[id: 0x1ee33d92, L:/127.0.0.1:59951 - R:localhost/127.0.0.1:63061]' for 'POST' to 'http://localhost:63061/session/282807fdde94d5d47600cbbc12fa34b9/window'
12:30:56.501 [Forwarding switchToWindow on session 282807fdde94d5d47600cbbc12fa34b9 to remote] DEBUG org.asynchttpclient.netty.request.NettyRequestSender - Using open Channel [id: 0x1ee33d92, L:/127.0.0.1:59951 - R:localhost/127.0.0.1:63061] for POST '/session/282807fdde94d5d47600cbbc12fa34b9/window'
12:30:56.504 [AsyncHttpClient-1-2] DEBUG org.asynchttpclient.netty.handler.HttpHandler - 

Request DefaultHttpRequest(decodeResult: success, version: HTTP/1.1)
POST /session/282807fdde94d5d47600cbbc12fa34b9/window HTTP/1.1
User-Agent: selenium/4.4.0 (java windows)
Content-Length: 59
Content-Type: application/json; charset=utf-8
host: localhost:63061
accept: */*

Response DefaultHttpResponse(decodeResult: success, version: HTTP/1.1)
HTTP/1.1 200 OK
Content-Type: application/json; charset=utf-8
cache-control: no-cache
content-length: 14

12:30:56.505 [AsyncHttpClient-1-2] DEBUG org.asynchttpclient.netty.channel.ChannelManager - Adding key: http://localhost:63061 for channel [id: 0x1ee33d92, L:/127.0.0.1:59951 - R:localhost/127.0.0.1:63061]
12:30:56.506 [Forwarding getCurrentUrl on session 282807fdde94d5d47600cbbc12fa34b9 to remote] DEBUG org.asynchttpclient.netty.request.NettyRequestSender - Using pooled Channel '[id: 0x1ee33d92, L:/127.0.0.1:59951 - R:localhost/127.0.0.1:63061]' for 'GET' to 'http://localhost:63061/session/282807fdde94d5d47600cbbc12fa34b9/url'
12:30:56.506 [Forwarding getCurrentUrl on session 282807fdde94d5d47600cbbc12fa34b9 to remote] DEBUG org.asynchttpclient.netty.request.NettyRequestSender - Using open Channel [id: 0x1ee33d92, L:/127.0.0.1:59951 - R:localhost/127.0.0.1:63061] for GET '/session/282807fdde94d5d47600cbbc12fa34b9/url'
12:30:56.510 [AsyncHttpClient-1-2] DEBUG org.asynchttpclient.netty.handler.HttpHandler - 

Request DefaultFullHttpRequest(decodeResult: success, version: HTTP/1.1, content: EmptyByteBufBE)
GET /session/282807fdde94d5d47600cbbc12fa34b9/url HTTP/1.1
User-Agent: selenium/4.4.0 (java windows)
Cache-Control: no-cache
Content-Type: application/json; charset=utf-8
host: localhost:63061
accept: */*

Response DefaultHttpResponse(decodeResult: success, version: HTTP/1.1)
HTTP/1.1 200 OK
Content-Type: application/json; charset=utf-8
cache-control: no-cache
content-length: 38

12:30:56.510 [AsyncHttpClient-1-2] DEBUG org.asynchttpclient.netty.channel.ChannelManager - Adding key: http://localhost:63061 for channel [id: 0x1ee33d92, L:/127.0.0.1:59951 - R:localhost/127.0.0.1:63061]
12:30:56.511 [Forwarding screenshot on session 282807fdde94d5d47600cbbc12fa34b9 to remote] DEBUG org.asynchttpclient.netty.request.NettyRequestSender - Using pooled Channel '[id: 0x1ee33d92, L:/127.0.0.1:59951 - R:localhost/127.0.0.1:63061]' for 'GET' to 'http://localhost:63061/session/282807fdde94d5d47600cbbc12fa34b9/screenshot'
12:30:56.511 [Forwarding screenshot on session 282807fdde94d5d47600cbbc12fa34b9 to remote] DEBUG org.asynchttpclient.netty.request.NettyRequestSender - Using open Channel [id: 0x1ee33d92, L:/127.0.0.1:59951 - R:localhost/127.0.0.1:63061] for GET '/session/282807fdde94d5d47600cbbc12fa34b9/screenshot'
12:30:56.583 [AsyncHttpClient-1-2] DEBUG org.asynchttpclient.netty.handler.HttpHandler - 

Request DefaultFullHttpRequest(decodeResult: success, version: HTTP/1.1, content: EmptyByteBufBE)
GET /session/282807fdde94d5d47600cbbc12fa34b9/screenshot HTTP/1.1
User-Agent: selenium/4.4.0 (java windows)
Cache-Control: no-cache
Content-Type: application/json; charset=utf-8
host: localhost:63061
accept: */*

Response DefaultHttpResponse(decodeResult: success, version: HTTP/1.1)
HTTP/1.1 200 OK
Content-Type: application/json; charset=utf-8
cache-control: no-cache
content-length: 60540

12:30:56.585 [AsyncHttpClient-1-2] DEBUG org.asynchttpclient.netty.channel.ChannelManager - Adding key: http://localhost:63061 for channel [id: 0x1ee33d92, L:/127.0.0.1:59951 - R:localhost/127.0.0.1:63061]
12:30:56.587 [Test worker] DEBUG net.serenitybdd.core.photography.Darkroom - Send negative for processing for C:\Users\juan.gomezv\IdeaProjects\sura\target\site\serenity\e2ebf64b6dd9f535ffc7d35683a617db818fad7f9cd4f04e95f1cd04eaaa0d05.png
12:30:56.587 [Test worker] DEBUG net.thucydides.core.steps.StepInterceptor - STEP DONE: {0} enters #theTextAsAString into #target
12:30:56.587 [Darkroom Processing Line] DEBUG net.serenitybdd.core.photography.DarkroomProcessingLine - Processing screenshot image in /var/screenshots/screenshot-555472016757864953
12:30:56.587 [Darkroom Processing Line] DEBUG net.serenitybdd.core.photography.DarkroomProcessingLine - Saving screenshot to C:\Users\juan.gomezv\IdeaProjects\sura\target\site\serenity\e2ebf64b6dd9f535ffc7d35683a617db818fad7f9cd4f04e95f1cd04eaaa0d05.png
12:30:56.606 [Forwarding getPageSource on session 282807fdde94d5d47600cbbc12fa34b9 to remote] DEBUG org.asynchttpclient.netty.request.NettyRequestSender - Using pooled Channel '[id: 0x1ee33d92, L:/127.0.0.1:59951 - R:localhost/127.0.0.1:63061]' for 'POST' to 'http://localhost:63061/session/282807fdde94d5d47600cbbc12fa34b9/execute/sync'
12:30:56.606 [Forwarding getPageSource on session 282807fdde94d5d47600cbbc12fa34b9 to remote] DEBUG org.asynchttpclient.netty.request.NettyRequestSender - Using open Channel [id: 0x1ee33d92, L:/127.0.0.1:59951 - R:localhost/127.0.0.1:63061] for POST '/session/282807fdde94d5d47600cbbc12fa34b9/execute/sync'
12:30:56.611 [AsyncHttpClient-1-2] DEBUG org.asynchttpclient.netty.handler.HttpHandler - 

Request DefaultHttpRequest(decodeResult: success, version: HTTP/1.1)
[...]
content-length: 88

12:31:20.781 [AsyncHttpClient-1-7] DEBUG org.asynchttpclient.netty.channel.ChannelManager - Adding key: http://localhost:63658 for channel [id: 0x2156af3c, L:/127.0.0.1:60116 - R:localhost/127.0.0.1:63658]
12:31:20.781 [Forwarding getElementText on session 2f50deb7d92a224f40cb262adbd033f6 to remote] DEBUG org.asynchttpclient.netty.request.NettyRequestSender - Using pooled Channel '[id: 0x2156af3c, L:/127.0.0.1:60116 - R:localhost/127.0.0.1:63658]' for 'GET' to 'http://localhost:63658/session/2f50deb7d92a224f40cb262adbd033f6/element/f9eeb87c-1983-4972-8f48-cf1f496f2adc/text'
12:31:20.781 [Forwarding getElementText on session 2f50deb7d92a224f40cb262adbd033f6 to remote] DEBUG org.asynchttpclient.netty.request.NettyRequestSender - Using open Channel [id: 0x2156af3c, L:/127.0.0.1:60116 - R:localhost/127.0.0.1:63658] for GET '/session/2f50deb7d92a224f40cb262adbd033f6/element/f9eeb87c-1983-4972-8f48-cf1f496f2adc/text'
12:31:20.793 [AsyncHttpClient-1-7] DEBUG org.asynchttpclient.netty.handler.HttpHandler - 

Request DefaultFullHttpRequest(decodeResult: success, version: HTTP/1.1, content: EmptyByteBufBE)
GET /session/2f50deb7d92a224f40cb262adbd033f6/element/f9eeb87c-1983-4972-8f48-cf1f496f2adc/text HTTP/1.1
User-Agent: selenium/4.4.0 (java windows)
Cache-Control: no-cache
Content-Type: application/json; charset=utf-8
host: localhost:63658
accept: */*

Response DefaultHttpResponse(decodeResult: success, version: HTTP/1.1)
HTTP/1.1 200 OK
Content-Type: application/json; charset=utf-8
cache-control: no-cache
content-length: 46

12:31:20.793 [AsyncHttpClient-1-7] DEBUG org.asynchttpclient.netty.channel.ChannelManager - Adding key: http://localhost:63658 for channel [id: 0x2156af3c, L:/127.0.0.1:60116 - R:localhost/127.0.0.1:63658]
12:31:20.801 [Forwarding getCurrentWindowHandle on session 2f50deb7d92a224f40cb262adbd033f6 to remote] DEBUG org.asynchttpclient.netty.request.NettyRequestSender - Using pooled Channel '[id: 0x2156af3c, L:/127.0.0.1:60116 - R:localhost/127.0.0.1:63658]' for 'GET' to 'http://localhost:63658/session/2f50deb7d92a224f40cb262adbd033f6/window'
12:31:20.801 [Forwarding getCurrentWindowHandle on session 2f50deb7d92a224f40cb262adbd033f6 to remote] DEBUG org.asynchttpclient.netty.request.NettyRequestSender - Using open Channel [id: 0x2156af3c, L:/127.0.0.1:60116 - R:localhost/127.0.0.1:63658] for GET '/session/2f50deb7d92a224f40cb262adbd033f6/window'
12:31:20.802 [AsyncHttpClient-1-7] DEBUG org.asynchttpclient.netty.handler.HttpHandler - 

Request DefaultFullHttpRequest(decodeResult: success, version: HTTP/1.1, content: EmptyByteBufBE)
GET /session/2f50deb7d92a224f40cb262adbd033f6/window HTTP/1.1
User-Agent: selenium/4.4.0 (java windows)
Cache-Control: no-cache
Content-Type: application/json; charset=utf-8
host: localhost:63658
accept: */*

Response DefaultHttpResponse(decodeResult: success, version: HTTP/1.1)
HTTP/1.1 200 OK
Content-Type: application/json; charset=utf-8
cache-control: no-cache
content-length: 53

12:31:20.802 [AsyncHttpClient-1-7] DEBUG org.asynchttpclient.netty.channel.ChannelManager - Adding key: http://localhost:63658 for channel [id: 0x2156af3c, L:/127.0.0.1:60116 - R:localhost/127.0.0.1:63658]
12:31:20.805 [Forwarding getAlertText on session 2f50deb7d92a224f40cb262adbd033f6 to remote] DEBUG org.asynchttpclient.netty.request.NettyRequestSender - Using pooled Channel '[id: 0x2156af3c, L:/127.0.0.1:60116 - R:localhost/127.0.0.1:63658]' for 'GET' to 'http://localhost:63658/session/2f50deb7d92a224f40cb262adbd033f6/alert/text'
12:31:20.805 [Forwarding getAlertText on session 2f50deb7d92a224f40cb262adbd033f6 to remote] DEBUG org.asynchttpclient.netty.request.NettyRequestSender - Using open Channel [id: 0x2156af3c, L:/127.0.0.1:60116 - R:localhost/127.0.0.1:63658] for GET '/session/2f50deb7d92a224f40cb262adbd033f6/alert/text'
12:31:20.807 [AsyncHttpClient-1-7] DEBUG org.asynchttpclient.netty.handler.HttpHandler - 

Request DefaultFullHttpRequest(decodeResult: success, version: HTTP/1.1, content: EmptyByteBufBE)
GET /session/2f50deb7d92a224f40cb262adbd033f6/alert/text HTTP/1.1
User-Agent: selenium/4.4.0 (java windows)
Cache-Control: no-cache
Content-Type: application/json; charset=utf-8
host: localhost:63658
accept: */*

Response DefaultHttpResponse(decodeResult: success, version: HTTP/1.1)
HTTP/1.1 404 Not Found
Content-Type: application/json; charset=utf-8
cache-control: no-cache
content-length: 879

12:31:20.808 [AsyncHttpClient-1-7] DEBUG org.asynchttpclient.netty.channel.ChannelManager - Adding key: http://localhost:63658 for channel [id: 0x2156af3c, L:/127.0.0.1:60116 - R:localhost/127.0.0.1:63658]
12:31:20.810 [Forwarding switchToWindow on session 2f50deb7d92a224f40cb262adbd033f6 to remote] DEBUG org.asynchttpclient.netty.request.NettyRequestSender - Using pooled Channel '[id: 0x2156af3c, L:/127.0.0.1:60116 - R:localhost/127.0.0.1:63658]' for 'POST' to 'http://localhost:63658/session/2f50deb7d92a224f40cb262adbd033f6/window'
12:31:20.810 [Forwarding switchToWindow on session 2f50deb7d92a224f40cb262adbd033f6 to remote] DEBUG org.asynchttpclient.netty.request.NettyRequestSender - Using open Channel [id: 0x2156af3c, L:/127.0.0.1:60116 - R:localhost/127.0.0.1:63658] for POST '/session/2f50deb7d92a224f40cb262adbd033f6/window'
12:31:20.813 [AsyncHttpClient-1-7] DEBUG org.asynchttpclient.netty.handler.HttpHandler - 

Request DefaultHttpRequest(decodeResult: success, version: HTTP/1.1)
POST /session/2f50deb7d92a224f40cb262adbd033f6/window HTTP/1.1
User-Agent: selenium/4.4.0 (java windows)
Content-Length: 59
Content-Type: application/json; charset=utf-8
host: localhost:63658
accept: */*

Response DefaultHttpResponse(decodeResult: success, version: HTTP/1.1)
HTTP/1.1 200 OK
Content-Type: application/json; charset=utf-8
cache-control: no-cache
content-length: 14

12:31:20.813 [AsyncHttpClient-1-7] DEBUG org.asynchttpclient.netty.channel.ChannelManager - Adding key: http://localhost:63658 for channel [id: 0x2156af3c, L:/127.0.0.1:60116 - R:localhost/127.0.0.1:63658]
12:31:20.814 [Forwarding getCurrentUrl on session 2f50deb7d92a224f40cb262adbd033f6 to remote] DEBUG org.asynchttpclient.netty.request.NettyRequestSender - Using pooled Channel '[id: 0x2156af3c, L:/127.0.0.1:60116 - R:localhost/127.0.0.1:63658]' for 'GET' to 'http://localhost:63658/session/2f50deb7d92a224f40cb262adbd033f6/url'
12:31:20.814 [Forwarding getCurrentUrl on session 2f50deb7d92a224f40cb262adbd033f6 to remote] DEBUG org.asynchttpclient.netty.request.NettyRequestSender - Using open Channel [id: 0x2156af3c, L:/127.0.0.1:60116 - R:localhost/127.0.0.1:63658] for GET '/session/2f50deb7d92a224f40cb262adbd033f6/url'
12:31:20.818 [AsyncHttpClient-1-7] DEBUG org.asynchttpclient.netty.handler.HttpHandler - 

Request DefaultFullHttpRequest(decodeResult: success, version: HTTP/1.1, content: EmptyByteBufBE)
GET /session/2f50deb7d92a224f40cb262adbd033f6/url HTTP/1.1
User-Agent: selenium/4.4.0 (java windows)
Cache-Control: no-cache
Content-Type: application/json; charset=utf-8
host: localhost:63658
accept: */*

Response DefaultHttpResponse(decodeResult: success, version: HTTP/1.1)
HTTP/1.1 200 OK
Content-Type: application/json; charset=utf-8
cache-control: no-cache
content-length: 38

12:31:20.818 [AsyncHttpClient-1-7] DEBUG org.asynchttpclient.netty.channel.ChannelManager - Adding key: http://localhost:63658 for channel [id: 0x2156af3c, L:/127.0.0.1:60116 - R:localhost/127.0.0.1:63658]
12:31:20.819 [Forwarding screenshot on session 2f50deb7d92a224f40cb262adbd033f6 to remote] DEBUG org.asynchttpclient.netty.request.NettyRequestSender - Using pooled Channel '[id: 0x2156af3c, L:/127.0.0.1:60116 - R:localhost/127.0.0.1:63658]' for 'GET' to 'http://localhost:63658/session/2f50deb7d92a224f40cb262adbd033f6/screenshot'
12:31:20.819 [Forwarding screenshot on session 2f50deb7d92a224f40cb262adbd033f6 to remote] DEBUG org.asynchttpclient.netty.request.NettyRequestSender - Using open Channel [id: 0x2156af3c, L:/127.0.0.1:60116 - R:localhost/127.0.0.1:63658] for GET '/session/2f50deb7d92a224f40cb262adbd033f6/screenshot'
12:31:20.887 [AsyncHttpClient-1-7] DEBUG org.asynchttpclient.netty.handler.HttpHandler - 

Request DefaultFullHttpRequest(decodeResult: success, version: HTTP/1.1, content: EmptyByteBufBE)
GET /session/2f50deb7d92a224f40cb262adbd033f6/screenshot HTTP/1.1
User-Agent: selenium/4.4.0 (java windows)
Cache-Control: no-cache
Content-Type: application/json; charset=utf-8
host: localhost:63658
accept: */*

Response DefaultHttpResponse(decodeResult: success, version: HTTP/1.1)
HTTP/1.1 200 OK
Content-Type: application/json; charset=utf-8
cache-control: no-cache
content-length: 63800

12:31:20.887 [AsyncHttpClient-1-7] DEBUG org.asynchttpclient.netty.channel.ChannelManager - Adding key: http://localhost:63658 for channel [id: 0x2156af3c, L:/127.0.0.1:60116 - R:localhost/127.0.0.1:63658]
12:31:20.888 [Test worker] DEBUG net.serenitybdd.core.photography.Darkroom - Send negative for processing for C:\Users\juan.gomezv\IdeaProjects\sura\target\site\serenity\904335eef0827b613c708bbe46df8c0a12fd3b5ed19c38292f1253c91d7b4430.png
12:31:20.888 [Test worker] DEBUG net.thucydides.core.steps.StepInterceptor - STEP DONE: {0} should see #description
  ?[32mEntonces ?[0m?[32ma ?[0m?[32m?[1mAna?[0m?[32m se le deniega el ingreso mostrando el mensaje ?[0m?[32m?[1m"Epic sadface"?[0m ?[90m# sura.stepDefinitions.LoginSteps.laAplicacionDenegaIngresoMostrandoMensaje(net.serenitybdd.screenplay.Actor,java.lang.String)?[0m
12:31:20.900 [AsyncHttpClient-1-9] DEBUG org.asynchttpclient.netty.handler.WebSocketHandler - Channel Closed: [id: 0x09d835d7, L:/127.0.0.1:60124 ! R:localhost/127.0.0.1:60117] with attribute NettyResponseFuture{currentRetry=0,
	isDone=1,
	isCancelled=0,
	asyncHandler=org.asynchttpclient.ws.WebSocketUpgradeHandler@10bcf3bf,
	nettyRequest=org.asynchttpclient.netty.request.NettyRequest@5b25cb21,
	future=java.util.concurrent.CompletableFuture@41f88d40[Completed normally],
	uri=ws://localhost:60117/devtools/browser/5baabdf9-4299-4ee1-b570-d908e9afba53,
	keepAlive=true,
	redirectCount=0,
	timeoutsHolder=null,
	inAuth=0,
	touch=1664472678907}
12:31:20.900 [Driver Command Executor] DEBUG org.asynchttpclient.netty.request.NettyRequestSender - Using pooled Channel '[id: 0x2156af3c, L:/127.0.0.1:60116 - R:localhost/127.0.0.1:63658]' for 'DELETE' to 'http://localhost:63658/session/2f50deb7d92a224f40cb262adbd033f6'
12:31:20.900 [AsyncHttpClient-1-9] DEBUG org.asynchttpclient.netty.channel.ChannelManager - Closing Channel [id: 0x09d835d7, L:/127.0.0.1:60124 ! R:localhost/127.0.0.1:60117] 
12:31:20.900 [Driver Command Executor] DEBUG org.asynchttpclient.netty.request.NettyRequestSender - Using open Channel [id: 0x2156af3c, L:/127.0.0.1:60116 - R:localhost/127.0.0.1:63658] for DELETE '/session/2f50deb7d92a224f40cb262adbd033f6'
12:31:20.919 [AsyncHttpClient-1-8] DEBUG org.asynchttpclient.netty.handler.HttpHandler - Unexpected I/O exception on channel [id: 0x0aaf9d97, L:/127.0.0.1:60123 - R:localhost/127.0.0.1:60117]
java.net.SocketException: Connection reset
	at java.base/sun.nio.ch.SocketChannelImpl.throwConnectionReset(SocketChannelImpl.java:394)
	at java.base/sun.nio.ch.SocketChannelImpl.read(SocketChannelImpl.java:426)
	at io.netty.buffer.PooledByteBuf.setBytes(PooledByteBuf.java:258)
	at io.netty.buffer.AbstractByteBuf.writeBytes(AbstractByteBuf.java:1132)
	at io.netty.channel.socket.nio.NioSocketChannel.doReadBytes(NioSocketChannel.java:357)
	at io.netty.channel.nio.AbstractNioByteChannel$NioByteUnsafe.read(AbstractNioByteChannel.java:151)
	at io.netty.channel.nio.NioEventLoop.processSelectedKey(NioEventLoop.java:722)
	at io.netty.channel.nio.NioEventLoop.processSelectedKeysOptimized(NioEventLoop.java:658)
	at io.netty.channel.nio.NioEventLoop.processSelectedKeys(NioEventLoop.java:584)
	at io.netty.channel.nio.NioEventLoop.run(NioEventLoop.java:496)
	at io.netty.util.concurrent.SingleThreadEventExecutor$4.run(SingleThreadEventExecutor.java:997)
	at io.netty.util.internal.ThreadExecutorMap$2.run(ThreadExecutorMap.java:74)
	at io.netty.util.concurrent.FastThreadLocalRunnable.run(FastThreadLocalRunnable.java:30)
	at java.base/java.lang.Thread.run(Thread.java:833)
12:31:20.921 [AsyncHttpClient-1-8] DEBUG org.asynchttpclient.netty.channel.ChannelManager - Closing Channel [id: 0x0aaf9d97, L:/127.0.0.1:60123 - R:localhost/127.0.0.1:60117] 
12:31:20.922 [AsyncHttpClient-1-8] DEBUG org.asynchttpclient.netty.handler.HttpHandler - Channel Closed: [id: 0x0aaf9d97, L:/127.0.0.1:60123 ! R:localhost/127.0.0.1:60117] with attribute DISCARD
12:31:20.930 [AsyncHttpClient-1-7] DEBUG org.asynchttpclient.netty.handler.HttpHandler - 

Request DefaultFullHttpRequest(decodeResult: success, version: HTTP/1.1, content: EmptyByteBufBE)
DELETE /session/2f50deb7d92a224f40cb262adbd033f6 HTTP/1.1
User-Agent: selenium/4.4.0 (java windows)
Content-Type: application/json; charset=utf-8
host: localhost:63658
accept: */*

Response DefaultHttpResponse(decodeResult: success, version: HTTP/1.1)
HTTP/1.1 200 OK
Content-Type: application/json; charset=utf-8
cache-control: no-cache
content-length: 14

12:31:20.930 [AsyncHttpClient-1-7] DEBUG org.asynchttpclient.netty.channel.ChannelManager - Adding key: http://localhost:63658 for channel [id: 0x2156af3c, L:/127.0.0.1:60116 - R:localhost/127.0.0.1:63658]
12:31:20.976 [AsyncHttpClient-1-7] DEBUG org.asynchttpclient.netty.handler.HttpHandler - Channel Closed: [id: 0x2156af3c, L:/127.0.0.1:60116 ! R:localhost/127.0.0.1:63658] with attribute DISCARD
]]></system-out>
  <system-err><![CDATA[Starting ChromeDriver 105.0.5195.52 (412c95e518836d8a7d97250d62b29c2ae6a26a85-refs/branch-heads/5195@{#853}) on port 63061
Only local connections are allowed.
Please see https://chromedriver.chromium.org/security-considerations for suggestions on keeping ChromeDriver safe.
ChromeDriver was started successfully.
sep. 29, 2022 12:30:50 P. M. org.openqa.selenium.remote.ProtocolHandshake createSession
INFO: Detected upstream dialect: W3C
sep. 29, 2022 12:30:50 P. M. org.openqa.selenium.devtools.CdpVersionFinder findNearestMatch
WARNING: Unable to find an exact match for CDP version 105, so returning the closest version found: 104
sep. 29, 2022 12:30:50 P. M. org.openqa.selenium.devtools.CdpVersionFinder findNearestMatch
INFO: Found CDP implementation for version 105 of 104
Starting ChromeDriver 105.0.5195.52 (412c95e518836d8a7d97250d62b29c2ae6a26a85-refs/branch-heads/5195@{#853}) on port 53354
Only local connections are allowed.
Please see https://chromedriver.chromium.org/security-considerations for suggestions on keeping ChromeDriver safe.
ChromeDriver was started successfully.
sep. 29, 2022 12:30:58 P. M. org.openqa.selenium.remote.ProtocolHandshake createSession
INFO: Detected upstream dialect: W3C
sep. 29, 2022 12:30:58 P. M. org.openqa.selenium.devtools.CdpVersionFinder findNearestMatch
WARNING: Unable to find an exact match for CDP version 105, so returning the closest version found: 104
sep. 29, 2022 12:30:58 P. M. org.openqa.selenium.devtools.CdpVersionFinder findNearestMatch
INFO: Found CDP implementation for version 105 of 104
Starting ChromeDriver 105.0.5195.52 (412c95e518836d8a7d97250d62b29c2ae6a26a85-refs/branch-heads/5195@{#853}) on port 58482
Only local connections are allowed.
Please see https://chromedriver.chromium.org/security-considerations for suggestions on keeping ChromeDriver safe.
ChromeDriver was started successfully.
sep. 29, 2022 12:31:01 P. M. org.openqa.selenium.remote.ProtocolHandshake createSession
INFO: Detected upstream dialect: W3C
sep. 29, 2022 12:31:01 P. M. org.openqa.selenium.devtools.CdpVersionFinder findNearestMatch
WARNING: Unable to find an exact match for CDP version 105, so returning the closest version found: 104
sep. 29, 2022 12:31:01 P. M. org.openqa.selenium.devtools.CdpVersionFinder findNearestMatch
INFO: Found CDP implementation for version 105 of 104
Starting ChromeDriver 105.0.5195.52 (412c95e518836d8a7d97250d62b29c2ae6a26a85-refs/branch-heads/5195@{#853}) on port 58978
Only local connections are allowed.
Please see https://chromedriver.chromium.org/security-considerations for suggestions on keeping ChromeDriver safe.
ChromeDriver was started successfully.
sep. 29, 2022 12:31:04 P. M. org.openqa.selenium.remote.ProtocolHandshake createSession
INFO: Detected upstream dialect: W3C
sep. 29, 2022 12:31:04 P. M. org.openqa.selenium.devtools.CdpVersionFinder findNearestMatch
WARNING: Unable to find an exact match for CDP version 105, so returning the closest version found: 104
sep. 29, 2022 12:31:04 P. M. org.openqa.selenium.devtools.CdpVersionFinder findNearestMatch
INFO: Found CDP implementation for version 105 of 104
Starting ChromeDriver 105.0.5195.52 (412c95e518836d8a7d97250d62b29c2ae6a26a85-refs/branch-heads/5195@{#853}) on port 62210
Only local connections are allowed.
Please see https://chromedriver.chromium.org/security-considerations for suggestions on keeping ChromeDriver safe.
ChromeDriver was started successfully.
sep. 29, 2022 12:31:06 P. M. org.openqa.selenium.remote.ProtocolHandshake createSession
INFO: Detected upstream dialect: W3C
sep. 29, 2022 12:31:06 P. M. org.openqa.selenium.devtools.CdpVersionFinder findNearestMatch
WARNING: Unable to find an exact match for CDP version 105, so returning the closest version found: 104
sep. 29, 2022 12:31:06 P. M. org.openqa.selenium.devtools.CdpVersionFinder findNearestMatch
INFO: Found CDP implementation for version 105 of 104
Starting ChromeDriver 105.0.5195.52 (412c95e518836d8a7d97250d62b29c2ae6a26a85-refs/branch-heads/5195@{#853}) on port 55048
Only local connections are allowed.
Please see https://chromedriver.chromium.org/security-considerations for suggestions on keeping ChromeDriver safe.
ChromeDriver was started successfully.
sep. 29, 2022 12:31:14 P. M. org.openqa.selenium.remote.ProtocolHandshake createSession
INFO: Detected upstream dialect: W3C
sep. 29, 2022 12:31:14 P. M. org.openqa.selenium.devtools.CdpVersionFinder findNearestMatch
WARNING: Unable to find an exact match for CDP version 105, so returning the closest version found: 104
sep. 29, 2022 12:31:14 P. M. org.openqa.selenium.devtools.CdpVersionFinder findNearestMatch
INFO: Found CDP implementation for version 105 of 104
Starting ChromeDriver 105.0.5195.52 (412c95e518836d8a7d97250d62b29c2ae6a26a85-refs/branch-heads/5195@{#853}) on port 61916
Only local connections are allowed.
Please see https://chromedriver.chromium.org/security-considerations for suggestions on keeping ChromeDriver safe.
ChromeDriver was started successfully.
sep. 29, 2022 12:31:16 P. M. org.openqa.selenium.remote.ProtocolHandshake createSession
INFO: Detected upstream dialect: W3C
sep. 29, 2022 12:31:16 P. M. org.openqa.selenium.devtools.CdpVersionFinder findNearestMatch
WARNING: Unable to find an exact match for CDP version 105, so returning the closest version found: 104
sep. 29, 2022 12:31:16 P. M. org.openqa.selenium.devtools.CdpVersionFinder findNearestMatch
INFO: Found CDP implementation for version 105 of 104
Starting ChromeDriver 105.0.5195.52 (412c95e518836d8a7d97250d62b29c2ae6a26a85-refs/branch-heads/5195@{#853}) on port 63658
Only local connections are allowed.
Please see https://chromedriver.chromium.org/security-considerations for suggestions on keeping ChromeDriver safe.
ChromeDriver was started successfully.
sep. 29, 2022 12:31:18 P. M. org.openqa.selenium.remote.ProtocolHandshake createSession
INFO: Detected upstream dialect: W3C
sep. 29, 2022 12:31:18 P. M. org.openqa.selenium.devtools.CdpVersionFinder findNearestMatch
WARNING: Unable to find an exact match for CDP version 105, so returning the closest version found: 104
sep. 29, 2022 12:31:18 P. M. org.openqa.selenium.devtools.CdpVersionFinder findNearestMatch
INFO: Found CDP implementation for version 105 of 104
]]></system-err>
</testsuite>
